#
# There is insufficient memory for the Java Runtime Environment to continue.
# Native memory allocation (mmap) failed to map 327155712 bytes for G1 virtual space
# Possible reasons:
#   The system is out of physical RAM or swap space
#   The process is running with CompressedOops enabled, and the Java Heap may be blocking the growth of the native heap
# Possible solutions:
#   Reduce memory load on the system
#   Increase physical memory or swap space
#   Check if swap backing store is full
#   Decrease Java heap size (-Xmx/-Xms)
#   Decrease number of Java threads
#   Decrease Java thread stack sizes (-Xss)
#   Set larger code cache with -XX:ReservedCodeCacheSize=
#   JVM is running with Zero Based Compressed Oops mode in which the Java heap is
#     placed in the first 32GB address space. The Java Heap base address is the
#     maximum limit for the native heap growth. Please use -XX:HeapBaseMinAddress
#     to set the Java Heap base and to place the Java Heap above 32GB virtual address.
# This output file may be truncated or incomplete.
#
#  Out of Memory Error (os_windows.cpp:3617), pid=26552, tid=46636
#
# JRE version: OpenJDK Runtime Environment Temurin-17.0.8.1+1 (17.0.8.1+1) (build 17.0.8.1+1)
# Java VM: OpenJDK 64-Bit Server VM Temurin-17.0.8.1+1 (17.0.8.1+1, mixed mode, emulated-client, sharing, tiered, compressed oops, compressed class ptrs, g1 gc, windows-amd64)
# No core dump will be written. Minidumps are not enabled by default on client versions of Windows
#

---------------  S U M M A R Y ------------

Command Line: -XX:TieredStopAtLevel=1 -Dspring.output.ansi.enabled=always -Dcom.sun.management.jmxremote -Dspring.jmx.enabled=true -Dspring.liveBeansView.mbeanDomain -Dspring.application.admin.enabled=true -Dmanagement.endpoints.jmx.exposure.include=* -javaagent:D:\IntelliJ IDEA 2022.3.2\lib\idea_rt.jar=63053:D:\IntelliJ IDEA 2022.3.2\bin -Dfile.encoding=UTF-8 top.lxyi.train.business.config.BusinessApplication

Host: 12th Gen Intel(R) Core(TM) i7-12700H, 20 cores, 15G,  Windows 11 , 64 bit Build 22621 (10.0.22621.2506)
Time: Fri Dec  1 10:09:53 2023  Windows 11 , 64 bit Build 22621 (10.0.22621.2506) elapsed time: 10.184819 seconds (0d 0h 0m 10s)

---------------  T H R E A D  ---------------

Current thread (0x000001e638692ae0):  VMThread "VM Thread" [stack: 0x000000ad5e300000,0x000000ad5e400000] [id=46636]

Stack: [0x000000ad5e300000,0x000000ad5e400000]
Native frames: (J=compiled Java code, j=interpreted, Vv=VM code, C=native code)
V  [jvm.dll+0x678b0a]
V  [jvm.dll+0x835e84]
V  [jvm.dll+0x83762e]
V  [jvm.dll+0x837c93]
V  [jvm.dll+0x24746f]
V  [jvm.dll+0x675859]
V  [jvm.dll+0x66a0ea]
V  [jvm.dll+0x306c7b]
V  [jvm.dll+0x30e166]
V  [jvm.dll+0x35dd3e]
V  [jvm.dll+0x35df6f]
V  [jvm.dll+0x2ddb48]
V  [jvm.dll+0x2dbd0c]
V  [jvm.dll+0x2db2dc]
V  [jvm.dll+0x31f18b]
V  [jvm.dll+0x83c15b]
V  [jvm.dll+0x83ce94]
V  [jvm.dll+0x83d3ac]
V  [jvm.dll+0x83d784]
V  [jvm.dll+0x83d850]
V  [jvm.dll+0x7e64ca]
V  [jvm.dll+0x677955]
C  [ucrtbase.dll+0x29363]
C  [KERNEL32.DLL+0x1257d]
C  [ntdll.dll+0x5aa58]

VM_Operation (0x000000ad5fbfc9d0): G1CollectForAllocation, mode: safepoint, requested by thread 0x000001e67a2274c0


---------------  P R O C E S S  ---------------

Threads class SMR info:
_java_thread_list=0x000001e67ab51fc0, length=75, elements={
0x000001e621370360, 0x000001e638698610, 0x000001e6386993a0, 0x000001e67a08b1e0,
0x000001e67a08bd70, 0x000001e67a08d7b0, 0x000001e67a08e080, 0x000001e67a08e950,
0x000001e67a08f470, 0x000001e67a226590, 0x000001e67a225b70, 0x000001e67a226aa0,
0x000001e67a226fb0, 0x000001e67a226080, 0x000001e67a2274c0, 0x000001e67a2279d0,
0x000001e67a227ee0, 0x000001e67a2283f0, 0x000001e67a228e10, 0x000001e67a229320,
0x000001e6009df840, 0x000001e6009dfd50, 0x000001e6009de910, 0x000001e6009e25d0,
0x000001e6009ddef0, 0x000001e6009dd4d0, 0x000001e6009e0260, 0x000001e6009de400,
0x000001e6009dd9e0, 0x000001e6009dee20, 0x000001e6009e0770, 0x000001e6009dc090,
0x000001e6009dc5a0, 0x000001e6009e1190, 0x000001e6009df330, 0x000001e6009e16a0,
0x000001e6009dcfc0, 0x000001e6009e2ae0, 0x000001e6009e1bb0, 0x000001e6009e20c0,
0x000001e6009e3500, 0x000001e6009e3a10, 0x000001e6009dcab0, 0x000001e67a228900,
0x000001e602001460, 0x000001e602006a70, 0x000001e602005b40, 0x000001e602002390,
0x000001e602006560, 0x000001e602005120, 0x000001e602006f80, 0x000001e602000f50,
0x000001e602006050, 0x000001e6020028a0, 0x000001e602007490, 0x000001e602003ce0,
0x000001e602000a40, 0x000001e602002db0, 0x000001e602001970, 0x000001e602001e80,
0x000001e6020032c0, 0x000001e6020037d0, 0x000001e602004700, 0x000001e602004c10,
0x000001e6020041f0, 0x000001e602005630, 0x000001e602000020, 0x000001e6020079a0,
0x000001e602000530, 0x000001e6021a07b0, 0x000001e6021a0cc0, 0x000001e60219e950,
0x000001e6021a11d0, 0x000001e6021a16e0, 0x000001e60219ee60
}

Java Threads: ( => current thread )
  0x000001e621370360 JavaThread "main" [_thread_blocked, id=35240, stack(0x000000ad5dd00000,0x000000ad5de00000)]
  0x000001e638698610 JavaThread "Reference Handler" daemon [_thread_blocked, id=11028, stack(0x000000ad5e400000,0x000000ad5e500000)]
  0x000001e6386993a0 JavaThread "Finalizer" daemon [_thread_blocked, id=21156, stack(0x000000ad5e500000,0x000000ad5e600000)]
  0x000001e67a08b1e0 JavaThread "Signal Dispatcher" daemon [_thread_blocked, id=41868, stack(0x000000ad5e600000,0x000000ad5e700000)]
  0x000001e67a08bd70 JavaThread "Attach Listener" daemon [_thread_blocked, id=25496, stack(0x000000ad5e700000,0x000000ad5e800000)]
  0x000001e67a08d7b0 JavaThread "Service Thread" daemon [_thread_blocked, id=33056, stack(0x000000ad5e800000,0x000000ad5e900000)]
  0x000001e67a08e080 JavaThread "Monitor Deflation Thread" daemon [_thread_blocked, id=7220, stack(0x000000ad5e900000,0x000000ad5ea00000)]
  0x000001e67a08e950 JavaThread "C1 CompilerThread0" daemon [_thread_blocked, id=41348, stack(0x000000ad5ea00000,0x000000ad5eb00000)]
  0x000001e67a08f470 JavaThread "Sweeper thread" daemon [_thread_blocked, id=29568, stack(0x000000ad5eb00000,0x000000ad5ec00000)]
  0x000001e67a226590 JavaThread "Common-Cleaner" daemon [_thread_blocked, id=45588, stack(0x000000ad5ed00000,0x000000ad5ee00000)]
  0x000001e67a225b70 JavaThread "Monitor Ctrl-Break" daemon [_thread_in_native, id=31416, stack(0x000000ad5f100000,0x000000ad5f200000)]
  0x000001e67a226aa0 JavaThread "Notification Thread" daemon [_thread_blocked, id=24920, stack(0x000000ad5f200000,0x000000ad5f300000)]
  0x000001e67a226fb0 JavaThread "RMI TCP Accept-0" daemon [_thread_in_native, id=35576, stack(0x000000ad5f300000,0x000000ad5f400000)]
  0x000001e67a226080 JavaThread "Thread-0" [_thread_blocked, id=39620, stack(0x000000ad5fa00000,0x000000ad5fb00000)]
  0x000001e67a2274c0 JavaThread "restartedMain" [_thread_blocked, id=19800, stack(0x000000ad5fb00000,0x000000ad5fc00000)]
  0x000001e67a2279d0 JavaThread "RMI TCP Connection(1)-198.18.0.1" daemon [_thread_in_native, id=35488, stack(0x000000ad5fd00000,0x000000ad5fe00000)]
  0x000001e67a227ee0 JavaThread "RMI Scheduler(0)" daemon [_thread_blocked, id=24296, stack(0x000000ad5fe00000,0x000000ad5ff00000)]
  0x000001e67a2283f0 JavaThread "com.alibaba.nacos.client.auth.ram.identify.watcher.0" daemon [_thread_blocked, id=28480, stack(0x000000ad60b00000,0x000000ad60c00000)]
  0x000001e67a228e10 JavaThread "com.alibaba.nacos.client.Worker" daemon [_thread_blocked, id=6268, stack(0x000000ad60c00000,0x000000ad60d00000)]
  0x000001e67a229320 JavaThread "com.alibaba.nacos.client.Worker" daemon [_thread_blocked, id=30648, stack(0x000000ad60d00000,0x000000ad60e00000)]
  0x000001e6009df840 JavaThread "com.alibaba.nacos.client.Worker" daemon [_thread_blocked, id=36892, stack(0x000000ad60e00000,0x000000ad60f00000)]
  0x000001e6009dfd50 JavaThread "nacos.publisher-com.alibaba.nacos.common.notify.SlowEvent" daemon [_thread_blocked, id=29396, stack(0x000000ad5ff00000,0x000000ad60000000)]
  0x000001e6009de910 JavaThread "com.alibaba.nacos.client.remote.worker" daemon [_thread_blocked, id=23072, stack(0x000000ad60f00000,0x000000ad61000000)]
  0x000001e6009e25d0 JavaThread "com.alibaba.nacos.client.remote.worker" daemon [_thread_blocked, id=3736, stack(0x000000ad61000000,0x000000ad61100000)]
  0x000001e6009ddef0 JavaThread "grpc-nio-worker-ELG-1-1" daemon [_thread_in_native, id=24964, stack(0x000000ad61100000,0x000000ad61200000)]
  0x000001e6009dd4d0 JavaThread "grpc-default-executor-0" daemon [_thread_blocked, id=34996, stack(0x000000ad61200000,0x000000ad61300000)]
  0x000001e6009e0260 JavaThread "nacos-grpc-client-executor-127.0.0.1-0" daemon [_thread_blocked, id=2956, stack(0x000000ad61300000,0x000000ad61400000)]
  0x000001e6009de400 JavaThread "nacos-grpc-client-executor-127.0.0.1-1" daemon [_thread_blocked, id=17588, stack(0x000000ad61400000,0x000000ad61500000)]
  0x000001e6009dd9e0 JavaThread "grpc-nio-worker-ELG-1-2" daemon [_thread_in_native, id=14644, stack(0x000000ad61500000,0x000000ad61600000)]
  0x000001e6009dee20 JavaThread "nacos-grpc-client-executor-127.0.0.1-2" daemon [_thread_blocked, id=29580, stack(0x000000ad61700000,0x000000ad61800000)]
  0x000001e6009e0770 JavaThread "nacos-grpc-client-executor-127.0.0.1-3" daemon [_thread_blocked, id=27276, stack(0x000000ad61800000,0x000000ad61900000)]
  0x000001e6009dc090 JavaThread "nacos-grpc-client-executor-127.0.0.1-4" daemon [_thread_blocked, id=43000, stack(0x000000ad61900000,0x000000ad61a00000)]
  0x000001e6009dc5a0 JavaThread "nacos-grpc-client-executor-127.0.0.1-5" daemon [_thread_blocked, id=38568, stack(0x000000ad61a00000,0x000000ad61b00000)]
  0x000001e6009e1190 JavaThread "nacos-grpc-client-executor-127.0.0.1-6" daemon [_thread_blocked, id=13920, stack(0x000000ad61b00000,0x000000ad61c00000)]
  0x000001e6009df330 JavaThread "nacos-grpc-client-executor-127.0.0.1-7" daemon [_thread_blocked, id=13108, stack(0x000000ad61c00000,0x000000ad61d00000)]
  0x000001e6009e16a0 JavaThread "nacos-grpc-client-executor-127.0.0.1-8" daemon [_thread_blocked, id=36640, stack(0x000000ad61d00000,0x000000ad61e00000)]
  0x000001e6009dcfc0 JavaThread "Catalina-utility-1" [_thread_blocked, id=772, stack(0x000000ad61e00000,0x000000ad61f00000)]
  0x000001e6009e2ae0 JavaThread "Catalina-utility-2" [_thread_blocked, id=33004, stack(0x000000ad61f00000,0x000000ad62000000)]
  0x000001e6009e1bb0 JavaThread "container-0" [_thread_blocked, id=4088, stack(0x000000ad62000000,0x000000ad62100000)]
  0x000001e6009e20c0 JavaThread "mysql-cj-abandoned-connection-cleanup" daemon [_thread_blocked, id=32612, stack(0x000000ad62100000,0x000000ad62200000)]
  0x000001e6009e3500 JavaThread "Thread-14" daemon [_thread_in_native, id=18776, stack(0x000000ad62200000,0x000000ad62300000)]
  0x000001e6009e3a10 JavaThread "redisson-netty-2-1" [_thread_in_native, id=46756, stack(0x000000ad62300000,0x000000ad62400000)]
  0x000001e6009dcab0 JavaThread "redisson-netty-2-2" [_thread_in_native, id=30692, stack(0x000000ad62400000,0x000000ad62500000)]
  0x000001e67a228900 JavaThread "redisson-netty-2-3" [_thread_in_native, id=43492, stack(0x000000ad62500000,0x000000ad62600000)]
  0x000001e602001460 JavaThread "redisson-netty-2-4" [_thread_in_native, id=37128, stack(0x000000ad62600000,0x000000ad62700000)]
  0x000001e602006a70 JavaThread "redisson-netty-2-5" [_thread_in_native, id=24260, stack(0x000000ad62700000,0x000000ad62800000)]
  0x000001e602005b40 JavaThread "redisson-timer-4-1" [_thread_blocked, id=39164, stack(0x000000ad62800000,0x000000ad62900000)]
  0x000001e602002390 JavaThread "redisson-netty-2-6" [_thread_in_native, id=15812, stack(0x000000ad62900000,0x000000ad62a00000)]
  0x000001e602006560 JavaThread "redisson-netty-2-8" [_thread_in_native, id=29760, stack(0x000000ad62a00000,0x000000ad62b00000)]
  0x000001e602005120 JavaThread "redisson-netty-2-7" [_thread_in_native, id=26952, stack(0x000000ad62b00000,0x000000ad62c00000)]
  0x000001e602006f80 JavaThread "redisson-netty-2-9" [_thread_in_native, id=22144, stack(0x000000ad62c00000,0x000000ad62d00000)]
  0x000001e602000f50 JavaThread "redisson-netty-2-10" [_thread_in_native, id=20440, stack(0x000000ad62d00000,0x000000ad62e00000)]
  0x000001e602006050 JavaThread "redisson-netty-2-11" [_thread_in_native, id=31796, stack(0x000000ad62e00000,0x000000ad62f00000)]
  0x000001e6020028a0 JavaThread "redisson-netty-2-12" [_thread_in_native, id=47048, stack(0x000000ad62f00000,0x000000ad63000000)]
  0x000001e602007490 JavaThread "redisson-netty-2-13" [_thread_in_native, id=37396, stack(0x000000ad63000000,0x000000ad63100000)]
  0x000001e602003ce0 JavaThread "redisson-netty-2-14" [_thread_in_native, id=14268, stack(0x000000ad63100000,0x000000ad63200000)]
  0x000001e602000a40 JavaThread "redisson-netty-2-15" [_thread_in_native, id=42444, stack(0x000000ad63200000,0x000000ad63300000)]
  0x000001e602002db0 JavaThread "redisson-netty-2-16" [_thread_in_native, id=3384, stack(0x000000ad63300000,0x000000ad63400000)]
  0x000001e602001970 JavaThread "redisson-netty-2-17" [_thread_in_native, id=33472, stack(0x000000ad63400000,0x000000ad63500000)]
  0x000001e602001e80 JavaThread "redisson-netty-2-18" [_thread_in_native, id=32480, stack(0x000000ad63500000,0x000000ad63600000)]
  0x000001e6020032c0 JavaThread "redisson-netty-2-20" [_thread_in_native, id=27476, stack(0x000000ad63600000,0x000000ad63700000)]
  0x000001e6020037d0 JavaThread "redisson-netty-2-19" [_thread_in_native, id=19088, stack(0x000000ad63700000,0x000000ad63800000)]
  0x000001e602004700 JavaThread "redisson-netty-2-21" [_thread_in_native, id=27488, stack(0x000000ad63800000,0x000000ad63900000)]
  0x000001e602004c10 JavaThread "redisson-netty-2-22" [_thread_in_native, id=13548, stack(0x000000ad63900000,0x000000ad63a00000)]
  0x000001e6020041f0 JavaThread "redisson-netty-2-23" [_thread_in_native, id=568, stack(0x000000ad63a00000,0x000000ad63b00000)]
  0x000001e602005630 JavaThread "redisson-netty-2-24" [_thread_in_native, id=7384, stack(0x000000ad63b00000,0x000000ad63c00000)]
  0x000001e602000020 JavaThread "redisson-netty-2-25" [_thread_in_native, id=21596, stack(0x000000ad63c00000,0x000000ad63d00000)]
  0x000001e6020079a0 JavaThread "redisson-netty-2-26" [_thread_in_native, id=10664, stack(0x000000ad63d00000,0x000000ad63e00000)]
  0x000001e602000530 JavaThread "redisson-netty-2-27" [_thread_in_native, id=3212, stack(0x000000ad63e00000,0x000000ad63f00000)]
  0x000001e6021a07b0 JavaThread "redisson-netty-2-28" [_thread_in_native, id=22240, stack(0x000000ad63f00000,0x000000ad64000000)]
  0x000001e6021a0cc0 JavaThread "redisson-netty-2-29" [_thread_in_native, id=11060, stack(0x000000ad64000000,0x000000ad64100000)]
  0x000001e60219e950 JavaThread "redisson-netty-2-30" [_thread_in_native, id=45572, stack(0x000000ad64100000,0x000000ad64200000)]
  0x000001e6021a11d0 JavaThread "redisson-netty-2-31" [_thread_in_native, id=36328, stack(0x000000ad64200000,0x000000ad64300000)]
  0x000001e6021a16e0 JavaThread "redisson-netty-2-32" [_thread_in_native, id=21988, stack(0x000000ad64300000,0x000000ad64400000)]
  0x000001e60219ee60 JavaThread "com.alibaba.nacos.client.Worker" daemon [_thread_blocked, id=34248, stack(0x000000ad64500000,0x000000ad64600000)]

Other Threads:
=>0x000001e638692ae0 VMThread "VM Thread" [stack: 0x000000ad5e300000,0x000000ad5e400000] [id=46636]
  0x000001e67a8cbe70 WatcherThread [stack: 0x000000ad5f400000,0x000000ad5f500000] [id=26564]
  0x000001e6213de570 GCTaskThread "GC Thread#0" [stack: 0x000000ad5de00000,0x000000ad5df00000] [id=47056]
  0x000001e67a9ce820 GCTaskThread "GC Thread#1" [stack: 0x000000ad5f500000,0x000000ad5f600000] [id=9604]
  0x000001e67a9ceae0 GCTaskThread "GC Thread#2" [stack: 0x000000ad5f600000,0x000000ad5f700000] [id=36212]
  0x000001e67a9ceda0 GCTaskThread "GC Thread#3" [stack: 0x000000ad5f700000,0x000000ad5f800000] [id=25372]
  0x000001e67a9cf060 GCTaskThread "GC Thread#4" [stack: 0x000000ad5f800000,0x000000ad5f900000] [id=24500]
  0x000001e6001ae060 GCTaskThread "GC Thread#5" [stack: 0x000000ad5f900000,0x000000ad5fa00000] [id=44988]
  0x000001e6002d8bc0 GCTaskThread "GC Thread#6" [stack: 0x000000ad5fc00000,0x000000ad5fd00000] [id=25484]
  0x000001e6006adff0 GCTaskThread "GC Thread#7" [stack: 0x000000ad60000000,0x000000ad60100000] [id=23156]
  0x000001e6006bfe20 GCTaskThread "GC Thread#8" [stack: 0x000000ad60100000,0x000000ad60200000] [id=29220]
  0x000001e6006b4d40 GCTaskThread "GC Thread#9" [stack: 0x000000ad60200000,0x000000ad60300000] [id=38128]
  0x000001e60064d5f0 GCTaskThread "GC Thread#10" [stack: 0x000000ad60300000,0x000000ad60400000] [id=30680]
  0x000001e60073b1c0 GCTaskThread "GC Thread#11" [stack: 0x000000ad60400000,0x000000ad60500000] [id=47012]
  0x000001e60073b480 GCTaskThread "GC Thread#12" [stack: 0x000000ad60500000,0x000000ad60600000] [id=42996]
  0x000001e60073b740 GCTaskThread "GC Thread#13" [stack: 0x000000ad60600000,0x000000ad60700000] [id=26496]
  0x000001e60073ba00 GCTaskThread "GC Thread#14" [stack: 0x000000ad60700000,0x000000ad60800000] [id=2888]
  0x000001e6213effa0 ConcurrentGCThread "G1 Main Marker" [stack: 0x000000ad5df00000,0x000000ad5e000000] [id=10516]
  0x000001e6213f08c0 ConcurrentGCThread "G1 Conc#0" [stack: 0x000000ad5e000000,0x000000ad5e100000] [id=45392]
  0x000001e6008ac6c0 ConcurrentGCThread "G1 Conc#1" [stack: 0x000000ad60800000,0x000000ad60900000] [id=27616]
  0x000001e6008ac980 ConcurrentGCThread "G1 Conc#2" [stack: 0x000000ad60900000,0x000000ad60a00000] [id=38988]
  0x000001e6008abbc0 ConcurrentGCThread "G1 Conc#3" [stack: 0x000000ad60a00000,0x000000ad60b00000] [id=39412]
  0x000001e6385d1db0 ConcurrentGCThread "G1 Refine#0" [stack: 0x000000ad5e100000,0x000000ad5e200000] [id=44168]
  0x000001e601e4d180 ConcurrentGCThread "G1 Refine#1" [stack: 0x000000ad64400000,0x000000ad64500000] [id=17988]
  0x000001e6385d26f0 ConcurrentGCThread "G1 Service" [stack: 0x000000ad5e200000,0x000000ad5e300000] [id=11800]

Threads with active compile tasks:

VM state: at safepoint (normal execution)

VM Mutex/Monitor currently owned by a thread:  ([mutex/lock_event])
[0x000001e62136b080] Threads_lock - owner thread: 0x000001e638692ae0
[0x000001e62136c8b0] Heap_lock - owner thread: 0x000001e67a2274c0

Heap address: 0x0000000704400000, size: 4028 MB, Compressed Oops mode: Zero based, Oop shift amount: 3

CDS archive(s) mapped at: [0x000001e639000000-0x000001e639bd0000-0x000001e639bd0000), size 12386304, SharedBaseAddress: 0x000001e639000000, ArchiveRelocationMode: 1.
Compressed class space mapped at: 0x000001e63a000000-0x000001e67a000000, reserved size: 1073741824
Narrow klass base: 0x000001e639000000, Narrow klass shift: 0, Narrow klass range: 0x100000000

GC Precious Log:
 CPUs: 20 total, 20 available
 Memory: 16108M
 Large Page Support: Disabled
 NUMA Support: Disabled
 Compressed Oops: Enabled (Zero based)
 Heap Region Size: 2M
 Heap Min Capacity: 8M
 Heap Initial Capacity: 252M
 Heap Max Capacity: 4028M
 Pre-touch: Disabled
 Parallel Workers: 15
 Concurrent Workers: 4
 Concurrent Refinement Workers: 15
 Periodic GC: Disabled

Heap:
 garbage-first heap   total 421888K, used 72276K [0x0000000704400000, 0x0000000800000000)
  region size 2048K, 8 young (16384K), 8 survivors (16384K)
 Metaspace       used 69399K, committed 69952K, reserved 1114112K
  class space    used 9581K, committed 9856K, reserved 1048576K

Heap Regions: E=young(eden), S=young(survivor), O=old, HS=humongous(starts), HC=humongous(continues), CS=collection set, F=free, OA=open archive, CA=closed archive, TAMS=top-at-mark-start (previous, next)
|   0|0x0000000704400000, 0x0000000704600000, 0x0000000704600000|100%| O|  |TAMS 0x0000000704600000, 0x0000000704400000| Untracked 
|   1|0x0000000704600000, 0x0000000704800000, 0x0000000704800000|100%| O|  |TAMS 0x0000000704800000, 0x0000000704600000| Untracked 
|   2|0x0000000704800000, 0x0000000704a00000, 0x0000000704a00000|100%| O|  |TAMS 0x0000000704a00000, 0x0000000704800000| Untracked 
|   3|0x0000000704a00000, 0x0000000704c00000, 0x0000000704c00000|100%| O|  |TAMS 0x0000000704c00000, 0x0000000704a00000| Untracked 
|   4|0x0000000704c00000, 0x0000000704e00000, 0x0000000704e00000|100%| O|  |TAMS 0x0000000704e00000, 0x0000000704c00000| Untracked 
|   5|0x0000000704e00000, 0x0000000705000000, 0x0000000705000000|100%| O|  |TAMS 0x0000000705000000, 0x0000000704e00000| Untracked 
|   6|0x0000000705000000, 0x0000000705200000, 0x0000000705200000|100%| O|  |TAMS 0x0000000705200000, 0x0000000705000000| Untracked 
|   7|0x0000000705200000, 0x0000000705400000, 0x0000000705400000|100%| O|  |TAMS 0x0000000705400000, 0x0000000705200000| Untracked 
|   8|0x0000000705400000, 0x0000000705600000, 0x0000000705600000|100%| O|  |TAMS 0x0000000705600000, 0x0000000705400000| Untracked 
|   9|0x0000000705600000, 0x0000000705800000, 0x0000000705800000|100%| O|  |TAMS 0x0000000705800000, 0x0000000705600000| Untracked 
|  10|0x0000000705800000, 0x0000000705a00000, 0x0000000705a00000|100%| O|  |TAMS 0x0000000705a00000, 0x0000000705800000| Untracked 
|  11|0x0000000705a00000, 0x0000000705c00000, 0x0000000705c00000|100%| O|  |TAMS 0x0000000705c00000, 0x0000000705a00000| Untracked 
|  12|0x0000000705c00000, 0x0000000705e00000, 0x0000000705e00000|100%| O|  |TAMS 0x0000000705e00000, 0x0000000705c00000| Untracked 
|  13|0x0000000705e00000, 0x0000000706000000, 0x0000000706000000|100%| O|  |TAMS 0x0000000706000000, 0x0000000705e00000| Untracked 
|  14|0x0000000706000000, 0x0000000706200000, 0x0000000706200000|100%| O|  |TAMS 0x0000000706200000, 0x0000000706000000| Untracked 
|  15|0x0000000706200000, 0x0000000706400000, 0x0000000706400000|100%| O|  |TAMS 0x0000000706400000, 0x0000000706200000| Untracked 
|  16|0x0000000706400000, 0x0000000706600000, 0x0000000706600000|100%| O|  |TAMS 0x0000000706600000, 0x0000000706400000| Untracked 
|  17|0x0000000706600000, 0x0000000706800000, 0x0000000706800000|100%| O|  |TAMS 0x0000000706800000, 0x0000000706600000| Untracked 
|  18|0x0000000706800000, 0x0000000706a00000, 0x0000000706a00000|100%| O|  |TAMS 0x000000070683a600, 0x0000000706800000| Untracked 
|  19|0x0000000706a00000, 0x0000000706c00000, 0x0000000706c00000|100%| O|  |TAMS 0x0000000706a00000, 0x0000000706a00000| Untracked 
|  20|0x0000000706c00000, 0x0000000706e00000, 0x0000000706e00000|100%| O|  |TAMS 0x0000000706c00000, 0x0000000706c00000| Untracked 
|  21|0x0000000706e00000, 0x0000000707000000, 0x0000000707000000|100%| O|  |TAMS 0x0000000706e00000, 0x0000000706e00000| Untracked 
|  22|0x0000000707000000, 0x0000000707200000, 0x0000000707200000|100%| O|  |TAMS 0x0000000707000000, 0x0000000707000000| Untracked 
|  23|0x0000000707200000, 0x0000000707400000, 0x0000000707400000|100%| O|  |TAMS 0x0000000707200000, 0x0000000707200000| Untracked 
|  24|0x0000000707400000, 0x0000000707600000, 0x0000000707600000|100%| O|  |TAMS 0x0000000707400000, 0x0000000707400000| Untracked 
|  25|0x0000000707600000, 0x0000000707800000, 0x0000000707800000|100%| O|  |TAMS 0x0000000707600000, 0x0000000707600000| Untracked 
|  26|0x0000000707800000, 0x0000000707a00000, 0x0000000707a00000|100%| O|  |TAMS 0x0000000707800000, 0x0000000707800000| Untracked 
|  27|0x0000000707a00000, 0x0000000707a9cc00, 0x0000000707c00000| 30%| O|  |TAMS 0x0000000707a00000, 0x0000000707a00000| Untracked 
|  28|0x0000000707c00000, 0x0000000707c00000, 0x0000000707e00000|  0%| F|  |TAMS 0x0000000707c00000, 0x0000000707c00000| Untracked 
|  29|0x0000000707e00000, 0x0000000707e00000, 0x0000000708000000|  0%| F|  |TAMS 0x0000000707e00000, 0x0000000707e00000| Untracked 
|  30|0x0000000708000000, 0x0000000708000000, 0x0000000708200000|  0%| F|  |TAMS 0x0000000708000000, 0x0000000708000000| Untracked 
|  31|0x0000000708200000, 0x0000000708200000, 0x0000000708400000|  0%| F|  |TAMS 0x0000000708200000, 0x0000000708200000| Untracked 
|  32|0x0000000708400000, 0x0000000708400000, 0x0000000708600000|  0%| F|  |TAMS 0x0000000708400000, 0x0000000708400000| Untracked 
|  33|0x0000000708600000, 0x0000000708600000, 0x0000000708800000|  0%| F|  |TAMS 0x0000000708600000, 0x0000000708600000| Untracked 
|  34|0x0000000708800000, 0x0000000708800000, 0x0000000708a00000|  0%| F|  |TAMS 0x0000000708800000, 0x0000000708800000| Untracked 
|  35|0x0000000708a00000, 0x0000000708a00000, 0x0000000708c00000|  0%| F|  |TAMS 0x0000000708a00000, 0x0000000708a00000| Untracked 
|  36|0x0000000708c00000, 0x0000000708c00000, 0x0000000708e00000|  0%| F|  |TAMS 0x0000000708c00000, 0x0000000708c00000| Untracked 
|  37|0x0000000708e00000, 0x0000000708e00000, 0x0000000709000000|  0%| F|  |TAMS 0x0000000708e00000, 0x0000000708e00000| Untracked 
|  38|0x0000000709000000, 0x0000000709000000, 0x0000000709200000|  0%| F|  |TAMS 0x0000000709000000, 0x0000000709000000| Untracked 
|  39|0x0000000709200000, 0x0000000709200000, 0x0000000709400000|  0%| F|  |TAMS 0x0000000709200000, 0x0000000709200000| Untracked 
|  40|0x0000000709400000, 0x0000000709400000, 0x0000000709600000|  0%| F|  |TAMS 0x0000000709400000, 0x0000000709400000| Untracked 
|  41|0x0000000709600000, 0x0000000709600000, 0x0000000709800000|  0%| F|  |TAMS 0x0000000709600000, 0x0000000709600000| Untracked 
|  42|0x0000000709800000, 0x0000000709800000, 0x0000000709a00000|  0%| F|  |TAMS 0x0000000709800000, 0x0000000709800000| Untracked 
|  43|0x0000000709a00000, 0x0000000709a00000, 0x0000000709c00000|  0%| F|  |TAMS 0x0000000709a00000, 0x0000000709a00000| Untracked 
|  44|0x0000000709c00000, 0x0000000709c00000, 0x0000000709e00000|  0%| F|  |TAMS 0x0000000709c00000, 0x0000000709c00000| Untracked 
|  45|0x0000000709e00000, 0x0000000709e00000, 0x000000070a000000|  0%| F|  |TAMS 0x0000000709e00000, 0x0000000709e00000| Untracked 
|  46|0x000000070a000000, 0x000000070a000000, 0x000000070a200000|  0%| F|  |TAMS 0x000000070a000000, 0x000000070a000000| Untracked 
|  47|0x000000070a200000, 0x000000070a200000, 0x000000070a400000|  0%| F|  |TAMS 0x000000070a200000, 0x000000070a200000| Untracked 
|  48|0x000000070a400000, 0x000000070a400000, 0x000000070a600000|  0%| F|  |TAMS 0x000000070a400000, 0x000000070a400000| Untracked 
|  49|0x000000070a600000, 0x000000070a600000, 0x000000070a800000|  0%| F|  |TAMS 0x000000070a600000, 0x000000070a600000| Untracked 
|  50|0x000000070a800000, 0x000000070a800000, 0x000000070aa00000|  0%| F|  |TAMS 0x000000070a800000, 0x000000070a800000| Untracked 
|  51|0x000000070aa00000, 0x000000070aa00000, 0x000000070ac00000|  0%| F|  |TAMS 0x000000070aa00000, 0x000000070aa00000| Untracked 
|  52|0x000000070ac00000, 0x000000070ac00000, 0x000000070ae00000|  0%| F|  |TAMS 0x000000070ac00000, 0x000000070ac00000| Untracked 
|  53|0x000000070ae00000, 0x000000070ae00000, 0x000000070b000000|  0%| F|  |TAMS 0x000000070ae00000, 0x000000070ae00000| Untracked 
|  54|0x000000070b000000, 0x000000070b000000, 0x000000070b200000|  0%| F|  |TAMS 0x000000070b000000, 0x000000070b000000| Untracked 
|  55|0x000000070b200000, 0x000000070b200000, 0x000000070b400000|  0%| F|  |TAMS 0x000000070b200000, 0x000000070b200000| Untracked 
|  56|0x000000070b400000, 0x000000070b400000, 0x000000070b600000|  0%| F|  |TAMS 0x000000070b400000, 0x000000070b400000| Untracked 
|  57|0x000000070b600000, 0x000000070b600000, 0x000000070b800000|  0%| F|  |TAMS 0x000000070b600000, 0x000000070b600000| Untracked 
|  58|0x000000070b800000, 0x000000070b800000, 0x000000070ba00000|  0%| F|  |TAMS 0x000000070b800000, 0x000000070b800000| Untracked 
|  59|0x000000070ba00000, 0x000000070ba00000, 0x000000070bc00000|  0%| F|  |TAMS 0x000000070ba00000, 0x000000070ba00000| Untracked 
|  60|0x000000070bc00000, 0x000000070bc00000, 0x000000070be00000|  0%| F|  |TAMS 0x000000070bc00000, 0x000000070bc00000| Untracked 
|  61|0x000000070be00000, 0x000000070be00000, 0x000000070c000000|  0%| F|  |TAMS 0x000000070be00000, 0x000000070be00000| Untracked 
|  62|0x000000070c000000, 0x000000070c000000, 0x000000070c200000|  0%| F|  |TAMS 0x000000070c000000, 0x000000070c000000| Untracked 
|  63|0x000000070c200000, 0x000000070c200000, 0x000000070c400000|  0%| F|  |TAMS 0x000000070c200000, 0x000000070c200000| Untracked 
|  64|0x000000070c400000, 0x000000070c400000, 0x000000070c600000|  0%| F|  |TAMS 0x000000070c400000, 0x000000070c400000| Untracked 
|  65|0x000000070c600000, 0x000000070c600000, 0x000000070c800000|  0%| F|  |TAMS 0x000000070c600000, 0x000000070c600000| Untracked 
|  66|0x000000070c800000, 0x000000070c800000, 0x000000070ca00000|  0%| F|  |TAMS 0x000000070c800000, 0x000000070c800000| Untracked 
|  67|0x000000070ca00000, 0x000000070ca00000, 0x000000070cc00000|  0%| F|  |TAMS 0x000000070ca00000, 0x000000070ca00000| Untracked 
|  68|0x000000070cc00000, 0x000000070cc00000, 0x000000070ce00000|  0%| F|  |TAMS 0x000000070cc00000, 0x000000070cc00000| Untracked 
|  69|0x000000070ce00000, 0x000000070ce00000, 0x000000070d000000|  0%| F|  |TAMS 0x000000070ce00000, 0x000000070ce00000| Untracked 
|  70|0x000000070d000000, 0x000000070d000000, 0x000000070d200000|  0%| F|  |TAMS 0x000000070d000000, 0x000000070d000000| Untracked 
|  71|0x000000070d200000, 0x000000070d200000, 0x000000070d400000|  0%| F|  |TAMS 0x000000070d200000, 0x000000070d200000| Untracked 
|  72|0x000000070d400000, 0x000000070d400000, 0x000000070d600000|  0%| F|  |TAMS 0x000000070d400000, 0x000000070d400000| Untracked 
|  73|0x000000070d600000, 0x000000070d600000, 0x000000070d800000|  0%| F|  |TAMS 0x000000070d600000, 0x000000070d600000| Untracked 
|  74|0x000000070d800000, 0x000000070d800000, 0x000000070da00000|  0%| F|  |TAMS 0x000000070d800000, 0x000000070d800000| Untracked 
|  75|0x000000070da00000, 0x000000070dbf8428, 0x000000070dc00000| 98%| S|CS|TAMS 0x000000070da00000, 0x000000070da00000| Complete 
|  76|0x000000070dc00000, 0x000000070dc00000, 0x000000070de00000|  0%| F|  |TAMS 0x000000070dc00000, 0x000000070dc00000| Untracked 
|  77|0x000000070de00000, 0x000000070de00000, 0x000000070e000000|  0%| F|  |TAMS 0x000000070de00000, 0x000000070de00000| Untracked 
|  78|0x000000070e000000, 0x000000070e000000, 0x000000070e200000|  0%| F|  |TAMS 0x000000070e000000, 0x000000070e000000| Untracked 
|  79|0x000000070e200000, 0x000000070e200000, 0x000000070e400000|  0%| F|  |TAMS 0x000000070e200000, 0x000000070e200000| Untracked 
|  80|0x000000070e400000, 0x000000070e400000, 0x000000070e600000|  0%| F|  |TAMS 0x000000070e400000, 0x000000070e400000| Untracked 
|  81|0x000000070e600000, 0x000000070e600000, 0x000000070e800000|  0%| F|  |TAMS 0x000000070e600000, 0x000000070e600000| Untracked 
|  82|0x000000070e800000, 0x000000070ea00000, 0x000000070ea00000|100%| S|CS|TAMS 0x000000070e800000, 0x000000070e800000| Complete 
|  83|0x000000070ea00000, 0x000000070ec00000, 0x000000070ec00000|100%| S|CS|TAMS 0x000000070ea00000, 0x000000070ea00000| Complete 
|  84|0x000000070ec00000, 0x000000070ee00000, 0x000000070ee00000|100%| S|CS|TAMS 0x000000070ec00000, 0x000000070ec00000| Complete 
|  85|0x000000070ee00000, 0x000000070f000000, 0x000000070f000000|100%| S|CS|TAMS 0x000000070ee00000, 0x000000070ee00000| Complete 
|  86|0x000000070f000000, 0x000000070f200000, 0x000000070f200000|100%| S|CS|TAMS 0x000000070f000000, 0x000000070f000000| Complete 
|  87|0x000000070f200000, 0x000000070f400000, 0x000000070f400000|100%| S|CS|TAMS 0x000000070f200000, 0x000000070f200000| Complete 
|  88|0x000000070f400000, 0x000000070f600000, 0x000000070f600000|100%| S|CS|TAMS 0x000000070f400000, 0x000000070f400000| Complete 
|  89|0x000000070f600000, 0x000000070f600000, 0x000000070f800000|  0%| F|  |TAMS 0x000000070f600000, 0x000000070f600000| Untracked 
|  90|0x000000070f800000, 0x000000070f800000, 0x000000070fa00000|  0%| F|  |TAMS 0x000000070f800000, 0x000000070f800000| Untracked 
|  91|0x000000070fa00000, 0x000000070fa00000, 0x000000070fc00000|  0%| F|  |TAMS 0x000000070fa00000, 0x000000070fa00000| Untracked 
|  92|0x000000070fc00000, 0x000000070fc00000, 0x000000070fe00000|  0%| F|  |TAMS 0x000000070fc00000, 0x000000070fc00000| Untracked 
|  93|0x000000070fe00000, 0x000000070fe00000, 0x0000000710000000|  0%| F|  |TAMS 0x000000070fe00000, 0x000000070fe00000| Untracked 
|  94|0x0000000710000000, 0x0000000710000000, 0x0000000710200000|  0%| F|  |TAMS 0x0000000710000000, 0x0000000710000000| Untracked 
|  95|0x0000000710200000, 0x0000000710200000, 0x0000000710400000|  0%| F|  |TAMS 0x0000000710200000, 0x0000000710200000| Untracked 
|  96|0x0000000710400000, 0x0000000710400000, 0x0000000710600000|  0%| F|  |TAMS 0x0000000710400000, 0x0000000710400000| Untracked 
|  97|0x0000000710600000, 0x0000000710600000, 0x0000000710800000|  0%| F|  |TAMS 0x0000000710600000, 0x0000000710600000| Untracked 
|  98|0x0000000710800000, 0x0000000710800000, 0x0000000710a00000|  0%| F|  |TAMS 0x0000000710800000, 0x0000000710800000| Untracked 
|  99|0x0000000710a00000, 0x0000000710a00000, 0x0000000710c00000|  0%| F|  |TAMS 0x0000000710a00000, 0x0000000710a00000| Untracked 
| 100|0x0000000710c00000, 0x0000000710c00000, 0x0000000710e00000|  0%| F|  |TAMS 0x0000000710c00000, 0x0000000710c00000| Untracked 
| 101|0x0000000710e00000, 0x0000000710e00000, 0x0000000711000000|  0%| F|  |TAMS 0x0000000710e00000, 0x0000000710e00000| Untracked 
| 102|0x0000000711000000, 0x0000000711000000, 0x0000000711200000|  0%| F|  |TAMS 0x0000000711000000, 0x0000000711000000| Untracked 
| 103|0x0000000711200000, 0x0000000711200000, 0x0000000711400000|  0%| F|  |TAMS 0x0000000711200000, 0x0000000711200000| Untracked 
| 104|0x0000000711400000, 0x0000000711400000, 0x0000000711600000|  0%| F|  |TAMS 0x0000000711400000, 0x0000000711400000| Untracked 
| 105|0x0000000711600000, 0x0000000711600000, 0x0000000711800000|  0%| F|  |TAMS 0x0000000711600000, 0x0000000711600000| Untracked 
| 106|0x0000000711800000, 0x0000000711800000, 0x0000000711a00000|  0%| F|  |TAMS 0x0000000711800000, 0x0000000711800000| Untracked 
| 107|0x0000000711a00000, 0x0000000711a00000, 0x0000000711c00000|  0%| F|  |TAMS 0x0000000711a00000, 0x0000000711a00000| Untracked 
| 108|0x0000000711c00000, 0x0000000711c00000, 0x0000000711e00000|  0%| F|  |TAMS 0x0000000711c00000, 0x0000000711c00000| Untracked 
| 109|0x0000000711e00000, 0x0000000711e00000, 0x0000000712000000|  0%| F|  |TAMS 0x0000000711e00000, 0x0000000711e00000| Untracked 
| 110|0x0000000712000000, 0x0000000712000000, 0x0000000712200000|  0%| F|  |TAMS 0x0000000712000000, 0x0000000712000000| Untracked 
| 111|0x0000000712200000, 0x0000000712200000, 0x0000000712400000|  0%| F|  |TAMS 0x0000000712200000, 0x0000000712200000| Untracked 
| 112|0x0000000712400000, 0x0000000712400000, 0x0000000712600000|  0%| F|  |TAMS 0x0000000712400000, 0x0000000712400000| Untracked 
| 113|0x0000000712600000, 0x0000000712600000, 0x0000000712800000|  0%| F|  |TAMS 0x0000000712600000, 0x0000000712600000| Untracked 
| 114|0x0000000712800000, 0x0000000712800000, 0x0000000712a00000|  0%| F|  |TAMS 0x0000000712800000, 0x0000000712800000| Untracked 
| 115|0x0000000712a00000, 0x0000000712a00000, 0x0000000712c00000|  0%| F|  |TAMS 0x0000000712a00000, 0x0000000712a00000| Untracked 
| 116|0x0000000712c00000, 0x0000000712c00000, 0x0000000712e00000|  0%| F|  |TAMS 0x0000000712c00000, 0x0000000712c00000| Untracked 
| 117|0x0000000712e00000, 0x0000000712e00000, 0x0000000713000000|  0%| F|  |TAMS 0x0000000712e00000, 0x0000000712e00000| Untracked 
| 118|0x0000000713000000, 0x0000000713000000, 0x0000000713200000|  0%| F|  |TAMS 0x0000000713000000, 0x0000000713000000| Untracked 
| 119|0x0000000713200000, 0x0000000713200000, 0x0000000713400000|  0%| F|  |TAMS 0x0000000713200000, 0x0000000713200000| Untracked 
| 120|0x0000000713400000, 0x0000000713400000, 0x0000000713600000|  0%| F|  |TAMS 0x0000000713400000, 0x0000000713400000| Untracked 
| 121|0x0000000713600000, 0x0000000713600000, 0x0000000713800000|  0%| F|  |TAMS 0x0000000713600000, 0x0000000713600000| Untracked 
| 122|0x0000000713800000, 0x0000000713800000, 0x0000000713a00000|  0%| F|  |TAMS 0x0000000713800000, 0x0000000713800000| Untracked 
| 123|0x0000000713a00000, 0x0000000713a00000, 0x0000000713c00000|  0%| F|  |TAMS 0x0000000713a00000, 0x0000000713a00000| Untracked 
| 124|0x0000000713c00000, 0x0000000713c00000, 0x0000000713e00000|  0%| F|  |TAMS 0x0000000713c00000, 0x0000000713c00000| Untracked 
| 125|0x0000000713e00000, 0x0000000713e00000, 0x0000000714000000|  0%| F|  |TAMS 0x0000000713e00000, 0x0000000713e00000| Untracked 
| 126|0x0000000714000000, 0x0000000714000000, 0x0000000714200000|  0%| F|  |TAMS 0x0000000714000000, 0x0000000714000000| Untracked 
| 127|0x0000000714200000, 0x0000000714200000, 0x0000000714400000|  0%| F|  |TAMS 0x0000000714200000, 0x0000000714200000| Untracked 
| 128|0x0000000714400000, 0x0000000714400000, 0x0000000714600000|  0%| F|  |TAMS 0x0000000714400000, 0x0000000714400000| Untracked 
| 129|0x0000000714600000, 0x0000000714600000, 0x0000000714800000|  0%| F|  |TAMS 0x0000000714600000, 0x0000000714600000| Untracked 
| 130|0x0000000714800000, 0x0000000714800000, 0x0000000714a00000|  0%| F|  |TAMS 0x0000000714800000, 0x0000000714800000| Untracked 
| 131|0x0000000714a00000, 0x0000000714a00000, 0x0000000714c00000|  0%| F|  |TAMS 0x0000000714a00000, 0x0000000714a00000| Untracked 
| 132|0x0000000714c00000, 0x0000000714c00000, 0x0000000714e00000|  0%| F|  |TAMS 0x0000000714c00000, 0x0000000714c00000| Untracked 
| 133|0x0000000714e00000, 0x0000000714e00000, 0x0000000715000000|  0%| F|  |TAMS 0x0000000714e00000, 0x0000000714e00000| Untracked 
| 134|0x0000000715000000, 0x0000000715000000, 0x0000000715200000|  0%| F|  |TAMS 0x0000000715000000, 0x0000000715000000| Untracked 
| 135|0x0000000715200000, 0x0000000715200000, 0x0000000715400000|  0%| F|  |TAMS 0x0000000715200000, 0x0000000715200000| Untracked 
| 136|0x0000000715400000, 0x0000000715400000, 0x0000000715600000|  0%| F|  |TAMS 0x0000000715400000, 0x0000000715400000| Untracked 
| 137|0x0000000715600000, 0x0000000715600000, 0x0000000715800000|  0%| F|  |TAMS 0x0000000715600000, 0x0000000715600000| Untracked 
| 138|0x0000000715800000, 0x0000000715800000, 0x0000000715a00000|  0%| F|  |TAMS 0x0000000715800000, 0x0000000715800000| Untracked 
| 139|0x0000000715a00000, 0x0000000715a00000, 0x0000000715c00000|  0%| F|  |TAMS 0x0000000715a00000, 0x0000000715a00000| Untracked 
| 140|0x0000000715c00000, 0x0000000715c00000, 0x0000000715e00000|  0%| F|  |TAMS 0x0000000715c00000, 0x0000000715c00000| Untracked 
| 141|0x0000000715e00000, 0x0000000715e00000, 0x0000000716000000|  0%| F|  |TAMS 0x0000000715e00000, 0x0000000715e00000| Untracked 
| 142|0x0000000716000000, 0x0000000716000000, 0x0000000716200000|  0%| F|  |TAMS 0x0000000716000000, 0x0000000716000000| Untracked 
| 143|0x0000000716200000, 0x0000000716200000, 0x0000000716400000|  0%| F|  |TAMS 0x0000000716200000, 0x0000000716200000| Untracked 
| 144|0x0000000716400000, 0x0000000716400000, 0x0000000716600000|  0%| F|  |TAMS 0x0000000716400000, 0x0000000716400000| Untracked 
| 145|0x0000000716600000, 0x0000000716600000, 0x0000000716800000|  0%| F|  |TAMS 0x0000000716600000, 0x0000000716600000| Untracked 
| 146|0x0000000716800000, 0x0000000716800000, 0x0000000716a00000|  0%| F|  |TAMS 0x0000000716800000, 0x0000000716800000| Untracked 
| 147|0x0000000716a00000, 0x0000000716a00000, 0x0000000716c00000|  0%| F|  |TAMS 0x0000000716a00000, 0x0000000716a00000| Untracked 
| 148|0x0000000716c00000, 0x0000000716c00000, 0x0000000716e00000|  0%| F|  |TAMS 0x0000000716c00000, 0x0000000716c00000| Untracked 
| 149|0x0000000716e00000, 0x0000000716e00000, 0x0000000717000000|  0%| F|  |TAMS 0x0000000716e00000, 0x0000000716e00000| Untracked 
| 150|0x0000000717000000, 0x0000000717000000, 0x0000000717200000|  0%| F|  |TAMS 0x0000000717000000, 0x0000000717000000| Untracked 
| 151|0x0000000717200000, 0x0000000717200000, 0x0000000717400000|  0%| F|  |TAMS 0x0000000717200000, 0x0000000717200000| Untracked 
| 152|0x0000000717400000, 0x0000000717400000, 0x0000000717600000|  0%| F|  |TAMS 0x0000000717400000, 0x0000000717400000| Untracked 
| 153|0x0000000717600000, 0x0000000717600000, 0x0000000717800000|  0%| F|  |TAMS 0x0000000717600000, 0x0000000717600000| Untracked 
| 154|0x0000000717800000, 0x0000000717800000, 0x0000000717a00000|  0%| F|  |TAMS 0x0000000717800000, 0x0000000717800000| Untracked 
| 155|0x0000000717a00000, 0x0000000717a00000, 0x0000000717c00000|  0%| F|  |TAMS 0x0000000717a00000, 0x0000000717a00000| Untracked 
| 156|0x0000000717c00000, 0x0000000717c00000, 0x0000000717e00000|  0%| F|  |TAMS 0x0000000717c00000, 0x0000000717c00000| Untracked 
| 157|0x0000000717e00000, 0x0000000717e00000, 0x0000000718000000|  0%| F|  |TAMS 0x0000000717e00000, 0x0000000717e00000| Untracked 
| 158|0x0000000718000000, 0x0000000718000000, 0x0000000718200000|  0%| F|  |TAMS 0x0000000718000000, 0x0000000718000000| Untracked 
| 159|0x0000000718200000, 0x0000000718200000, 0x0000000718400000|  0%| F|  |TAMS 0x0000000718200000, 0x0000000718200000| Untracked 
| 160|0x0000000718400000, 0x0000000718400000, 0x0000000718600000|  0%| F|  |TAMS 0x0000000718400000, 0x0000000718400000| Untracked 
| 161|0x0000000718600000, 0x0000000718600000, 0x0000000718800000|  0%| F|  |TAMS 0x0000000718600000, 0x0000000718600000| Untracked 
| 162|0x0000000718800000, 0x0000000718800000, 0x0000000718a00000|  0%| F|  |TAMS 0x0000000718800000, 0x0000000718800000| Untracked 
| 163|0x0000000718a00000, 0x0000000718a00000, 0x0000000718c00000|  0%| F|  |TAMS 0x0000000718a00000, 0x0000000718a00000| Untracked 
| 164|0x0000000718c00000, 0x0000000718c00000, 0x0000000718e00000|  0%| F|  |TAMS 0x0000000718c00000, 0x0000000718c00000| Untracked 
| 165|0x0000000718e00000, 0x0000000718e00000, 0x0000000719000000|  0%| F|  |TAMS 0x0000000718e00000, 0x0000000718e00000| Untracked 
| 166|0x0000000719000000, 0x0000000719000000, 0x0000000719200000|  0%| F|  |TAMS 0x0000000719000000, 0x0000000719000000| Untracked 
| 167|0x0000000719200000, 0x0000000719200000, 0x0000000719400000|  0%| F|  |TAMS 0x0000000719200000, 0x0000000719200000| Untracked 
| 168|0x0000000719400000, 0x0000000719400000, 0x0000000719600000|  0%| F|  |TAMS 0x0000000719400000, 0x0000000719400000| Untracked 
| 169|0x0000000719600000, 0x0000000719600000, 0x0000000719800000|  0%| F|  |TAMS 0x0000000719600000, 0x0000000719600000| Untracked 
| 170|0x0000000719800000, 0x0000000719800000, 0x0000000719a00000|  0%| F|  |TAMS 0x0000000719800000, 0x0000000719800000| Untracked 
| 171|0x0000000719a00000, 0x0000000719a00000, 0x0000000719c00000|  0%| F|  |TAMS 0x0000000719a00000, 0x0000000719a00000| Untracked 
| 172|0x0000000719c00000, 0x0000000719c00000, 0x0000000719e00000|  0%| F|  |TAMS 0x0000000719c00000, 0x0000000719c00000| Untracked 
| 173|0x0000000719e00000, 0x0000000719e00000, 0x000000071a000000|  0%| F|  |TAMS 0x0000000719e00000, 0x0000000719e00000| Untracked 
| 174|0x000000071a000000, 0x000000071a000000, 0x000000071a200000|  0%| F|  |TAMS 0x000000071a000000, 0x000000071a000000| Untracked 
| 175|0x000000071a200000, 0x000000071a200000, 0x000000071a400000|  0%| F|  |TAMS 0x000000071a200000, 0x000000071a200000| Untracked 
| 176|0x000000071a400000, 0x000000071a400000, 0x000000071a600000|  0%| F|  |TAMS 0x000000071a400000, 0x000000071a400000| Untracked 
| 177|0x000000071a600000, 0x000000071a600000, 0x000000071a800000|  0%| F|  |TAMS 0x000000071a600000, 0x000000071a600000| Untracked 
| 178|0x000000071a800000, 0x000000071a800000, 0x000000071aa00000|  0%| F|  |TAMS 0x000000071a800000, 0x000000071a800000| Untracked 
| 179|0x000000071aa00000, 0x000000071aa00000, 0x000000071ac00000|  0%| F|  |TAMS 0x000000071aa00000, 0x000000071aa00000| Untracked 
| 180|0x000000071ac00000, 0x000000071ac00000, 0x000000071ae00000|  0%| F|  |TAMS 0x000000071ac00000, 0x000000071ac00000| Untracked 
| 181|0x000000071ae00000, 0x000000071ae00000, 0x000000071b000000|  0%| F|  |TAMS 0x000000071ae00000, 0x000000071ae00000| Untracked 
| 182|0x000000071b000000, 0x000000071b000000, 0x000000071b200000|  0%| F|  |TAMS 0x000000071b000000, 0x000000071b000000| Untracked 
| 183|0x000000071b200000, 0x000000071b200000, 0x000000071b400000|  0%| F|  |TAMS 0x000000071b200000, 0x000000071b200000| Untracked 
| 184|0x000000071b400000, 0x000000071b400000, 0x000000071b600000|  0%| F|  |TAMS 0x000000071b400000, 0x000000071b400000| Untracked 
| 185|0x000000071b600000, 0x000000071b600000, 0x000000071b800000|  0%| F|  |TAMS 0x000000071b600000, 0x000000071b600000| Untracked 
| 186|0x000000071b800000, 0x000000071b800000, 0x000000071ba00000|  0%| F|  |TAMS 0x000000071b800000, 0x000000071b800000| Untracked 
| 187|0x000000071ba00000, 0x000000071ba00000, 0x000000071bc00000|  0%| F|  |TAMS 0x000000071ba00000, 0x000000071ba00000| Untracked 
| 188|0x000000071bc00000, 0x000000071bc00000, 0x000000071be00000|  0%| F|  |TAMS 0x000000071bc00000, 0x000000071bc00000| Untracked 
| 189|0x000000071be00000, 0x000000071be00000, 0x000000071c000000|  0%| F|  |TAMS 0x000000071be00000, 0x000000071be00000| Untracked 
| 190|0x000000071c000000, 0x000000071c000000, 0x000000071c200000|  0%| F|  |TAMS 0x000000071c000000, 0x000000071c000000| Untracked 
| 191|0x000000071c200000, 0x000000071c200000, 0x000000071c400000|  0%| F|  |TAMS 0x000000071c200000, 0x000000071c200000| Untracked 
| 192|0x000000071c400000, 0x000000071c400000, 0x000000071c600000|  0%| F|  |TAMS 0x000000071c400000, 0x000000071c400000| Untracked 
| 193|0x000000071c600000, 0x000000071c600000, 0x000000071c800000|  0%| F|  |TAMS 0x000000071c600000, 0x000000071c600000| Untracked 
| 194|0x000000071c800000, 0x000000071c800000, 0x000000071ca00000|  0%| F|  |TAMS 0x000000071c800000, 0x000000071c800000| Untracked 
| 195|0x000000071ca00000, 0x000000071ca00000, 0x000000071cc00000|  0%| F|  |TAMS 0x000000071ca00000, 0x000000071ca00000| Untracked 
| 196|0x000000071cc00000, 0x000000071cc00000, 0x000000071ce00000|  0%| F|  |TAMS 0x000000071cc00000, 0x000000071cc00000| Untracked 
| 197|0x000000071ce00000, 0x000000071ce00000, 0x000000071d000000|  0%| F|  |TAMS 0x000000071ce00000, 0x000000071ce00000| Untracked 
| 198|0x000000071d000000, 0x000000071d000000, 0x000000071d200000|  0%| F|  |TAMS 0x000000071d000000, 0x000000071d000000| Untracked 
| 199|0x000000071d200000, 0x000000071d200000, 0x000000071d400000|  0%| F|  |TAMS 0x000000071d200000, 0x000000071d200000| Untracked 
| 200|0x000000071d400000, 0x000000071d400000, 0x000000071d600000|  0%| F|  |TAMS 0x000000071d400000, 0x000000071d400000| Untracked 
| 201|0x000000071d600000, 0x000000071d600000, 0x000000071d800000|  0%| F|  |TAMS 0x000000071d600000, 0x000000071d600000| Untracked 
| 202|0x000000071d800000, 0x000000071d800000, 0x000000071da00000|  0%| F|  |TAMS 0x000000071d800000, 0x000000071d800000| Untracked 
| 203|0x000000071da00000, 0x000000071da00000, 0x000000071dc00000|  0%| F|  |TAMS 0x000000071da00000, 0x000000071da00000| Untracked 
| 204|0x000000071dc00000, 0x000000071dc00000, 0x000000071de00000|  0%| F|  |TAMS 0x000000071dc00000, 0x000000071dc00000| Untracked 
| 205|0x000000071de00000, 0x000000071de00000, 0x000000071e000000|  0%| F|  |TAMS 0x000000071de00000, 0x000000071de00000| Untracked 

Card table byte_map: [0x000001e62ceb0000,0x000001e62d690000] _byte_map_base: 0x000001e62968e000

Marking Bits (Prev, Next): (CMBitMap*) 0x000001e6213dfaf0, (CMBitMap*) 0x000001e6213dfab0
 Prev Bits: [0x000001e631d60000, 0x000001e635c50000)
 Next Bits: [0x000001e62de70000, 0x000001e631d60000)

Polling page: 0x000001e61f330000

Metaspace:

Usage:
  Non-class:     58.42 MB used.
      Class:      9.36 MB used.
       Both:     67.77 MB used.

Virtual space:
  Non-class space:       64.00 MB reserved,      58.69 MB ( 92%) committed,  1 nodes.
      Class space:        1.00 GB reserved,       9.62 MB ( <1%) committed,  1 nodes.
             Both:        1.06 GB reserved,      68.31 MB (  6%) committed. 

Chunk freelists:
   Non-Class:  5.23 MB
       Class:  6.28 MB
        Both:  11.51 MB

MaxMetaspaceSize: unlimited
CompressedClassSpaceSize: 1.00 GB
Initial GC threshold: 21.00 MB
Current GC threshold: 98.88 MB
CDS: on
MetaspaceReclaimPolicy: balanced
 - commit_granule_bytes: 65536.
 - commit_granule_words: 8192.
 - virtual_space_node_default_size: 8388608.
 - enlarge_chunks_in_place: 1.
 - new_chunks_are_fully_committed: 0.
 - uncommit_free_chunks: 1.
 - use_allocation_guard: 0.
 - handle_deallocations: 1.


Internal statistics:

num_allocs_failed_limit: 11.
num_arena_births: 788.
num_arena_deaths: 0.
num_vsnodes_births: 2.
num_vsnodes_deaths: 0.
num_space_committed: 1093.
num_space_uncommitted: 0.
num_chunks_returned_to_freelist: 11.
num_chunks_taken_from_freelist: 3236.
num_chunk_merges: 11.
num_chunk_splits: 2361.
num_chunks_enlarged: 1821.
num_inconsistent_stats: 0.

CodeCache: size=49152Kb used=13916Kb max_used=16119Kb free=35236Kb
 bounds [0x000001e628e40000, 0x000001e629e00000, 0x000001e62be40000]
 total_blobs=8265 nmethods=7581 adapters=610
 compilation: enabled
              stopped_count=0, restarted_count=0
 full_count=0

Compilation events (20 events):
Event: 9.603 Thread 0x000001e67a08e950 7574       1       top.lxyi.train.business.config.DataGenerator::generateStudents (129 bytes)
Event: 9.604 Thread 0x000001e67a08e950 nmethod 7574 0x000001e62919c610 code [0x000001e62919c8a0, 0x000001e62919d4a8]
Event: 9.882 Thread 0x000001e67a08e950 7575       1       java.io.ObjectStreamClass::<init> (10 bytes)
Event: 9.882 Thread 0x000001e67a08e950 nmethod 7575 0x000001e62919c310 code [0x000001e62919c4a0, 0x000001e62919c578]
Event: 9.882 Thread 0x000001e67a08e950 7576       1       java.io.ObjectStreamClass::getName (5 bytes)
Event: 9.882 Thread 0x000001e67a08e950 nmethod 7576 0x000001e62919c010 code [0x000001e62919c1a0, 0x000001e62919c278]
Event: 9.882 Thread 0x000001e67a08e950 7578       1       sun.rmi.transport.tcp.TCPConnection::getOutputStream (30 bytes)
Event: 9.882 Thread 0x000001e67a08e950 nmethod 7578 0x000001e62919b910 code [0x000001e62919bac0, 0x000001e62919bee8]
Event: 9.882 Thread 0x000001e67a08e950 7577       1       java.io.ObjectStreamClass$FieldReflector::getFields (5 bytes)
Event: 9.882 Thread 0x000001e67a08e950 nmethod 7577 0x000001e62919b610 code [0x000001e62919b7a0, 0x000001e62919b878]
Event: 9.882 Thread 0x000001e67a08e950 7579   !   1       java.io.ObjectInputStream$BlockDataInputStream::refill (136 bytes)
Event: 9.883 Thread 0x000001e67a08e950 nmethod 7579 0x000001e62919af90 code [0x000001e62919b160, 0x000001e62919b408]
Event: 9.883 Thread 0x000001e67a08e950 7580   !   1       java.io.ObjectInputStream$BlockDataInputStream::readBlockHeader (249 bytes)
Event: 9.883 Thread 0x000001e67a08e950 nmethod 7580 0x000001e629199290 code [0x000001e6291995c0, 0x000001e62919a418]
Event: 9.883 Thread 0x000001e67a08e950 7582   !   1       java.io.ObjectInputStream::readObject (160 bytes)
Event: 9.884 Thread 0x000001e67a08e950 nmethod 7582 0x000001e629198590 code [0x000001e6291987a0, 0x000001e629198d18]
Event: 9.884 Thread 0x000001e67a08e950 7583       1       java.io.ObjectInputStream$BlockDataInputStream::currentBlockRemaining (41 bytes)
Event: 9.884 Thread 0x000001e67a08e950 nmethod 7583 0x000001e629198190 code [0x000001e629198340, 0x000001e6291984e8]
Event: 9.884 Thread 0x000001e67a08e950 7581       1       java.io.ObjectInputStream$BlockDataInputStream::readInt (73 bytes)
Event: 9.884 Thread 0x000001e67a08e950 nmethod 7581 0x000001e629197d10 code [0x000001e629197ec0, 0x000001e629198088]

GC Heap History (20 events):
Event: 8.263 GC heap after
{Heap after GC invocations=42 (full 0):
 garbage-first heap   total 290816K, used 60242K [0x0000000704400000, 0x0000000800000000)
  region size 2048K, 5 young (10240K), 5 survivors (10240K)
 Metaspace       used 69380K, committed 69952K, reserved 1114112K
  class space    used 9577K, committed 9856K, reserved 1048576K
}
Event: 8.423 GC heap before
{Heap before GC invocations=42 (full 0):
 garbage-first heap   total 290816K, used 224082K [0x0000000704400000, 0x0000000800000000)
  region size 2048K, 85 young (174080K), 5 survivors (10240K)
 Metaspace       used 69383K, committed 69952K, reserved 1114112K
  class space    used 9578K, committed 9856K, reserved 1048576K
}
Event: 8.427 GC heap after
{Heap after GC invocations=43 (full 0):
 garbage-first heap   total 350208K, used 61086K [0x0000000704400000, 0x0000000800000000)
  region size 2048K, 5 young (10240K), 5 survivors (10240K)
 Metaspace       used 69383K, committed 69952K, reserved 1114112K
  class space    used 9578K, committed 9856K, reserved 1048576K
}
Event: 8.637 GC heap before
{Heap before GC invocations=43 (full 0):
 garbage-first heap   total 350208K, used 259742K [0x0000000704400000, 0x0000000800000000)
  region size 2048K, 102 young (208896K), 5 survivors (10240K)
 Metaspace       used 69383K, committed 69952K, reserved 1114112K
  class space    used 9578K, committed 9856K, reserved 1048576K
}
Event: 8.640 GC heap after
{Heap after GC invocations=44 (full 0):
 garbage-first heap   total 350208K, used 62657K [0x0000000704400000, 0x0000000800000000)
  region size 2048K, 6 young (12288K), 6 survivors (12288K)
 Metaspace       used 69383K, committed 69952K, reserved 1114112K
  class space    used 9578K, committed 9856K, reserved 1048576K
}
Event: 8.802 GC heap before
{Heap before GC invocations=44 (full 0):
 garbage-first heap   total 350208K, used 259265K [0x0000000704400000, 0x0000000800000000)
  region size 2048K, 102 young (208896K), 6 survivors (12288K)
 Metaspace       used 69383K, committed 69952K, reserved 1114112K
  class space    used 9578K, committed 9856K, reserved 1048576K
}
Event: 8.806 GC heap after
{Heap after GC invocations=45 (full 0):
 garbage-first heap   total 350208K, used 63522K [0x0000000704400000, 0x0000000800000000)
  region size 2048K, 6 young (12288K), 6 survivors (12288K)
 Metaspace       used 69383K, committed 69952K, reserved 1114112K
  class space    used 9578K, committed 9856K, reserved 1048576K
}
Event: 8.951 GC heap before
{Heap before GC invocations=45 (full 0):
 garbage-first heap   total 350208K, used 260130K [0x0000000704400000, 0x0000000800000000)
  region size 2048K, 102 young (208896K), 6 survivors (12288K)
 Metaspace       used 69399K, committed 69952K, reserved 1114112K
  class space    used 9581K, committed 9856K, reserved 1048576K
}
Event: 8.955 GC heap after
{Heap after GC invocations=46 (full 0):
 garbage-first heap   total 350208K, used 64404K [0x0000000704400000, 0x0000000800000000)
  region size 2048K, 6 young (12288K), 6 survivors (12288K)
 Metaspace       used 69399K, committed 69952K, reserved 1114112K
  class space    used 9581K, committed 9856K, reserved 1048576K
}
Event: 9.138 GC heap before
{Heap before GC invocations=46 (full 0):
 garbage-first heap   total 350208K, used 261012K [0x0000000704400000, 0x0000000800000000)
  region size 2048K, 102 young (208896K), 6 survivors (12288K)
 Metaspace       used 69399K, committed 69952K, reserved 1114112K
  class space    used 9581K, committed 9856K, reserved 1048576K
}
Event: 9.189 GC heap after
{Heap after GC invocations=47 (full 0):
 garbage-first heap   total 421888K, used 65433K [0x0000000704400000, 0x0000000800000000)
  region size 2048K, 7 young (14336K), 7 survivors (14336K)
 Metaspace       used 69399K, committed 69952K, reserved 1114112K
  class space    used 9581K, committed 9856K, reserved 1048576K
}
Event: 9.475 GC heap before
{Heap before GC invocations=47 (full 0):
 garbage-first heap   total 421888K, used 303001K [0x0000000704400000, 0x0000000800000000)
  region size 2048K, 123 young (251904K), 7 survivors (14336K)
 Metaspace       used 69399K, committed 69952K, reserved 1114112K
  class space    used 9581K, committed 9856K, reserved 1048576K
}
Event: 9.486 GC heap after
{Heap after GC invocations=48 (full 0):
 garbage-first heap   total 421888K, used 68069K [0x0000000704400000, 0x0000000800000000)
  region size 2048K, 8 young (16384K), 8 survivors (16384K)
 Metaspace       used 69399K, committed 69952K, reserved 1114112K
  class space    used 9581K, committed 9856K, reserved 1048576K
}
Event: 9.700 GC heap before
{Heap before GC invocations=48 (full 0):
 garbage-first heap   total 421888K, used 303589K [0x0000000704400000, 0x0000000800000000)
  region size 2048K, 123 young (251904K), 8 survivors (16384K)
 Metaspace       used 69399K, committed 69952K, reserved 1114112K
  class space    used 9581K, committed 9856K, reserved 1048576K
}
Event: 9.704 GC heap after
{Heap after GC invocations=49 (full 0):
 garbage-first heap   total 421888K, used 68077K [0x0000000704400000, 0x0000000800000000)
  region size 2048K, 7 young (14336K), 7 survivors (14336K)
 Metaspace       used 69399K, committed 69952K, reserved 1114112K
  class space    used 9581K, committed 9856K, reserved 1048576K
}
Event: 9.863 GC heap before
{Heap before GC invocations=49 (full 0):
 garbage-first heap   total 421888K, used 305645K [0x0000000704400000, 0x0000000800000000)
  region size 2048K, 123 young (251904K), 7 survivors (14336K)
 Metaspace       used 69399K, committed 69952K, reserved 1114112K
  class space    used 9581K, committed 9856K, reserved 1048576K
}
Event: 9.867 GC heap after
{Heap after GC invocations=50 (full 0):
 garbage-first heap   total 421888K, used 68990K [0x0000000704400000, 0x0000000800000000)
  region size 2048K, 8 young (16384K), 8 survivors (16384K)
 Metaspace       used 69399K, committed 69952K, reserved 1114112K
  class space    used 9581K, committed 9856K, reserved 1048576K
}
Event: 10.025 GC heap before
{Heap before GC invocations=50 (full 0):
 garbage-first heap   total 421888K, used 304510K [0x0000000704400000, 0x0000000800000000)
  region size 2048K, 123 young (251904K), 8 survivors (16384K)
 Metaspace       used 69399K, committed 69952K, reserved 1114112K
  class space    used 9581K, committed 9856K, reserved 1048576K
}
Event: 10.028 GC heap after
{Heap after GC invocations=51 (full 0):
 garbage-first heap   total 421888K, used 70780K [0x0000000704400000, 0x0000000800000000)
  region size 2048K, 8 young (16384K), 8 survivors (16384K)
 Metaspace       used 69399K, committed 69952K, reserved 1114112K
  class space    used 9581K, committed 9856K, reserved 1048576K
}
Event: 10.178 GC heap before
{Heap before GC invocations=51 (full 0):
 garbage-first heap   total 421888K, used 306300K [0x0000000704400000, 0x0000000800000000)
  region size 2048K, 123 young (251904K), 8 survivors (16384K)
 Metaspace       used 69399K, committed 69952K, reserved 1114112K
  class space    used 9581K, committed 9856K, reserved 1048576K
}

Dll operation events (12 events):
Event: 0.011 Loaded shared library C:\Users\17161\.jdks\temurin-17.0.8.1\bin\java.dll
Event: 0.036 Loaded shared library C:\Users\17161\.jdks\temurin-17.0.8.1\bin\jsvml.dll
Event: 0.151 Loaded shared library C:\Users\17161\.jdks\temurin-17.0.8.1\bin\zip.dll
Event: 0.154 Loaded shared library C:\Users\17161\.jdks\temurin-17.0.8.1\bin\instrument.dll
Event: 0.158 Loaded shared library C:\Users\17161\.jdks\temurin-17.0.8.1\bin\net.dll
Event: 0.161 Loaded shared library C:\Users\17161\.jdks\temurin-17.0.8.1\bin\nio.dll
Event: 0.163 Loaded shared library C:\Users\17161\.jdks\temurin-17.0.8.1\bin\zip.dll
Event: 0.251 Loaded shared library D:\IntelliJ IDEA 2022.3.2\bin\breakgen64.dll
Event: 0.255 Loaded shared library C:\Users\17161\.jdks\temurin-17.0.8.1\bin\jimage.dll
Event: 0.272 Loaded shared library C:\Users\17161\.jdks\temurin-17.0.8.1\bin\management.dll
Event: 0.282 Loaded shared library C:\Users\17161\.jdks\temurin-17.0.8.1\bin\management_ext.dll
Event: 2.574 Loaded shared library C:\Users\17161\.jdks\temurin-17.0.8.1\bin\sunmscapi.dll

Deoptimization events (12 events):
Event: 1.747 Thread 0x000001e67a2274c0 DEOPT PACKING pc=0x000001e6295795f9 sp=0x000000ad5fbfbfb0
Event: 1.747 Thread 0x000001e67a2274c0 DEOPT UNPACKING pc=0x000001e628e97143 sp=0x000000ad5fbfb490 mode 3
Event: 3.663 Thread 0x000001e6009de910 DEOPT PACKING pc=0x000001e629434b1f sp=0x000000ad60ffee10
Event: 3.663 Thread 0x000001e6009de910 DEOPT UNPACKING pc=0x000001e628e97143 sp=0x000000ad60ffe268 mode 3
Event: 4.647 Thread 0x000001e67a2274c0 DEOPT PACKING pc=0x000001e629914479 sp=0x000000ad5fbfc690
Event: 4.647 Thread 0x000001e67a2274c0 DEOPT UNPACKING pc=0x000001e628e97143 sp=0x000000ad5fbfbb70 mode 3
Event: 5.059 Thread 0x000001e67a2274c0 DEOPT PACKING pc=0x000001e62995490a sp=0x000000ad5fbfd440
Event: 5.059 Thread 0x000001e67a2274c0 DEOPT UNPACKING pc=0x000001e628e97143 sp=0x000000ad5fbfc9d8 mode 0
Event: 5.248 Thread 0x000001e67a2274c0 DEOPT PACKING pc=0x000001e629a0e605 sp=0x000000ad5fbfc9e0
Event: 5.248 Thread 0x000001e67a2274c0 DEOPT UNPACKING pc=0x000001e628e97143 sp=0x000000ad5fbfbf48 mode 3
Event: 5.884 Thread 0x000001e67a2274c0 DEOPT PACKING pc=0x000001e62953c852 sp=0x000000ad5fbfbb90
Event: 5.884 Thread 0x000001e67a2274c0 DEOPT UNPACKING pc=0x000001e628e97143 sp=0x000000ad5fbfb098 mode 3

Classes unloaded (0 events):
No events

Classes redefined (0 events):
No events

Internal exceptions (20 events):
Event: 5.443 Thread 0x000001e67a2274c0 Exception <a 'java/io/FileNotFoundException'{0x0000000707bf8820}> (0x0000000707bf8820) 
thrown [s\src\hotspot\share\prims\jni.cpp, line 516]
Event: 5.461 Thread 0x000001e67a2274c0 Exception <a 'java/lang/NoSuchMethodError'{0x0000000713f3eec8}: 'int java.lang.invoke.DirectMethodHandle$Holder.invokeInterface(java.lang.Object, java.lang.Object, java.lang.Object, java.lang.Object)'> (0x0000000713f3eec8) 
thrown [s\src\hotspot\share\interpreter\linkResolver.cpp, line 759]
Event: 5.487 Thread 0x000001e67a2274c0 Exception <a 'java/lang/NoSuchMethodError'{0x000000071290a530}: 'java.lang.Object java.lang.invoke.DirectMethodHandle$Holder.invokeStaticInit(java.lang.Object, java.lang.Object, java.lang.Object, java.lang.Object)'> (0x000000071290a530) 
thrown [s\src\hotspot\share\interpreter\linkResolver.cpp, line 759]
Event: 5.490 Thread 0x000001e67a2274c0 Exception <a 'java/lang/IncompatibleClassChangeError'{0x0000000712922208}: Found class java.lang.Object, but interface was expected> (0x0000000712922208) 
thrown [s\src\hotspot\share\interpreter\linkResolver.cpp, line 826]
Event: 5.491 Thread 0x000001e67a2274c0 Exception <a 'java/lang/IncompatibleClassChangeError'{0x0000000712930ca8}: Found class java.lang.Object, but interface was expected> (0x0000000712930ca8) 
thrown [s\src\hotspot\share\interpreter\linkResolver.cpp, line 826]
Event: 5.493 Thread 0x000001e67a2274c0 Exception <a 'java/lang/IncompatibleClassChangeError'{0x0000000712963638}: Found class java.lang.Object, but interface was expected> (0x0000000712963638) 
thrown [s\src\hotspot\share\interpreter\linkResolver.cpp, line 826]
Event: 5.569 Thread 0x000001e67a2274c0 Exception <a 'java/lang/NoSuchMethodError'{0x00000007092f0b40}: 'long java.lang.invoke.DirectMethodHandle$Holder.invokeVirtual(java.lang.Object, java.lang.Object)'> (0x00000007092f0b40) 
thrown [s\src\hotspot\share\interpreter\linkResolver.cpp, line 759]
Event: 5.571 Thread 0x000001e67a2274c0 Exception <a 'java/io/FileNotFoundException'{0x0000000709331f80}> (0x0000000709331f80) 
thrown [s\src\hotspot\share\prims\jni.cpp, line 516]
Event: 5.705 Thread 0x000001e67a2274c0 Exception <a 'java/lang/NoSuchMethodError'{0x0000000708300688}: 'int java.lang.invoke.Invokers$Holder.invokeExact_MT(java.lang.Object, java.lang.Object, java.lang.Object)'> (0x0000000708300688) 
thrown [s\src\hotspot\share\interpreter\linkResolver.cpp, line 759]
Event: 5.839 Thread 0x000001e67a2274c0 Exception <a 'java/lang/IncompatibleClassChangeError'{0x0000000713fe9cd8}: Found class java.lang.Object, but interface was expected> (0x0000000713fe9cd8) 
thrown [s\src\hotspot\share\interpreter\linkResolver.cpp, line 826]
Event: 5.846 Thread 0x000001e67a2279d0 Exception <a 'java/lang/reflect/InvocationTargetException'{0x0000000713db8d88}> (0x0000000713db8d88) 
thrown [s\src\hotspot\share\runtime\reflection.cpp, line 1121]
Event: 5.902 Thread 0x000001e67a2274c0 Exception <a 'java/lang/reflect/InvocationTargetException'{0x00000007096bc5b0}> (0x00000007096bc5b0) 
thrown [s\src\hotspot\share\runtime\reflection.cpp, line 1121]
Event: 6.008 Thread 0x000001e67a2274c0 Exception <a 'java/net/BindException'{0x00000007085a0dc8}: Address already in use: bind> (0x00000007085a0dc8) 
thrown [s\src\hotspot\share\prims\jni.cpp, line 535]
Event: 6.008 Thread 0x000001e67a2274c0 Exception <a 'java/net/SocketException'{0x00000007085a1978}: Socket is not connected: shutdown> (0x00000007085a1978) 
thrown [s\src\hotspot\share\prims\jni.cpp, line 535]
Event: 6.014 Thread 0x000001e67a2274c0 Exception <a 'java/lang/NoSuchMethodError'{0x000000070824c268}: 'void java.lang.invoke.DirectMethodHandle$Holder.invokeStatic(java.lang.Object, java.lang.Object, java.lang.Object, int)'> (0x000000070824c268) 
thrown [s\src\hotspot\share\interpreter\linkResolver.cpp, line 759]
Event: 6.344 Thread 0x000001e67a2274c0 Exception <a 'java/io/FileNotFoundException'{0x000000070a079310}> (0x000000070a079310) 
thrown [s\src\hotspot\share\prims\jni.cpp, line 516]
Event: 6.703 Thread 0x000001e67a2274c0 Exception <a 'java/lang/IncompatibleClassChangeError'{0x000000070846a4f0}: Found class java.lang.Object, but interface was expected> (0x000000070846a4f0) 
thrown [s\src\hotspot\share\interpreter\linkResolver.cpp, line 826]
Event: 6.711 Thread 0x000001e67a2274c0 Exception <a 'java/lang/IncompatibleClassChangeError'{0x000000070852f698}: Found class java.lang.Object, but interface was expected> (0x000000070852f698) 
thrown [s\src\hotspot\share\interpreter\linkResolver.cpp, line 826]
Event: 6.723 Thread 0x000001e67a2274c0 Exception <a 'java/lang/IncompatibleClassChangeError'{0x00000007082216b0}: Found class java.lang.Object, but interface was expected> (0x00000007082216b0) 
thrown [s\src\hotspot\share\interpreter\linkResolver.cpp, line 826]
Event: 6.842 Thread 0x000001e67a2274c0 Exception <a 'java/lang/NoSuchMethodError'{0x000000070ab6a6d8}: 'int java.lang.invoke.DirectMethodHandle$Holder.invokeStatic(java.lang.Object, java.lang.Object, int)'> (0x000000070ab6a6d8) 
thrown [s\src\hotspot\share\interpreter\linkResolver.cpp, line 759]

VM Operations (20 events):
Event: 8.263 Executing VM operation: G1CollectForAllocation done
Event: 8.423 Executing VM operation: G1CollectForAllocation
Event: 8.427 Executing VM operation: G1CollectForAllocation done
Event: 8.637 Executing VM operation: G1CollectForAllocation
Event: 8.640 Executing VM operation: G1CollectForAllocation done
Event: 8.801 Executing VM operation: G1CollectForAllocation
Event: 8.806 Executing VM operation: G1CollectForAllocation done
Event: 8.951 Executing VM operation: G1CollectForAllocation
Event: 8.955 Executing VM operation: G1CollectForAllocation done
Event: 9.138 Executing VM operation: G1CollectForAllocation
Event: 9.189 Executing VM operation: G1CollectForAllocation done
Event: 9.475 Executing VM operation: G1CollectForAllocation
Event: 9.486 Executing VM operation: G1CollectForAllocation done
Event: 9.700 Executing VM operation: G1CollectForAllocation
Event: 9.704 Executing VM operation: G1CollectForAllocation done
Event: 9.863 Executing VM operation: G1CollectForAllocation
Event: 9.867 Executing VM operation: G1CollectForAllocation done
Event: 10.024 Executing VM operation: G1CollectForAllocation
Event: 10.028 Executing VM operation: G1CollectForAllocation done
Event: 10.178 Executing VM operation: G1CollectForAllocation

Events (20 events):
Event: 6.850 loading class jdk/internal/icu/text/NormalizerBase$NFDModeImpl done
Event: 6.855 Thread 0x000001e60219f370 Thread added: 0x000001e60219f370
Event: 6.857 Thread 0x000001e60219f370 Thread exited: 0x000001e60219f370
Event: 6.867 Thread 0x000001e60219ee60 Thread added: 0x000001e60219ee60
Event: 7.359 Thread 0x000001e6021a1bf0 Thread added: 0x000001e6021a1bf0
Event: 7.361 Thread 0x000001e6021a1bf0 Thread exited: 0x000001e6021a1bf0
Event: 7.862 Thread 0x000001e6021a1bf0 Thread added: 0x000001e6021a1bf0
Event: 7.862 Thread 0x000001e67a22cfc0 Thread exited: 0x000001e67a22cfc0
Event: 7.862 Thread 0x000001e67a22c520 Thread exited: 0x000001e67a22c520
Event: 7.864 Thread 0x000001e6021a1bf0 Thread exited: 0x000001e6021a1bf0
Event: 8.365 Thread 0x000001e6021a02a0 Thread added: 0x000001e6021a02a0
Event: 8.367 Thread 0x000001e67a22bf50 Thread exited: 0x000001e67a22bf50
Event: 8.367 Thread 0x000001e67a0e2e30 Thread exited: 0x000001e67a0e2e30
Event: 8.367 Thread 0x000001e6021a02a0 Thread exited: 0x000001e6021a02a0
Event: 8.868 Thread 0x000001e6021a1bf0 Thread added: 0x000001e6021a1bf0
Event: 8.872 Thread 0x000001e6021a1bf0 Thread exited: 0x000001e6021a1bf0
Event: 9.375 Thread 0x000001e6021a1bf0 Thread added: 0x000001e6021a1bf0
Event: 9.379 Thread 0x000001e6021a1bf0 Thread exited: 0x000001e6021a1bf0
Event: 9.881 Thread 0x000001e6021a2100 Thread added: 0x000001e6021a2100
Event: 9.883 Thread 0x000001e6021a2100 Thread exited: 0x000001e6021a2100


Dynamic libraries:
0x00007ff6f63e0000 - 0x00007ff6f63ee000 	C:\Users\17161\.jdks\temurin-17.0.8.1\bin\java.exe
0x00007ffde18f0000 - 0x00007ffde1b07000 	C:\WINDOWS\SYSTEM32\ntdll.dll
0x00007ffde0d70000 - 0x00007ffde0e34000 	C:\WINDOWS\System32\KERNEL32.DLL
0x00007ffddf290000 - 0x00007ffddf635000 	C:\WINDOWS\System32\KERNELBASE.dll
0x00007ffddef80000 - 0x00007ffddf091000 	C:\WINDOWS\System32\ucrtbase.dll
0x00007ffdb3a20000 - 0x00007ffdb3a37000 	C:\Users\17161\.jdks\temurin-17.0.8.1\bin\jli.dll
0x00007ffdb3a00000 - 0x00007ffdb3a19000 	C:\Users\17161\.jdks\temurin-17.0.8.1\bin\VCRUNTIME140.dll
0x00007ffddfe50000 - 0x00007ffddfffe000 	C:\WINDOWS\System32\USER32.dll
0x00007ffddf0a0000 - 0x00007ffddf0c6000 	C:\WINDOWS\System32\win32u.dll
0x00007ffddfbe0000 - 0x00007ffddfc09000 	C:\WINDOWS\System32\GDI32.dll
0x00007ffddf0d0000 - 0x00007ffddf1e9000 	C:\WINDOWS\System32\gdi32full.dll
0x00007ffddf1f0000 - 0x00007ffddf28a000 	C:\WINDOWS\System32\msvcp_win.dll
0x00007ffdc4cb0000 - 0x00007ffdc4f43000 	C:\WINDOWS\WinSxS\amd64_microsoft.windows.common-controls_6595b64144ccf1df_6.0.22621.2506_none_270c5ae97388e100\COMCTL32.dll
0x00007ffddf6a0000 - 0x00007ffddf747000 	C:\WINDOWS\System32\msvcrt.dll
0x00007ffde1120000 - 0x00007ffde1151000 	C:\WINDOWS\System32\IMM32.DLL
0x00007ffdc0210000 - 0x00007ffdc021c000 	C:\Users\17161\.jdks\temurin-17.0.8.1\bin\vcruntime140_1.dll
0x00007ffdb11c0000 - 0x00007ffdb1251000 	C:\Users\17161\.jdks\temurin-17.0.8.1\bin\msvcp140.dll
0x00007ffd036c0000 - 0x00007ffd0430c000 	C:\Users\17161\.jdks\temurin-17.0.8.1\bin\server\jvm.dll
0x00007ffde0f60000 - 0x00007ffde1011000 	C:\WINDOWS\System32\ADVAPI32.dll
0x00007ffde1160000 - 0x00007ffde1206000 	C:\WINDOWS\System32\sechost.dll
0x00007ffde0e40000 - 0x00007ffde0f57000 	C:\WINDOWS\System32\RPCRT4.dll
0x00007ffddda70000 - 0x00007ffdddabd000 	C:\WINDOWS\SYSTEM32\POWRPROF.dll
0x00007ffdc7320000 - 0x00007ffdc7354000 	C:\WINDOWS\SYSTEM32\WINMM.dll
0x00007ffdd2f10000 - 0x00007ffdd2f1a000 	C:\WINDOWS\SYSTEM32\VERSION.dll
0x00007ffdbac40000 - 0x00007ffdbac49000 	C:\WINDOWS\SYSTEM32\WSOCK32.dll
0x00007ffddfdd0000 - 0x00007ffddfe41000 	C:\WINDOWS\System32\WS2_32.dll
0x00007ffddda50000 - 0x00007ffddda63000 	C:\WINDOWS\SYSTEM32\UMPDC.dll
0x00007ffdddcb0000 - 0x00007ffdddcc8000 	C:\WINDOWS\SYSTEM32\kernel.appcore.dll
0x00007ffdbfeb0000 - 0x00007ffdbfeba000 	C:\Users\17161\.jdks\temurin-17.0.8.1\bin\jimage.dll
0x00007ffddc750000 - 0x00007ffddc983000 	C:\WINDOWS\SYSTEM32\DBGHELP.DLL
0x00007ffddf7a0000 - 0x00007ffddfb29000 	C:\WINDOWS\System32\combase.dll
0x00007ffde1530000 - 0x00007ffde1607000 	C:\WINDOWS\System32\OLEAUT32.dll
0x00007ffdbf450000 - 0x00007ffdbf482000 	C:\WINDOWS\SYSTEM32\dbgcore.DLL
0x00007ffddec60000 - 0x00007ffddecda000 	C:\WINDOWS\System32\bcryptPrimitives.dll
0x00007ffdc6bc0000 - 0x00007ffdc6bce000 	C:\Users\17161\.jdks\temurin-17.0.8.1\bin\instrument.dll
0x00007ffdb1b90000 - 0x00007ffdb1bb5000 	C:\Users\17161\.jdks\temurin-17.0.8.1\bin\java.dll
0x00007ffdb0f70000 - 0x00007ffdb1046000 	C:\Users\17161\.jdks\temurin-17.0.8.1\bin\jsvml.dll
0x00007ffde0480000 - 0x00007ffde0cd9000 	C:\WINDOWS\System32\SHELL32.dll
0x00007ffddc990000 - 0x00007ffddd284000 	C:\WINDOWS\SYSTEM32\windows.storage.dll
0x00007ffddc610000 - 0x00007ffddc74e000 	C:\WINDOWS\SYSTEM32\wintypes.dll
0x00007ffde13d0000 - 0x00007ffde14c3000 	C:\WINDOWS\System32\SHCORE.dll
0x00007ffde14d0000 - 0x00007ffde152e000 	C:\WINDOWS\System32\shlwapi.dll
0x00007ffddeb90000 - 0x00007ffddebb6000 	C:\WINDOWS\SYSTEM32\profapi.dll
0x00007ffdb1960000 - 0x00007ffdb1978000 	C:\Users\17161\.jdks\temurin-17.0.8.1\bin\zip.dll
0x00007ffdb19a0000 - 0x00007ffdb19b9000 	C:\Users\17161\.jdks\temurin-17.0.8.1\bin\net.dll
0x00007ffdd7d40000 - 0x00007ffdd7e77000 	C:\WINDOWS\SYSTEM32\WINHTTP.dll
0x00007ffdde190000 - 0x00007ffdde1f9000 	C:\WINDOWS\system32\mswsock.dll
0x00007ffdb1980000 - 0x00007ffdb1995000 	C:\Users\17161\.jdks\temurin-17.0.8.1\bin\nio.dll
0x00007ffdc5290000 - 0x00007ffdc52aa000 	D:\IntelliJ IDEA 2022.3.2\bin\breakgen64.dll
0x00007ffdb82f0000 - 0x00007ffdb833b000 	C:\Program Files (x86)\Sangfor\SSL\ClientComponent\SangforNspX64.dll
0x00007ffddfc30000 - 0x00007ffddfdd0000 	C:\WINDOWS\System32\ole32.dll
0x00007ffddfc20000 - 0x00007ffddfc28000 	C:\WINDOWS\System32\PSAPI.DLL
0x00007ffddd740000 - 0x00007ffddd839000 	C:\WINDOWS\SYSTEM32\DNSAPI.dll
0x00007ffddd710000 - 0x00007ffddd73d000 	C:\WINDOWS\SYSTEM32\IPHLPAPI.DLL
0x00007ffde17f0000 - 0x00007ffde17f9000 	C:\WINDOWS\System32\NSI.dll
0x0000000071f10000 - 0x0000000071f36000 	C:\Program Files\Bonjour\mdnsNSP.dll
0x00007ffdd82a0000 - 0x00007ffdd82aa000 	C:\Windows\System32\rasadhlp.dll
0x00007ffdd6130000 - 0x00007ffdd61b3000 	C:\WINDOWS\System32\fwpuclnt.dll
0x00007ffdd8f70000 - 0x00007ffdd8f79000 	C:\Users\17161\.jdks\temurin-17.0.8.1\bin\management.dll
0x00007ffdd8f10000 - 0x00007ffdd8f1b000 	C:\Users\17161\.jdks\temurin-17.0.8.1\bin\management_ext.dll
0x00007ffdde400000 - 0x00007ffdde41b000 	C:\WINDOWS\SYSTEM32\CRYPTSP.dll
0x00007ffdddc70000 - 0x00007ffdddca5000 	C:\WINDOWS\system32\rsaenh.dll
0x00007ffdde2a0000 - 0x00007ffdde2cc000 	C:\WINDOWS\SYSTEM32\USERENV.dll
0x00007ffdde5f0000 - 0x00007ffdde618000 	C:\WINDOWS\SYSTEM32\bcrypt.dll
0x00007ffdde420000 - 0x00007ffdde42c000 	C:\WINDOWS\SYSTEM32\CRYPTBASE.dll
0x00007ffdd7ee0000 - 0x00007ffdd7ef9000 	C:\WINDOWS\SYSTEM32\dhcpcsvc6.DLL
0x00007ffdd73f0000 - 0x00007ffdd740f000 	C:\WINDOWS\SYSTEM32\dhcpcsvc.DLL
0x00007ffdbb060000 - 0x00007ffdbb077000 	C:\WINDOWS\system32\napinsp.dll
0x00007ffdbafb0000 - 0x00007ffdbafcb000 	C:\WINDOWS\system32\pnrpnsp.dll
0x00007ffdbae80000 - 0x00007ffdbae91000 	C:\WINDOWS\System32\winrnr.dll
0x00007ffdd74c0000 - 0x00007ffdd74d5000 	C:\WINDOWS\system32\wshbth.dll
0x00007ffdbae50000 - 0x00007ffdbae71000 	C:\WINDOWS\system32\nlansp_c.dll
0x00007ffdbfe90000 - 0x00007ffdbfe9e000 	C:\Users\17161\.jdks\temurin-17.0.8.1\bin\sunmscapi.dll
0x00007ffddee10000 - 0x00007ffddef76000 	C:\WINDOWS\System32\CRYPT32.dll
0x00007ffdde5c0000 - 0x00007ffdde5ed000 	C:\WINDOWS\SYSTEM32\ncrypt.dll
0x00007ffdde580000 - 0x00007ffdde5b7000 	C:\WINDOWS\SYSTEM32\NTASN1.dll
0x00007ffdb80d0000 - 0x00007ffdb80d8000 	C:\WINDOWS\system32\wshunix.dll

dbghelp: loaded successfully - version: 4.0.5 - missing functions: none
symbol engine: initialized successfully - sym options: 0x614 - pdb path: .;C:\Users\17161\.jdks\temurin-17.0.8.1\bin;C:\WINDOWS\SYSTEM32;C:\WINDOWS\WinSxS\amd64_microsoft.windows.common-controls_6595b64144ccf1df_6.0.22621.2506_none_270c5ae97388e100;C:\Users\17161\.jdks\temurin-17.0.8.1\bin\server;D:\IntelliJ IDEA 2022.3.2\bin;C:\Program Files (x86)\Sangfor\SSL\ClientComponent;C:\Program Files\Bonjour

VM Arguments:
jvm_args: -XX:TieredStopAtLevel=1 -Dspring.output.ansi.enabled=always -Dcom.sun.management.jmxremote -Dspring.jmx.enabled=true -Dspring.liveBeansView.mbeanDomain -Dspring.application.admin.enabled=true -Dmanagement.endpoints.jmx.exposure.include=* -javaagent:D:\IntelliJ IDEA 2022.3.2\lib\idea_rt.jar=63053:D:\IntelliJ IDEA 2022.3.2\bin -Dfile.encoding=UTF-8 
java_command: top.lxyi.train.business.config.BusinessApplication
java_class_path (initial): F:\\3\\train\business\target\classes;F:\\3\\train\common\target\classes;D:\maven_jar\org\springframework\cloud\spring-cloud-starter\4.0.0\spring-cloud-starter-4.0.0.jar;D:\maven_jar\org\springframework\security\spring-security-rsa\1.0.11.RELEASE\spring-security-rsa-1.0.11.RELEASE.jar;D:\maven_jar\org\bouncycastle\bcpkix-jdk15on\1.69\bcpkix-jdk15on-1.69.jar;D:\maven_jar\org\bouncycastle\bcprov-jdk15on\1.69\bcprov-jdk15on-1.69.jar;D:\maven_jar\org\bouncycastle\bcutil-jdk15on\1.69\bcutil-jdk15on-1.69.jar;D:\maven_jar\org\springframework\boot\spring-boot-starter-aop\3.0.2\spring-boot-starter-aop-3.0.2.jar;D:\maven_jar\org\springframework\spring-aop\6.0.4\spring-aop-6.0.4.jar;D:\maven_jar\org\aspectj\aspectjweaver\1.9.19\aspectjweaver-1.9.19.jar;D:\maven_jar\com\alibaba\fastjson\1.2.83\fastjson-1.2.83.jar;D:\maven_jar\cn\hutool\hutool-all\5.8.22\hutool-all-5.8.22.jar;D:\maven_jar\org\projectlombok\lombok\1.18.28\lombok-1.18.28.jar;D:\maven_jar\org\mybatis\spring\boot\mybatis-spring-boot-starter\3.0.1\mybatis-spring-boot-starter-3.0.1.jar;D:\maven_jar\org\springframework\boot\spring-boot-starter-jdbc\3.0.2\spring-boot-starter-jdbc-3.0.2.jar;D:\maven_jar\com\zaxxer\HikariCP\5.0.1\HikariCP-5.0.1.jar;D:\maven_jar\org\springframework\spring-jdbc\6.0.4\spring-jdbc-6.0.4.jar;D:\maven_jar\org\mybatis\spring\boot\mybatis-spring-boot-autoconfigure\3.0.1\mybatis-spring-boot-autoconfigure-3.0.1.jar;D:\maven_jar\org\mybatis\mybatis\3.5.11\mybatis-3.5.11.jar;D:\maven_jar\org\mybatis\mybatis-spring\3.0.1\mybatis-spring-3.0.1.jar;D:\maven_jar\com\mysql\mysql-connector-j\8.0.32\mysql-connector-j-8.0.32.jar;D:\maven_jar\org\springframework\boot\spring-boot-starter-validation\3.0.2\spring-boot-starter-validation-3.0.2.jar;D:\maven_jar\org\apache\tomcat\embed\tomcat-embed-el\10.1.5\tomcat-embed-el-10.1.5.jar;D:\maven_jar\org\hibernate\validator\hibernate-validator\8.0.0.Final\hibernate-validator-8.0.0.Final.jar;D:\maven_jar\jakart
Launcher Type: SUN_STANDARD

[Global flags]
     intx CICompilerCount                          = 12                                        {product} {ergonomic}
     uint ConcGCThreads                            = 4                                         {product} {ergonomic}
     uint G1ConcRefinementThreads                  = 15                                        {product} {ergonomic}
   size_t G1HeapRegionSize                         = 2097152                                   {product} {ergonomic}
    uintx GCDrainStackTargetSize                   = 64                                        {product} {ergonomic}
   size_t InitialHeapSize                          = 264241152                                 {product} {ergonomic}
     bool ManagementServer                         = true                                      {product} {command line}
   size_t MarkStackSize                            = 4194304                                   {product} {ergonomic}
   size_t MaxHeapSize                              = 4223664128                                {product} {ergonomic}
   size_t MaxNewSize                               = 2533359616                                {product} {ergonomic}
   size_t MinHeapDeltaBytes                        = 2097152                                   {product} {ergonomic}
   size_t MinHeapSize                              = 8388608                                   {product} {ergonomic}
    uintx NonProfiledCodeHeapSize                  = 0                                      {pd product} {ergonomic}
     bool ProfileInterpreter                       = false                                  {pd product} {command line}
    uintx ProfiledCodeHeapSize                     = 0                                      {pd product} {ergonomic}
   size_t SoftMaxHeapSize                          = 4223664128                             {manageable} {ergonomic}
     intx TieredStopAtLevel                        = 1                                         {product} {command line}
     bool UseCompressedClassPointers               = true                           {product lp64_product} {ergonomic}
     bool UseCompressedOops                        = true                           {product lp64_product} {ergonomic}
     bool UseG1GC                                  = true                                      {product} {ergonomic}
     bool UseLargePagesIndividualAllocation        = false                                  {pd product} {ergonomic}

Logging:
Log output configuration:
 #0: stdout all=warning uptime,level,tags
 #1: stderr all=off uptime,level,tags

Environment Variables:
JAVA_HOME=D:\Downloads\Java\jdk-18.0.2.1
PATH=D:\Downloads\VMware\VMware Workstation\bin\;D:\Downloads\Java\jdk-18.0.2.1\bin;C:\Windows\system32;C:\Windows;C:\Windows\System32\Wbem;C:\Windows\System32\WindowsPowerShell\v1.0\;C:\Windows\System32\OpenSSH\;C:\Program Files (x86)\NVIDIA Corporation\PhysX\Common;C:\Program Files\NVIDIA Corporation\NVIDIA NvDLISR;C:\WINDOWS\system32;C:\WINDOWS;C:\WINDOWS\System32\Wbem;C:\WINDOWS\System32\WindowsPowerShell\v1.0\;C:\WINDOWS\System32\OpenSSH\;C:\Program Files\Microsoft SQL Server\150\Tools\Binn\;C:\Program Files\Bandizip\;D:\Downloads\web\dll;%NVM_H;ME%;D:\Downloads\nodejs;D:\Downloads\nodejs\node_global;D:\Downloads\redis5;D:\Downloads\Git\cmd;D:\Downloads\flutter\bin;D:\Downloads\Android\Sdk\tools;D:\Downloads\Android\Sdk\platform-tools;C:\Program Files\Docker\Docker\resources\bin;D:\Downloads\nvm\v18.15.0\node_global;D:\Downloads\MySQL\MySQL Shell 8.0\bin\;C:\Users\17161\AppData\Local\Microsoft\WindowsApps;D:\Downloads\Microsoft VS Code\bin;D:\Downloads\apache-maven-3.9.0-bin\apache-maven-3.9.0\bin;D:\IntelliJ IDEA 2022.3.2\bin;;D:\Downloads\nvm;D:\Downloads\nodejs;D:\Downloads\WebStorm 2023.1\bin;;C:\Users\17161\AppData\Local\Programs\oh-my-posh\bin
USERNAME=17161
OS=Windows_NT
PROCESSOR_IDENTIFIER=Intel64 Family 6 Model 154 Stepping 3, GenuineIntel
TMP=C:\Users\17161\AppData\Local\Temp
TEMP=C:\Users\17161\AppData\Local\Temp



---------------  S Y S T E M  ---------------

OS:
 Windows 11 , 64 bit Build 22621 (10.0.22621.2506)
OS uptime: 2 days 22:24 hours
Hyper-V role detected

CPU: total 20 (initial active 20) (10 cores per cpu, 2 threads per core) family 6 model 154 stepping 3 microcode 0x413, cx8, cmov, fxsr, ht, mmx, 3dnowpref, sse, sse2, sse3, ssse3, sse4.1, sse4.2, popcnt, lzcnt, tsc, tscinvbit, avx, avx2, aes, erms, clmul, bmi1, bmi2, adx, sha, fma, vzeroupper, clflush, clflushopt, clwb, hv
Processor Information for processor 0
  Max Mhz: 2300, Current Mhz: 2300, Mhz Limit: 2300
Processor Information for processor 1
  Max Mhz: 2300, Current Mhz: 2300, Mhz Limit: 2300
Processor Information for processor 2
  Max Mhz: 2300, Current Mhz: 2300, Mhz Limit: 2300
Processor Information for processor 3
  Max Mhz: 2300, Current Mhz: 2300, Mhz Limit: 2300
Processor Information for processor 4
  Max Mhz: 2300, Current Mhz: 2300, Mhz Limit: 2300
Processor Information for processor 5
  Max Mhz: 2300, Current Mhz: 2300, Mhz Limit: 2300
Processor Information for processor 6
  Max Mhz: 2300, Current Mhz: 2300, Mhz Limit: 2300
Processor Information for processor 7
  Max Mhz: 2300, Current Mhz: 2300, Mhz Limit: 2300
Processor Information for processor 8
  Max Mhz: 2300, Current Mhz: 2300, Mhz Limit: 2300
Processor Information for processor 9
  Max Mhz: 2300, Current Mhz: 2300, Mhz Limit: 2300
Processor Information for processor 10
  Max Mhz: 2300, Current Mhz: 2300, Mhz Limit: 2300
Processor Information for processor 11
  Max Mhz: 2300, Current Mhz: 2300, Mhz Limit: 2300
Processor Information for processor 12
  Max Mhz: 2300, Current Mhz: 1500, Mhz Limit: 1679
Processor Information for processor 13
  Max Mhz: 2300, Current Mhz: 1700, Mhz Limit: 1679
Processor Information for processor 14
  Max Mhz: 2300, Current Mhz: 1700, Mhz Limit: 1679
Processor Information for processor 15
  Max Mhz: 2300, Current Mhz: 1700, Mhz Limit: 1679
Processor Information for processor 16
  Max Mhz: 2300, Current Mhz: 1700, Mhz Limit: 1679
Processor Information for processor 17
  Max Mhz: 2300, Current Mhz: 1700, Mhz Limit: 1679
Processor Information for processor 18
  Max Mhz: 2300, Current Mhz: 1700, Mhz Limit: 1679
Processor Information for processor 19
  Max Mhz: 2300, Current Mhz: 1700, Mhz Limit: 1679

Memory: 4k page, system-wide physical 16108M (225M free)
TotalPageFile size 35161M (AvailPageFile size 270M)
current process WorkingSet (physical memory assigned to process): 675M, peak: 675M
current process commit charge ("private bytes"): 745M, peak: 1057M

vm_info: OpenJDK 64-Bit Server VM (17.0.8.1+1) for windows-amd64 JRE (17.0.8.1+1), built on Aug 23 2023 15:29:17 by "admin" with MS VC++ 16.7 (VS2019)

END.
