#
# There is insufficient memory for the Java Runtime Environment to continue.
# Native memory allocation (mmap) failed to map 555745280 bytes for G1 virtual space
# Possible reasons:
#   The system is out of physical RAM or swap space
#   The process is running with CompressedOops enabled, and the Java Heap may be blocking the growth of the native heap
# Possible solutions:
#   Reduce memory load on the system
#   Increase physical memory or swap space
#   Check if swap backing store is full
#   Decrease Java heap size (-Xmx/-Xms)
#   Decrease number of Java threads
#   Decrease Java thread stack sizes (-Xss)
#   Set larger code cache with -XX:ReservedCodeCacheSize=
#   JVM is running with Zero Based Compressed Oops mode in which the Java heap is
#     placed in the first 32GB address space. The Java Heap base address is the
#     maximum limit for the native heap growth. Please use -XX:HeapBaseMinAddress
#     to set the Java Heap base and to place the Java Heap above 32GB virtual address.
# This output file may be truncated or incomplete.
#
#  Out of Memory Error (os_windows.cpp:3617), pid=15000, tid=22052
#
# JRE version: OpenJDK Runtime Environment Temurin-17.0.8.1+1 (17.0.8.1+1) (build 17.0.8.1+1)
# Java VM: OpenJDK 64-Bit Server VM Temurin-17.0.8.1+1 (17.0.8.1+1, mixed mode, emulated-client, sharing, tiered, compressed oops, compressed class ptrs, g1 gc, windows-amd64)
# No core dump will be written. Minidumps are not enabled by default on client versions of Windows
#

---------------  S U M M A R Y ------------

Command Line: -XX:TieredStopAtLevel=1 -Dspring.output.ansi.enabled=always -Dcom.sun.management.jmxremote -Dspring.jmx.enabled=true -Dspring.liveBeansView.mbeanDomain -Dspring.application.admin.enabled=true -Dmanagement.endpoints.jmx.exposure.include=* -javaagent:D:\IntelliJ IDEA 2022.3.2\lib\idea_rt.jar=56297:D:\IntelliJ IDEA 2022.3.2\bin -Dfile.encoding=UTF-8 top.lxyi.train.gateway.config.GatewayApplication

Host: 12th Gen Intel(R) Core(TM) i7-12700H, 20 cores, 15G,  Windows 11 , 64 bit Build 22621 (10.0.22621.2506)
Time: Fri Dec  1 10:20:30 2023  Windows 11 , 64 bit Build 22621 (10.0.22621.2506) elapsed time: 3280.159506 seconds (0d 0h 54m 40s)

---------------  T H R E A D  ---------------

Current thread (0x00000186336c4e30):  VMThread "VM Thread" [stack: 0x0000007fdbd00000,0x0000007fdbe00000] [id=22052]

Stack: [0x0000007fdbd00000,0x0000007fdbe00000]
Native frames: (J=compiled Java code, j=interpreted, Vv=VM code, C=native code)
V  [jvm.dll+0x678b0a]
V  [jvm.dll+0x835e84]
V  [jvm.dll+0x83762e]
V  [jvm.dll+0x837c93]
V  [jvm.dll+0x24746f]
V  [jvm.dll+0x675859]
V  [jvm.dll+0x66a0ea]
V  [jvm.dll+0x306c7b]
V  [jvm.dll+0x30e166]
V  [jvm.dll+0x35dd3e]
V  [jvm.dll+0x35df6f]
V  [jvm.dll+0x2ddb48]
V  [jvm.dll+0x2dbd0c]
V  [jvm.dll+0x2db2dc]
V  [jvm.dll+0x31f18b]
V  [jvm.dll+0x83c15b]
V  [jvm.dll+0x83ce94]
V  [jvm.dll+0x83d3ac]
V  [jvm.dll+0x83d784]
V  [jvm.dll+0x83d850]
V  [jvm.dll+0x7e64ca]
V  [jvm.dll+0x677955]
C  [ucrtbase.dll+0x29363]
C  [KERNEL32.DLL+0x1257d]
C  [ntdll.dll+0x5aa58]

VM_Operation (0x0000007fe2af8f20): G1CollectForAllocation, mode: safepoint, requested by thread 0x0000018675801170


---------------  P R O C E S S  ---------------

Threads class SMR info:
_java_thread_list=0x000001867c199860, length=116, elements={
0x00000186336ca960, 0x00000186336cd700, 0x00000186336ea310, 0x00000186336eaea0,
0x00000186336ecef0, 0x00000186336ed7c0, 0x00000186336f04b0, 0x00000186336f0dc0,
0x00000186336b4be0, 0x0000018675589880, 0x0000018675589d60, 0x0000018675733590,
0x000001867a578010, 0x000001867a62f060, 0x000001867a632300, 0x000001867a62f570,
0x000001867a6318e0, 0x000001867a632810, 0x000001867a6313d0, 0x000001867a62fa80,
0x000001867a62ff90, 0x000001867a630ec0, 0x000001867af7b600, 0x000001867af7a6d0,
0x000001867af77430, 0x000001867af79cb0, 0x000001867af7c020, 0x000001867af7ca40,
0x000001867af7a1c0, 0x000001867af77940, 0x000001867af78360, 0x000001867af78870,
0x000001867af7abe0, 0x000001867af7c530, 0x00000186751fe3b0, 0x00000186751fa1e0,
0x00000186751fd480, 0x00000186751fd990, 0x00000186751f92b0, 0x00000186751ff7f0,
0x00000186751fb620, 0x00000186751fedd0, 0x0000018675200210, 0x00000186751fcf70,
0x00000186751fb110, 0x00000186751fc040, 0x00000186751fc550, 0x00000186751fca60,
0x0000018675200c30, 0x00000186751ffd00, 0x00000186751fdea0, 0x00000186751fe8c0,
0x0000018675200720, 0x00000186751fbb30, 0x00000186751fac00, 0x000001867af7b0f0,
0x000001867af7d460, 0x000001867af7e390, 0x000001867af7d970, 0x000001867af797a0,
0x000001867af77e50, 0x00000186751f9cd0, 0x000001867af7edb0, 0x000001867a6304a0,
0x00000186751fa6f0, 0x00000186751ff2e0, 0x00000186751f97c0, 0x00000186757fca90,
0x00000186757ff310, 0x00000186757ffd30, 0x0000018675800750, 0x0000018675802fd0,
0x00000186757fcfa0, 0x00000186757fee00, 0x00000186757fe3e0, 0x00000186757fc580,
0x00000186757fc070, 0x00000186757ff820, 0x0000018675800c60, 0x0000018675801680,
0x00000186757fded0, 0x0000018675800240, 0x00000186757fd4b0, 0x0000018675801b90,
0x00000186757fd9c0, 0x0000018675801170, 0x00000186758020a0, 0x00000186757fe8f0,
0x00000186757fbb60, 0x00000186758025b0, 0x0000018675802ac0, 0x000001867a6309b0,
0x000001867a631df0, 0x000001867562d850, 0x000001867562fbc0, 0x00000186756351d0,
0x0000018675631000, 0x0000018675631f30, 0x0000018675634cc0, 0x0000018675632440,
0x000001867562e780, 0x0000018675632950, 0x00000186756305e0, 0x0000018675632e60,
0x0000018675633370, 0x000001867562ec90, 0x0000018675631510, 0x000001867562dd60,
0x00000186756300d0, 0x0000018675631a20, 0x0000018675630af0, 0x00000186757984b0,
0x0000018675798f50, 0x00000186757999f0, 0x00000186757994a0, 0x0000018675633880
}

Java Threads: ( => current thread )
  0x00000186336ca960 JavaThread "Reference Handler" daemon [_thread_blocked, id=24524, stack(0x0000007fdbe00000,0x0000007fdbf00000)]
  0x00000186336cd700 JavaThread "Finalizer" daemon [_thread_blocked, id=24304, stack(0x0000007fdbf00000,0x0000007fdc000000)]
  0x00000186336ea310 JavaThread "Signal Dispatcher" daemon [_thread_blocked, id=38408, stack(0x0000007fdc000000,0x0000007fdc100000)]
  0x00000186336eaea0 JavaThread "Attach Listener" daemon [_thread_blocked, id=26800, stack(0x0000007fdc100000,0x0000007fdc200000)]
  0x00000186336ecef0 JavaThread "Service Thread" daemon [_thread_blocked, id=44536, stack(0x0000007fdc200000,0x0000007fdc300000)]
  0x00000186336ed7c0 JavaThread "Monitor Deflation Thread" daemon [_thread_blocked, id=43652, stack(0x0000007fdc300000,0x0000007fdc400000)]
  0x00000186336f04b0 JavaThread "C1 CompilerThread0" daemon [_thread_blocked, id=44088, stack(0x0000007fdc400000,0x0000007fdc500000)]
  0x00000186336f0dc0 JavaThread "Sweeper thread" daemon [_thread_blocked, id=25628, stack(0x0000007fdc500000,0x0000007fdc600000)]
  0x00000186336b4be0 JavaThread "Common-Cleaner" daemon [_thread_blocked, id=24704, stack(0x0000007fdc600000,0x0000007fdc700000)]
  0x0000018675589880 JavaThread "Monitor Ctrl-Break" daemon [_thread_in_native, id=1652, stack(0x0000007fdca00000,0x0000007fdcb00000)]
  0x0000018675589d60 JavaThread "Notification Thread" daemon [_thread_blocked, id=21620, stack(0x0000007fdcb00000,0x0000007fdcc00000)]
  0x0000018675733590 JavaThread "RMI TCP Accept-0" daemon [_thread_in_native, id=11016, stack(0x0000007fdcc00000,0x0000007fdcd00000)]
  0x000001867a578010 JavaThread "RMI Scheduler(0)" daemon [_thread_blocked, id=31380, stack(0x0000007fdd800000,0x0000007fdd900000)]
  0x000001867a62f060 JavaThread "com.alibaba.nacos.client.auth.ram.identify.watcher.0" daemon [_thread_blocked, id=37328, stack(0x0000007fde400000,0x0000007fde500000)]
  0x000001867a632300 JavaThread "com.alibaba.nacos.client.Worker" daemon [_thread_blocked, id=30360, stack(0x0000007fde500000,0x0000007fde600000)]
  0x000001867a62f570 JavaThread "com.alibaba.nacos.client.Worker" daemon [_thread_blocked, id=41316, stack(0x0000007fde600000,0x0000007fde700000)]
  0x000001867a6318e0 JavaThread "com.alibaba.nacos.client.Worker" daemon [_thread_blocked, id=23688, stack(0x0000007fde700000,0x0000007fde800000)]
  0x000001867a632810 JavaThread "nacos.publisher-com.alibaba.nacos.common.notify.SlowEvent" daemon [_thread_blocked, id=27352, stack(0x0000007fdd900000,0x0000007fdda00000)]
  0x000001867a6313d0 JavaThread "com.alibaba.nacos.client.remote.worker" daemon [_thread_blocked, id=31812, stack(0x0000007fde800000,0x0000007fde900000)]
  0x000001867a62fa80 JavaThread "com.alibaba.nacos.client.remote.worker" daemon [_thread_blocked, id=29860, stack(0x0000007fde900000,0x0000007fdea00000)]
  0x000001867a62ff90 JavaThread "grpc-nio-worker-ELG-1-1" daemon [_thread_in_native, id=44780, stack(0x0000007fdea00000,0x0000007fdeb00000)]
  0x000001867a630ec0 JavaThread "grpc-nio-worker-ELG-1-2" daemon [_thread_in_native, id=40660, stack(0x0000007fdee00000,0x0000007fdef00000)]
  0x000001867af7b600 JavaThread "boundedElastic-evictor-1" daemon [_thread_blocked, id=11044, stack(0x0000007fdf900000,0x0000007fdfa00000)]
  0x000001867af7a6d0 JavaThread "spring.cloud.inetutils" daemon [_thread_blocked, id=41232, stack(0x0000007fdfa00000,0x0000007fdfb00000)]
  0x000001867af77430 JavaThread "File Watcher" daemon [_thread_blocked, id=46612, stack(0x0000007fdfb00000,0x0000007fdfc00000)]
  0x000001867af79cb0 JavaThread "reactor-http-nio-1" daemon [_thread_blocked, id=9804, stack(0x0000007fdfc00000,0x0000007fdfd00000)]
  0x000001867af7c020 JavaThread "server" [_thread_blocked, id=21832, stack(0x0000007fdfd00000,0x0000007fdfe00000)]
  0x000001867af7ca40 JavaThread "nacos.publisher-com.alibaba.nacos.client.naming.event.InstancesChangeEvent" daemon [_thread_blocked, id=45820, stack(0x0000007fdff00000,0x0000007fe0000000)]
  0x000001867af7a1c0 JavaThread "com.alibaba.nacos.naming.failover" daemon [_thread_blocked, id=34244, stack(0x0000007fe0000000,0x0000007fe0100000)]
  0x000001867af77940 JavaThread "com.alibaba.nacos.client.naming.security" daemon [_thread_blocked, id=35180, stack(0x0000007fe0100000,0x0000007fe0200000)]
  0x000001867af78360 JavaThread "com.alibaba.nacos.client.naming.grpc.redo.0" daemon [_thread_blocked, id=4796, stack(0x0000007fe0200000,0x0000007fe0300000)]
  0x000001867af78870 JavaThread "com.alibaba.nacos.client.remote.worker" daemon [_thread_blocked, id=30852, stack(0x0000007fe0300000,0x0000007fe0400000)]
  0x000001867af7abe0 JavaThread "com.alibaba.nacos.client.remote.worker" daemon [_thread_blocked, id=39512, stack(0x0000007fe0400000,0x0000007fe0500000)]
  0x000001867af7c530 JavaThread "grpc-nio-worker-ELG-1-3" daemon [_thread_in_native, id=33204, stack(0x0000007fe0500000,0x0000007fe0600000)]
  0x00000186751fe3b0 JavaThread "grpc-nio-worker-ELG-1-4" daemon [_thread_in_native, id=15720, stack(0x0000007fe0800000,0x0000007fe0900000)]
  0x00000186751fa1e0 JavaThread "DestroyJavaVM" [_thread_blocked, id=8016, stack(0x0000007fdb700000,0x0000007fdb800000)]
  0x00000186751fd480 JavaThread "com.alibaba.nacos.client.Worker" daemon [_thread_blocked, id=20220, stack(0x0000007fe1000000,0x0000007fe1100000)]
  0x00000186751fd990 JavaThread "com.alibaba.nacos.client.Worker" daemon [_thread_blocked, id=16096, stack(0x0000007fdc700000,0x0000007fdc800000)]
  0x00000186751f92b0 JavaThread "com.alibaba.nacos.client.Worker" daemon [_thread_blocked, id=42092, stack(0x0000007fdd400000,0x0000007fdd500000)]
  0x00000186751ff7f0 JavaThread "com.alibaba.nacos.client.Worker" daemon [_thread_blocked, id=12984, stack(0x0000007fdf000000,0x0000007fdf100000)]
  0x00000186751fb620 JavaThread "com.alibaba.nacos.client.Worker" daemon [_thread_blocked, id=44248, stack(0x0000007fdec00000,0x0000007fded00000)]
  0x00000186751fedd0 JavaThread "com.alibaba.nacos.client.Worker" daemon [_thread_blocked, id=8000, stack(0x0000007fdf400000,0x0000007fdf500000)]
  0x0000018675200210 JavaThread "com.alibaba.nacos.client.Worker" daemon [_thread_blocked, id=20056, stack(0x0000007fdc900000,0x0000007fdca00000)]
  0x00000186751fcf70 JavaThread "com.alibaba.nacos.client.Worker" daemon [_thread_blocked, id=6476, stack(0x0000007fdf500000,0x0000007fdf600000)]
  0x00000186751fb110 JavaThread "com.alibaba.nacos.client.Worker" daemon [_thread_blocked, id=46144, stack(0x0000007fdf600000,0x0000007fdf700000)]
  0x00000186751fc040 JavaThread "com.alibaba.nacos.client.Worker" daemon [_thread_blocked, id=34792, stack(0x0000007fdf700000,0x0000007fdf800000)]
  0x00000186751fc550 JavaThread "com.alibaba.nacos.client.Worker" daemon [_thread_blocked, id=22192, stack(0x0000007fe0900000,0x0000007fe0a00000)]
  0x00000186751fca60 JavaThread "com.alibaba.nacos.client.Worker" daemon [_thread_blocked, id=24272, stack(0x0000007fdb600000,0x0000007fdb700000)]
  0x0000018675200c30 JavaThread "com.alibaba.nacos.client.Worker" daemon [_thread_blocked, id=44076, stack(0x0000007fdf100000,0x0000007fdf200000)]
  0x00000186751ffd00 JavaThread "com.alibaba.nacos.client.Worker" daemon [_thread_blocked, id=24676, stack(0x0000007fdb500000,0x0000007fdb600000)]
  0x00000186751fdea0 JavaThread "com.alibaba.nacos.client.Worker" daemon [_thread_blocked, id=43716, stack(0x0000007fdeb00000,0x0000007fdec00000)]
  0x00000186751fe8c0 JavaThread "com.alibaba.nacos.client.Worker" daemon [_thread_blocked, id=2504, stack(0x0000007fe0600000,0x0000007fe0700000)]
  0x0000018675200720 JavaThread "com.alibaba.nacos.client.Worker" daemon [_thread_blocked, id=45668, stack(0x0000007fe0a00000,0x0000007fe0b00000)]
  0x00000186751fbb30 JavaThread "com.alibaba.nacos.client.Worker" daemon [_thread_blocked, id=43064, stack(0x0000007fdd700000,0x0000007fdd800000)]
  0x00000186751fac00 JavaThread "com.alibaba.nacos.client.Worker" daemon [_thread_blocked, id=42396, stack(0x0000007fdf800000,0x0000007fdf900000)]
  0x000001867af7b0f0 JavaThread "com.alibaba.nacos.client.Worker" daemon [_thread_blocked, id=32128, stack(0x0000007fdfe00000,0x0000007fdff00000)]
  0x000001867af7d460 JavaThread "com.alibaba.nacos.client.Worker" daemon [_thread_blocked, id=31060, stack(0x0000007fe0700000,0x0000007fe0800000)]
  0x000001867af7e390 JavaThread "com.alibaba.nacos.client.Worker" daemon [_thread_blocked, id=27384, stack(0x0000007fe0d00000,0x0000007fe0e00000)]
  0x000001867af7d970 JavaThread "com.alibaba.nacos.client.Worker" daemon [_thread_blocked, id=25608, stack(0x0000007fe0c00000,0x0000007fe0d00000)]
  0x000001867af797a0 JavaThread "com.alibaba.nacos.client.Worker" daemon [_thread_blocked, id=44064, stack(0x0000007fe0e00000,0x0000007fe0f00000)]
  0x000001867af77e50 JavaThread "com.alibaba.nacos.client.Worker" daemon [_thread_blocked, id=21312, stack(0x0000007fe1100000,0x0000007fe1200000)]
  0x00000186751f9cd0 JavaThread "com.alibaba.nacos.client.Worker" daemon [_thread_blocked, id=41872, stack(0x0000007fe1200000,0x0000007fe1300000)]
  0x000001867af7edb0 JavaThread "com.alibaba.nacos.client.Worker" daemon [_thread_blocked, id=2336, stack(0x0000007fdf200000,0x0000007fdf300000)]
  0x000001867a6304a0 JavaThread "com.alibaba.nacos.client.Worker" daemon [_thread_blocked, id=42300, stack(0x0000007fe0b00000,0x0000007fe0c00000)]
  0x00000186751fa6f0 JavaThread "com.alibaba.nacos.client.Worker" daemon [_thread_blocked, id=24472, stack(0x0000007fe0f00000,0x0000007fe1000000)]
  0x00000186751ff2e0 JavaThread "reactor-http-nio-2" daemon [_thread_blocked, id=40972, stack(0x0000007fdef00000,0x0000007fdf000000)]
  0x00000186751f97c0 JavaThread "parallel-1" daemon [_thread_blocked, id=46804, stack(0x0000007fe1400000,0x0000007fe1500000)]
  0x00000186757fca90 JavaThread "pool-7-thread-1" daemon [_thread_blocked, id=29744, stack(0x0000007fe1800000,0x0000007fe1900000)]
  0x00000186757ff310 JavaThread "reactor-http-nio-3" daemon [_thread_blocked, id=41176, stack(0x0000007fe1900000,0x0000007fe1a00000)]
  0x00000186757ffd30 JavaThread "reactor-http-nio-4" daemon [_thread_blocked, id=40244, stack(0x0000007fe1a00000,0x0000007fe1b00000)]
  0x0000018675800750 JavaThread "reactor-http-nio-5" daemon [_thread_blocked, id=35564, stack(0x0000007fe1b00000,0x0000007fe1c00000)]
  0x0000018675802fd0 JavaThread "reactor-http-nio-6" daemon [_thread_blocked, id=19560, stack(0x0000007fe1c00000,0x0000007fe1d00000)]
  0x00000186757fcfa0 JavaThread "reactor-http-nio-7" daemon [_thread_blocked, id=38664, stack(0x0000007fe1d00000,0x0000007fe1e00000)]
  0x00000186757fee00 JavaThread "reactor-http-nio-8" daemon [_thread_blocked, id=31472, stack(0x0000007fe1e00000,0x0000007fe1f00000)]
  0x00000186757fe3e0 JavaThread "reactor-http-nio-9" daemon [_thread_blocked, id=38104, stack(0x0000007fe1f00000,0x0000007fe2000000)]
  0x00000186757fc580 JavaThread "reactor-http-nio-10" daemon [_thread_blocked, id=9756, stack(0x0000007fe2000000,0x0000007fe2100000)]
  0x00000186757fc070 JavaThread "reactor-http-nio-11" daemon [_thread_blocked, id=23212, stack(0x0000007fe2100000,0x0000007fe2200000)]
  0x00000186757ff820 JavaThread "reactor-http-nio-12" daemon [_thread_blocked, id=45064, stack(0x0000007fe2200000,0x0000007fe2300000)]
  0x0000018675800c60 JavaThread "reactor-http-nio-13" daemon [_thread_blocked, id=46780, stack(0x0000007fe2300000,0x0000007fe2400000)]
  0x0000018675801680 JavaThread "reactor-http-nio-14" daemon [_thread_blocked, id=39912, stack(0x0000007fe2400000,0x0000007fe2500000)]
  0x00000186757fded0 JavaThread "reactor-http-nio-15" daemon [_thread_blocked, id=38612, stack(0x0000007fe2500000,0x0000007fe2600000)]
  0x0000018675800240 JavaThread "reactor-http-nio-16" daemon [_thread_blocked, id=43216, stack(0x0000007fe2600000,0x0000007fe2700000)]
  0x00000186757fd4b0 JavaThread "reactor-http-nio-17" daemon [_thread_blocked, id=20512, stack(0x0000007fe2700000,0x0000007fe2800000)]
  0x0000018675801b90 JavaThread "reactor-http-nio-18" daemon [_thread_blocked, id=32756, stack(0x0000007fe2800000,0x0000007fe2900000)]
  0x00000186757fd9c0 JavaThread "reactor-http-nio-19" daemon [_thread_blocked, id=29236, stack(0x0000007fe2900000,0x0000007fe2a00000)]
  0x0000018675801170 JavaThread "reactor-http-nio-20" daemon [_thread_blocked, id=44096, stack(0x0000007fe2a00000,0x0000007fe2b00000)]
  0x00000186758020a0 JavaThread "Thread-70" daemon [_thread_in_native, id=33848, stack(0x0000007fe2b00000,0x0000007fe2c00000)]
  0x00000186757fe8f0 JavaThread "parallel-2" daemon [_thread_blocked, id=26380, stack(0x0000007fe1700000,0x0000007fe1800000)]
  0x00000186757fbb60 JavaThread "parallel-3" daemon [_thread_blocked, id=15136, stack(0x0000007fe2d00000,0x0000007fe2e00000)]
  0x00000186758025b0 JavaThread "parallel-4" daemon [_thread_blocked, id=8036, stack(0x0000007fdd500000,0x0000007fdd600000)]
  0x0000018675802ac0 JavaThread "parallel-5" daemon [_thread_blocked, id=1896, stack(0x0000007fe1300000,0x0000007fe1400000)]
  0x000001867a6309b0 JavaThread "parallel-6" daemon [_thread_blocked, id=35096, stack(0x0000007fe2f00000,0x0000007fe3000000)]
  0x000001867a631df0 JavaThread "parallel-7" daemon [_thread_blocked, id=27376, stack(0x0000007fe1600000,0x0000007fe1700000)]
  0x000001867562d850 JavaThread "parallel-8" daemon [_thread_blocked, id=35184, stack(0x0000007fe2e00000,0x0000007fe2f00000)]
  0x000001867562fbc0 JavaThread "parallel-9" daemon [_thread_blocked, id=41972, stack(0x0000007fe3000000,0x0000007fe3100000)]
  0x00000186756351d0 JavaThread "parallel-10" daemon [_thread_blocked, id=3420, stack(0x0000007fe1500000,0x0000007fe1600000)]
  0x0000018675631000 JavaThread "parallel-11" daemon [_thread_blocked, id=13816, stack(0x0000007fe2c00000,0x0000007fe2d00000)]
  0x0000018675631f30 JavaThread "parallel-12" daemon [_thread_blocked, id=34716, stack(0x0000007fdc800000,0x0000007fdc900000)]
  0x0000018675634cc0 JavaThread "parallel-13" daemon [_thread_blocked, id=5724, stack(0x0000007fe3300000,0x0000007fe3400000)]
  0x0000018675632440 JavaThread "parallel-14" daemon [_thread_blocked, id=22928, stack(0x0000007fe3100000,0x0000007fe3200000)]
  0x000001867562e780 JavaThread "parallel-15" daemon [_thread_blocked, id=9652, stack(0x0000007fe3600000,0x0000007fe3700000)]
  0x0000018675632950 JavaThread "parallel-16" daemon [_thread_blocked, id=21828, stack(0x0000007fe3700000,0x0000007fe3800000)]
  0x00000186756305e0 JavaThread "parallel-17" daemon [_thread_blocked, id=46740, stack(0x0000007fe3800000,0x0000007fe3900000)]
  0x0000018675632e60 JavaThread "parallel-18" daemon [_thread_blocked, id=31616, stack(0x0000007fe3a00000,0x0000007fe3b00000)]
  0x0000018675633370 JavaThread "parallel-19" daemon [_thread_blocked, id=10488, stack(0x0000007fe3900000,0x0000007fe3a00000)]
  0x000001867562ec90 JavaThread "parallel-20" daemon [_thread_blocked, id=22056, stack(0x0000007fe3c00000,0x0000007fe3d00000)]
  0x0000018675631510 JavaThread "boundedElastic-6" daemon [_thread_blocked, id=28888, stack(0x0000007fe3400000,0x0000007fe3500000)]
  0x000001867562dd60 JavaThread "nacos-grpc-client-executor-127.0.0.1-684" daemon [_thread_blocked, id=30172, stack(0x0000007fe3200000,0x0000007fe3300000)]
  0x00000186756300d0 JavaThread "nacos-grpc-client-executor-127.0.0.1-681" daemon [_thread_blocked, id=24312, stack(0x0000007fdb400000,0x0000007fdb500000)]
  0x0000018675631a20 JavaThread "nacos-grpc-client-executor-127.0.0.1-685" daemon [_thread_blocked, id=39416, stack(0x0000007fdf300000,0x0000007fdf400000)]
  0x0000018675630af0 JavaThread "boundedElastic-7" daemon [_thread_blocked, id=16588, stack(0x0000007fe3b00000,0x0000007fe3c00000)]
  0x00000186757984b0 JavaThread "C1 CompilerThread1" daemon [_thread_blocked, id=30396, stack(0x0000007fe3d00000,0x0000007fe3e00000)]
  0x0000018675798f50 JavaThread "C1 CompilerThread2" daemon [_thread_blocked, id=37928, stack(0x0000007fe3e00000,0x0000007fe3f00000)]
  0x00000186757999f0 JavaThread "C1 CompilerThread3" daemon [_thread_blocked, id=40772, stack(0x0000007fe3f00000,0x0000007fe4000000)]
  0x00000186757994a0 JavaThread "C1 CompilerThread4" daemon [_thread_blocked, id=48296, stack(0x0000007fe4000000,0x0000007fe4100000)]
  0x0000018675633880 JavaThread "nacos-grpc-client-executor-127.0.0.1-682" daemon [_thread_blocked, id=48364, stack(0x0000007fded00000,0x0000007fdee00000)]

Other Threads:
=>0x00000186336c4e30 VMThread "VM Thread" [stack: 0x0000007fdbd00000,0x0000007fdbe00000] [id=22052]
  0x000001867573b510 WatcherThread [stack: 0x0000007fdcd00000,0x0000007fdce00000] [id=46628]
  0x000001861c337e90 GCTaskThread "GC Thread#0" [stack: 0x0000007fdb800000,0x0000007fdb900000] [id=42580]
  0x0000018675a91070 GCTaskThread "GC Thread#1" [stack: 0x0000007fdce00000,0x0000007fdcf00000] [id=28976]
  0x0000018675a91330 GCTaskThread "GC Thread#2" [stack: 0x0000007fdcf00000,0x0000007fdd000000] [id=27700]
  0x0000018675a915f0 GCTaskThread "GC Thread#3" [stack: 0x0000007fdd000000,0x0000007fdd100000] [id=1440]
  0x0000018675a4f220 GCTaskThread "GC Thread#4" [stack: 0x0000007fdd100000,0x0000007fdd200000] [id=1972]
  0x0000018675a4f4e0 GCTaskThread "GC Thread#5" [stack: 0x0000007fdd200000,0x0000007fdd300000] [id=40864]
  0x0000018675af5c30 GCTaskThread "GC Thread#6" [stack: 0x0000007fdd300000,0x0000007fdd400000] [id=44824]
  0x000001867a441490 GCTaskThread "GC Thread#7" [stack: 0x0000007fdd600000,0x0000007fdd700000] [id=46332]
  0x000001867a8b0990 GCTaskThread "GC Thread#8" [stack: 0x0000007fdda00000,0x0000007fddb00000] [id=20568]
  0x000001867a91eb50 GCTaskThread "GC Thread#9" [stack: 0x0000007fddb00000,0x0000007fddc00000] [id=41700]
  0x000001867a892c00 GCTaskThread "GC Thread#10" [stack: 0x0000007fddc00000,0x0000007fddd00000] [id=45296]
  0x000001867a875820 GCTaskThread "GC Thread#11" [stack: 0x0000007fddd00000,0x0000007fdde00000] [id=45316]
  0x000001867a9cace0 GCTaskThread "GC Thread#12" [stack: 0x0000007fdde00000,0x0000007fddf00000] [id=18452]
  0x000001867a9cafa0 GCTaskThread "GC Thread#13" [stack: 0x0000007fddf00000,0x0000007fde000000] [id=3768]
  0x000001867a9cb670 GCTaskThread "GC Thread#14" [stack: 0x0000007fde000000,0x0000007fde100000] [id=37224]
  0x000001861c3498c0 ConcurrentGCThread "G1 Main Marker" [stack: 0x0000007fdb900000,0x0000007fdba00000] [id=32272]
  0x000001861c34a1e0 ConcurrentGCThread "G1 Conc#0" [stack: 0x0000007fdba00000,0x0000007fdbb00000] [id=3404]
  0x000001867a9a6f60 ConcurrentGCThread "G1 Conc#1" [stack: 0x0000007fde100000,0x0000007fde200000] [id=21064]
  0x000001867a9a7220 ConcurrentGCThread "G1 Conc#2" [stack: 0x0000007fde200000,0x0000007fde300000] [id=34736]
  0x000001867a9a6720 ConcurrentGCThread "G1 Conc#3" [stack: 0x0000007fde300000,0x0000007fde400000] [id=15112]
  0x000001861c36e6b0 ConcurrentGCThread "G1 Refine#0" [stack: 0x0000007fdbb00000,0x0000007fdbc00000] [id=13772]
  0x00000186336051b0 ConcurrentGCThread "G1 Service" [stack: 0x0000007fdbc00000,0x0000007fdbd00000] [id=34668]

Threads with active compile tasks:

VM state: at safepoint (normal execution)

VM Mutex/Monitor currently owned by a thread:  ([mutex/lock_event])
[0x000001861c2c4090] Threads_lock - owner thread: 0x00000186336c4e30
[0x000001861c2c4120] Heap_lock - owner thread: 0x0000018675801170

Heap address: 0x0000000704400000, size: 4028 MB, Compressed Oops mode: Zero based, Oop shift amount: 3

CDS archive(s) mapped at: [0x0000018634000000-0x0000018634bd0000-0x0000018634bd0000), size 12386304, SharedBaseAddress: 0x0000018634000000, ArchiveRelocationMode: 1.
Compressed class space mapped at: 0x0000018635000000-0x0000018675000000, reserved size: 1073741824
Narrow klass base: 0x0000018634000000, Narrow klass shift: 0, Narrow klass range: 0x100000000

GC Precious Log:
 CPUs: 20 total, 20 available
 Memory: 16108M
 Large Page Support: Disabled
 NUMA Support: Disabled
 Compressed Oops: Enabled (Zero based)
 Heap Region Size: 2M
 Heap Min Capacity: 8M
 Heap Initial Capacity: 252M
 Heap Max Capacity: 4028M
 Pre-touch: Disabled
 Parallel Workers: 15
 Concurrent Workers: 4
 Concurrent Refinement Workers: 15
 Periodic GC: Disabled

Heap:
 garbage-first heap   total 466944K, used 36697K [0x0000000704400000, 0x0000000800000000)
  region size 2048K, 2 young (4096K), 2 survivors (4096K)
 Metaspace       used 58666K, committed 59328K, reserved 1114112K
  class space    used 8269K, committed 8576K, reserved 1048576K

Heap Regions: E=young(eden), S=young(survivor), O=old, HS=humongous(starts), HC=humongous(continues), CS=collection set, F=free, OA=open archive, CA=closed archive, TAMS=top-at-mark-start (previous, next)
|   0|0x0000000704400000, 0x0000000704600000, 0x0000000704600000|100%| O|  |TAMS 0x0000000704600000, 0x0000000704400000| Untracked 
|   1|0x0000000704600000, 0x0000000704800000, 0x0000000704800000|100%| O|  |TAMS 0x0000000704800000, 0x0000000704600000| Untracked 
|   2|0x0000000704800000, 0x0000000704a00000, 0x0000000704a00000|100%| O|  |TAMS 0x0000000704a00000, 0x0000000704800000| Untracked 
|   3|0x0000000704a00000, 0x0000000704c00000, 0x0000000704c00000|100%| O|  |TAMS 0x0000000704a00000, 0x0000000704a00000| Untracked 
|   4|0x0000000704c00000, 0x0000000704e00000, 0x0000000704e00000|100%| O|  |TAMS 0x0000000704e00000, 0x0000000704c00000| Untracked 
|   5|0x0000000704e00000, 0x0000000705000000, 0x0000000705000000|100%| O|  |TAMS 0x0000000705000000, 0x0000000704e00000| Untracked 
|   6|0x0000000705000000, 0x0000000705200000, 0x0000000705200000|100%| O|  |TAMS 0x0000000705200000, 0x0000000705000000| Untracked 
|   7|0x0000000705200000, 0x0000000705400000, 0x0000000705400000|100%| O|  |TAMS 0x000000070535d800, 0x0000000705200000| Untracked 
|   8|0x0000000705400000, 0x0000000705600000, 0x0000000705600000|100%| O|  |TAMS 0x0000000705400000, 0x0000000705400000| Untracked 
|   9|0x0000000705600000, 0x0000000705800000, 0x0000000705800000|100%| O|  |TAMS 0x0000000705600000, 0x0000000705600000| Untracked 
|  10|0x0000000705800000, 0x0000000705a00000, 0x0000000705a00000|100%| O|  |TAMS 0x0000000705800000, 0x0000000705800000| Untracked 
|  11|0x0000000705a00000, 0x0000000705c00000, 0x0000000705c00000|100%| O|  |TAMS 0x0000000705a00000, 0x0000000705a00000| Untracked 
|  12|0x0000000705c00000, 0x0000000705e00000, 0x0000000705e00000|100%| O|  |TAMS 0x0000000705c00000, 0x0000000705c00000| Untracked 
|  13|0x0000000705e00000, 0x0000000706000000, 0x0000000706000000|100%| O|  |TAMS 0x0000000705e00000, 0x0000000705e00000| Untracked 
|  14|0x0000000706000000, 0x0000000706200000, 0x0000000706200000|100%| O|  |TAMS 0x0000000706000000, 0x0000000706000000| Untracked 
|  15|0x0000000706200000, 0x0000000706400000, 0x0000000706400000|100%| O|  |TAMS 0x0000000706200000, 0x0000000706200000| Untracked 
|  16|0x0000000706400000, 0x000000070658b600, 0x0000000706600000| 77%| O|  |TAMS 0x0000000706400000, 0x0000000706400000| Untracked 
|  17|0x0000000706600000, 0x0000000706600000, 0x0000000706800000|  0%| F|  |TAMS 0x0000000706600000, 0x0000000706600000| Untracked 
|  18|0x0000000706800000, 0x0000000706800000, 0x0000000706a00000|  0%| F|  |TAMS 0x0000000706800000, 0x0000000706800000| Untracked 
|  19|0x0000000706a00000, 0x0000000706a00000, 0x0000000706c00000|  0%| F|  |TAMS 0x0000000706a00000, 0x0000000706a00000| Untracked 
|  20|0x0000000706c00000, 0x0000000706c00000, 0x0000000706e00000|  0%| F|  |TAMS 0x0000000706c00000, 0x0000000706c00000| Untracked 
|  21|0x0000000706e00000, 0x0000000706e00000, 0x0000000707000000|  0%| F|  |TAMS 0x0000000706e00000, 0x0000000706e00000| Untracked 
|  22|0x0000000707000000, 0x0000000707000000, 0x0000000707200000|  0%| F|  |TAMS 0x0000000707000000, 0x0000000707000000| Untracked 
|  23|0x0000000707200000, 0x0000000707200000, 0x0000000707400000|  0%| F|  |TAMS 0x0000000707200000, 0x0000000707200000| Untracked 
|  24|0x0000000707400000, 0x0000000707400000, 0x0000000707600000|  0%| F|  |TAMS 0x0000000707400000, 0x0000000707400000| Untracked 
|  25|0x0000000707600000, 0x0000000707600000, 0x0000000707800000|  0%| F|  |TAMS 0x0000000707600000, 0x0000000707600000| Untracked 
|  26|0x0000000707800000, 0x0000000707800000, 0x0000000707a00000|  0%| F|  |TAMS 0x0000000707800000, 0x0000000707800000| Untracked 
|  27|0x0000000707a00000, 0x0000000707a00000, 0x0000000707c00000|  0%| F|  |TAMS 0x0000000707a00000, 0x0000000707a00000| Untracked 
|  28|0x0000000707c00000, 0x0000000707c00000, 0x0000000707e00000|  0%| F|  |TAMS 0x0000000707c00000, 0x0000000707c00000| Untracked 
|  29|0x0000000707e00000, 0x0000000707e00000, 0x0000000708000000|  0%| F|  |TAMS 0x0000000707e00000, 0x0000000707e00000| Untracked 
|  30|0x0000000708000000, 0x0000000708000000, 0x0000000708200000|  0%| F|  |TAMS 0x0000000708000000, 0x0000000708000000| Untracked 
|  31|0x0000000708200000, 0x0000000708200000, 0x0000000708400000|  0%| F|  |TAMS 0x0000000708200000, 0x0000000708200000| Untracked 
|  32|0x0000000708400000, 0x0000000708400000, 0x0000000708600000|  0%| F|  |TAMS 0x0000000708400000, 0x0000000708400000| Untracked 
|  33|0x0000000708600000, 0x0000000708600000, 0x0000000708800000|  0%| F|  |TAMS 0x0000000708600000, 0x0000000708600000| Untracked 
|  34|0x0000000708800000, 0x0000000708800000, 0x0000000708a00000|  0%| F|  |TAMS 0x0000000708800000, 0x0000000708800000| Untracked 
|  35|0x0000000708a00000, 0x0000000708a00000, 0x0000000708c00000|  0%| F|  |TAMS 0x0000000708a00000, 0x0000000708a00000| Untracked 
|  36|0x0000000708c00000, 0x0000000708c00000, 0x0000000708e00000|  0%| F|  |TAMS 0x0000000708c00000, 0x0000000708c00000| Untracked 
|  37|0x0000000708e00000, 0x0000000708e00000, 0x0000000709000000|  0%| F|  |TAMS 0x0000000708e00000, 0x0000000708e00000| Untracked 
|  38|0x0000000709000000, 0x0000000709000000, 0x0000000709200000|  0%| F|  |TAMS 0x0000000709000000, 0x0000000709000000| Untracked 
|  39|0x0000000709200000, 0x0000000709200000, 0x0000000709400000|  0%| F|  |TAMS 0x0000000709200000, 0x0000000709200000| Untracked 
|  40|0x0000000709400000, 0x0000000709400000, 0x0000000709600000|  0%| F|  |TAMS 0x0000000709400000, 0x0000000709400000| Untracked 
|  41|0x0000000709600000, 0x0000000709600000, 0x0000000709800000|  0%| F|  |TAMS 0x0000000709600000, 0x0000000709600000| Untracked 
|  42|0x0000000709800000, 0x0000000709800000, 0x0000000709a00000|  0%| F|  |TAMS 0x0000000709800000, 0x0000000709800000| Untracked 
|  43|0x0000000709a00000, 0x0000000709a00000, 0x0000000709c00000|  0%| F|  |TAMS 0x0000000709a00000, 0x0000000709a00000| Untracked 
|  44|0x0000000709c00000, 0x0000000709c00000, 0x0000000709e00000|  0%| F|  |TAMS 0x0000000709c00000, 0x0000000709c00000| Untracked 
|  45|0x0000000709e00000, 0x0000000709e00000, 0x000000070a000000|  0%| F|  |TAMS 0x0000000709e00000, 0x0000000709e00000| Untracked 
|  46|0x000000070a000000, 0x000000070a000000, 0x000000070a200000|  0%| F|  |TAMS 0x000000070a000000, 0x000000070a000000| Untracked 
|  47|0x000000070a200000, 0x000000070a200000, 0x000000070a400000|  0%| F|  |TAMS 0x000000070a200000, 0x000000070a200000| Untracked 
|  48|0x000000070a400000, 0x000000070a400000, 0x000000070a600000|  0%| F|  |TAMS 0x000000070a400000, 0x000000070a400000| Untracked 
|  49|0x000000070a600000, 0x000000070a600000, 0x000000070a800000|  0%| F|  |TAMS 0x000000070a600000, 0x000000070a600000| Untracked 
|  50|0x000000070a800000, 0x000000070a800000, 0x000000070aa00000|  0%| F|  |TAMS 0x000000070a800000, 0x000000070a800000| Untracked 
|  51|0x000000070aa00000, 0x000000070aa00000, 0x000000070ac00000|  0%| F|  |TAMS 0x000000070aa00000, 0x000000070aa00000| Untracked 
|  52|0x000000070ac00000, 0x000000070ac00000, 0x000000070ae00000|  0%| F|  |TAMS 0x000000070ac00000, 0x000000070ac00000| Untracked 
|  53|0x000000070ae00000, 0x000000070ae00000, 0x000000070b000000|  0%| F|  |TAMS 0x000000070ae00000, 0x000000070ae00000| Untracked 
|  54|0x000000070b000000, 0x000000070b000000, 0x000000070b200000|  0%| F|  |TAMS 0x000000070b000000, 0x000000070b000000| Untracked 
|  55|0x000000070b200000, 0x000000070b200000, 0x000000070b400000|  0%| F|  |TAMS 0x000000070b200000, 0x000000070b200000| Untracked 
|  56|0x000000070b400000, 0x000000070b400000, 0x000000070b600000|  0%| F|  |TAMS 0x000000070b400000, 0x000000070b400000| Untracked 
|  57|0x000000070b600000, 0x000000070b600000, 0x000000070b800000|  0%| F|  |TAMS 0x000000070b600000, 0x000000070b600000| Untracked 
|  58|0x000000070b800000, 0x000000070b800000, 0x000000070ba00000|  0%| F|  |TAMS 0x000000070b800000, 0x000000070b800000| Untracked 
|  59|0x000000070ba00000, 0x000000070ba00000, 0x000000070bc00000|  0%| F|  |TAMS 0x000000070ba00000, 0x000000070ba00000| Untracked 
|  60|0x000000070bc00000, 0x000000070bc00000, 0x000000070be00000|  0%| F|  |TAMS 0x000000070bc00000, 0x000000070bc00000| Untracked 
|  61|0x000000070be00000, 0x000000070be00000, 0x000000070c000000|  0%| F|  |TAMS 0x000000070be00000, 0x000000070be00000| Untracked 
|  62|0x000000070c000000, 0x000000070c000000, 0x000000070c200000|  0%| F|  |TAMS 0x000000070c000000, 0x000000070c000000| Untracked 
|  63|0x000000070c200000, 0x000000070c200000, 0x000000070c400000|  0%| F|  |TAMS 0x000000070c200000, 0x000000070c200000| Untracked 
|  64|0x000000070c400000, 0x000000070c400000, 0x000000070c600000|  0%| F|  |TAMS 0x000000070c400000, 0x000000070c400000| Untracked 
|  65|0x000000070c600000, 0x000000070c600000, 0x000000070c800000|  0%| F|  |TAMS 0x000000070c600000, 0x000000070c600000| Untracked 
|  66|0x000000070c800000, 0x000000070c800000, 0x000000070ca00000|  0%| F|  |TAMS 0x000000070c800000, 0x000000070c800000| Untracked 
|  67|0x000000070ca00000, 0x000000070ca00000, 0x000000070cc00000|  0%| F|  |TAMS 0x000000070ca00000, 0x000000070ca00000| Untracked 
|  68|0x000000070cc00000, 0x000000070cc00000, 0x000000070ce00000|  0%| F|  |TAMS 0x000000070cc00000, 0x000000070cc00000| Untracked 
|  69|0x000000070ce00000, 0x000000070ce00000, 0x000000070d000000|  0%| F|  |TAMS 0x000000070ce00000, 0x000000070ce00000| Untracked 
|  70|0x000000070d000000, 0x000000070d000000, 0x000000070d200000|  0%| F|  |TAMS 0x000000070d000000, 0x000000070d000000| Untracked 
|  71|0x000000070d200000, 0x000000070d200000, 0x000000070d400000|  0%| F|  |TAMS 0x000000070d200000, 0x000000070d200000| Untracked 
|  72|0x000000070d400000, 0x000000070d400000, 0x000000070d600000|  0%| F|  |TAMS 0x000000070d400000, 0x000000070d400000| Untracked 
|  73|0x000000070d600000, 0x000000070d600000, 0x000000070d800000|  0%| F|  |TAMS 0x000000070d600000, 0x000000070d600000| Untracked 
|  74|0x000000070d800000, 0x000000070d800000, 0x000000070da00000|  0%| F|  |TAMS 0x000000070d800000, 0x000000070d800000| Untracked 
|  75|0x000000070da00000, 0x000000070da00000, 0x000000070dc00000|  0%| F|  |TAMS 0x000000070da00000, 0x000000070da00000| Untracked 
|  76|0x000000070dc00000, 0x000000070dc00000, 0x000000070de00000|  0%| F|  |TAMS 0x000000070dc00000, 0x000000070dc00000| Untracked 
|  77|0x000000070de00000, 0x000000070de00000, 0x000000070e000000|  0%| F|  |TAMS 0x000000070de00000, 0x000000070de00000| Untracked 
|  78|0x000000070e000000, 0x000000070e000000, 0x000000070e200000|  0%| F|  |TAMS 0x000000070e000000, 0x000000070e000000| Untracked 
|  79|0x000000070e200000, 0x000000070e200000, 0x000000070e400000|  0%| F|  |TAMS 0x000000070e200000, 0x000000070e200000| Untracked 
|  80|0x000000070e400000, 0x000000070e400000, 0x000000070e600000|  0%| F|  |TAMS 0x000000070e400000, 0x000000070e400000| Untracked 
|  81|0x000000070e600000, 0x000000070e600000, 0x000000070e800000|  0%| F|  |TAMS 0x000000070e600000, 0x000000070e600000| Untracked 
|  82|0x000000070e800000, 0x000000070e800000, 0x000000070ea00000|  0%| F|  |TAMS 0x000000070e800000, 0x000000070e800000| Untracked 
|  83|0x000000070ea00000, 0x000000070ea00000, 0x000000070ec00000|  0%| F|  |TAMS 0x000000070ea00000, 0x000000070ea00000| Untracked 
|  84|0x000000070ec00000, 0x000000070ec00000, 0x000000070ee00000|  0%| F|  |TAMS 0x000000070ec00000, 0x000000070ec00000| Untracked 
|  85|0x000000070ee00000, 0x000000070ee00000, 0x000000070f000000|  0%| F|  |TAMS 0x000000070ee00000, 0x000000070ee00000| Untracked 
|  86|0x000000070f000000, 0x000000070f000000, 0x000000070f200000|  0%| F|  |TAMS 0x000000070f000000, 0x000000070f000000| Untracked 
|  87|0x000000070f200000, 0x000000070f200000, 0x000000070f400000|  0%| F|  |TAMS 0x000000070f200000, 0x000000070f200000| Untracked 
|  88|0x000000070f400000, 0x000000070f400000, 0x000000070f600000|  0%| F|  |TAMS 0x000000070f400000, 0x000000070f400000| Untracked 
|  89|0x000000070f600000, 0x000000070f600000, 0x000000070f800000|  0%| F|  |TAMS 0x000000070f600000, 0x000000070f600000| Untracked 
|  90|0x000000070f800000, 0x000000070f84b140, 0x000000070fa00000| 14%| S|CS|TAMS 0x000000070f800000, 0x000000070f800000| Complete 
|  91|0x000000070fa00000, 0x000000070fa00000, 0x000000070fc00000|  0%| F|  |TAMS 0x000000070fa00000, 0x000000070fa00000| Untracked 
|  92|0x000000070fc00000, 0x000000070fe00000, 0x000000070fe00000|100%| S|CS|TAMS 0x000000070fc00000, 0x000000070fc00000| Complete 
|  93|0x000000070fe00000, 0x000000070fe00000, 0x0000000710000000|  0%| F|  |TAMS 0x000000070fe00000, 0x000000070fe00000| Untracked 
|  94|0x0000000710000000, 0x0000000710000000, 0x0000000710200000|  0%| F|  |TAMS 0x0000000710000000, 0x0000000710000000| Untracked 
|  95|0x0000000710200000, 0x0000000710200000, 0x0000000710400000|  0%| F|  |TAMS 0x0000000710200000, 0x0000000710200000| Untracked 
|  96|0x0000000710400000, 0x0000000710400000, 0x0000000710600000|  0%| F|  |TAMS 0x0000000710400000, 0x0000000710400000| Untracked 
|  97|0x0000000710600000, 0x0000000710600000, 0x0000000710800000|  0%| F|  |TAMS 0x0000000710600000, 0x0000000710600000| Untracked 
|  98|0x0000000710800000, 0x0000000710800000, 0x0000000710a00000|  0%| F|  |TAMS 0x0000000710800000, 0x0000000710800000| Untracked 
|  99|0x0000000710a00000, 0x0000000710a00000, 0x0000000710c00000|  0%| F|  |TAMS 0x0000000710a00000, 0x0000000710a00000| Untracked 
| 100|0x0000000710c00000, 0x0000000710c00000, 0x0000000710e00000|  0%| F|  |TAMS 0x0000000710c00000, 0x0000000710c00000| Untracked 
| 101|0x0000000710e00000, 0x0000000710e00000, 0x0000000711000000|  0%| F|  |TAMS 0x0000000710e00000, 0x0000000710e00000| Untracked 
| 102|0x0000000711000000, 0x0000000711000000, 0x0000000711200000|  0%| F|  |TAMS 0x0000000711000000, 0x0000000711000000| Untracked 
| 103|0x0000000711200000, 0x0000000711200000, 0x0000000711400000|  0%| F|  |TAMS 0x0000000711200000, 0x0000000711200000| Untracked 
| 104|0x0000000711400000, 0x0000000711400000, 0x0000000711600000|  0%| F|  |TAMS 0x0000000711400000, 0x0000000711400000| Untracked 
| 105|0x0000000711600000, 0x0000000711600000, 0x0000000711800000|  0%| F|  |TAMS 0x0000000711600000, 0x0000000711600000| Untracked 
| 106|0x0000000711800000, 0x0000000711800000, 0x0000000711a00000|  0%| F|  |TAMS 0x0000000711800000, 0x0000000711800000| Untracked 
| 107|0x0000000711a00000, 0x0000000711a00000, 0x0000000711c00000|  0%| F|  |TAMS 0x0000000711a00000, 0x0000000711a00000| Untracked 
| 108|0x0000000711c00000, 0x0000000711c00000, 0x0000000711e00000|  0%| F|  |TAMS 0x0000000711c00000, 0x0000000711c00000| Untracked 
| 109|0x0000000711e00000, 0x0000000711e00000, 0x0000000712000000|  0%| F|  |TAMS 0x0000000711e00000, 0x0000000711e00000| Untracked 
| 110|0x0000000712000000, 0x0000000712000000, 0x0000000712200000|  0%| F|  |TAMS 0x0000000712000000, 0x0000000712000000| Untracked 
| 111|0x0000000712200000, 0x0000000712200000, 0x0000000712400000|  0%| F|  |TAMS 0x0000000712200000, 0x0000000712200000| Untracked 
| 112|0x0000000712400000, 0x0000000712400000, 0x0000000712600000|  0%| F|  |TAMS 0x0000000712400000, 0x0000000712400000| Untracked 
| 113|0x0000000712600000, 0x0000000712600000, 0x0000000712800000|  0%| F|  |TAMS 0x0000000712600000, 0x0000000712600000| Untracked 
| 114|0x0000000712800000, 0x0000000712800000, 0x0000000712a00000|  0%| F|  |TAMS 0x0000000712800000, 0x0000000712800000| Untracked 
| 115|0x0000000712a00000, 0x0000000712a00000, 0x0000000712c00000|  0%| F|  |TAMS 0x0000000712a00000, 0x0000000712a00000| Untracked 
| 116|0x0000000712c00000, 0x0000000712c00000, 0x0000000712e00000|  0%| F|  |TAMS 0x0000000712c00000, 0x0000000712c00000| Untracked 
| 117|0x0000000712e00000, 0x0000000712e00000, 0x0000000713000000|  0%| F|  |TAMS 0x0000000712e00000, 0x0000000712e00000| Untracked 
| 118|0x0000000713000000, 0x0000000713000000, 0x0000000713200000|  0%| F|  |TAMS 0x0000000713000000, 0x0000000713000000| Untracked 
| 119|0x0000000713200000, 0x0000000713200000, 0x0000000713400000|  0%| F|  |TAMS 0x0000000713200000, 0x0000000713200000| Untracked 
| 120|0x0000000713400000, 0x0000000713400000, 0x0000000713600000|  0%| F|  |TAMS 0x0000000713400000, 0x0000000713400000| Untracked 
| 121|0x0000000713600000, 0x0000000713600000, 0x0000000713800000|  0%| F|  |TAMS 0x0000000713600000, 0x0000000713600000| Untracked 
| 122|0x0000000713800000, 0x0000000713800000, 0x0000000713a00000|  0%| F|  |TAMS 0x0000000713800000, 0x0000000713800000| Untracked 
| 123|0x0000000713a00000, 0x0000000713a00000, 0x0000000713c00000|  0%| F|  |TAMS 0x0000000713a00000, 0x0000000713a00000| Untracked 
| 124|0x0000000713c00000, 0x0000000713c00000, 0x0000000713e00000|  0%| F|  |TAMS 0x0000000713c00000, 0x0000000713c00000| Untracked 
| 125|0x0000000713e00000, 0x0000000713e00000, 0x0000000714000000|  0%| F|  |TAMS 0x0000000713e00000, 0x0000000713e00000| Untracked 
| 126|0x0000000714000000, 0x0000000714000000, 0x0000000714200000|  0%| F|  |TAMS 0x0000000714000000, 0x0000000714000000| Untracked 
| 127|0x0000000714200000, 0x0000000714200000, 0x0000000714400000|  0%| F|  |TAMS 0x0000000714200000, 0x0000000714200000| Untracked 
| 128|0x0000000714400000, 0x0000000714400000, 0x0000000714600000|  0%| F|  |TAMS 0x0000000714400000, 0x0000000714400000| Untracked 
| 129|0x0000000714600000, 0x0000000714600000, 0x0000000714800000|  0%| F|  |TAMS 0x0000000714600000, 0x0000000714600000| Untracked 
| 130|0x0000000714800000, 0x0000000714800000, 0x0000000714a00000|  0%| F|  |TAMS 0x0000000714800000, 0x0000000714800000| Untracked 
| 131|0x0000000714a00000, 0x0000000714a00000, 0x0000000714c00000|  0%| F|  |TAMS 0x0000000714a00000, 0x0000000714a00000| Untracked 
| 132|0x0000000714c00000, 0x0000000714c00000, 0x0000000714e00000|  0%| F|  |TAMS 0x0000000714c00000, 0x0000000714c00000| Untracked 
| 133|0x0000000714e00000, 0x0000000714e00000, 0x0000000715000000|  0%| F|  |TAMS 0x0000000714e00000, 0x0000000714e00000| Untracked 
| 134|0x0000000715000000, 0x0000000715000000, 0x0000000715200000|  0%| F|  |TAMS 0x0000000715000000, 0x0000000715000000| Untracked 
| 135|0x0000000715200000, 0x0000000715200000, 0x0000000715400000|  0%| F|  |TAMS 0x0000000715200000, 0x0000000715200000| Untracked 
| 136|0x0000000715400000, 0x0000000715400000, 0x0000000715600000|  0%| F|  |TAMS 0x0000000715400000, 0x0000000715400000| Untracked 
| 137|0x0000000715600000, 0x0000000715600000, 0x0000000715800000|  0%| F|  |TAMS 0x0000000715600000, 0x0000000715600000| Untracked 
| 138|0x0000000715800000, 0x0000000715800000, 0x0000000715a00000|  0%| F|  |TAMS 0x0000000715800000, 0x0000000715800000| Untracked 
| 139|0x0000000715a00000, 0x0000000715a00000, 0x0000000715c00000|  0%| F|  |TAMS 0x0000000715a00000, 0x0000000715a00000| Untracked 
| 140|0x0000000715c00000, 0x0000000715c00000, 0x0000000715e00000|  0%| F|  |TAMS 0x0000000715c00000, 0x0000000715c00000| Untracked 
| 141|0x0000000715e00000, 0x0000000715e00000, 0x0000000716000000|  0%| F|  |TAMS 0x0000000715e00000, 0x0000000715e00000| Untracked 
| 142|0x0000000716000000, 0x0000000716000000, 0x0000000716200000|  0%| F|  |TAMS 0x0000000716000000, 0x0000000716000000| Untracked 
| 143|0x0000000716200000, 0x0000000716200000, 0x0000000716400000|  0%| F|  |TAMS 0x0000000716200000, 0x0000000716200000| Untracked 
| 144|0x0000000716400000, 0x0000000716400000, 0x0000000716600000|  0%| F|  |TAMS 0x0000000716400000, 0x0000000716400000| Untracked 
| 145|0x0000000716600000, 0x0000000716600000, 0x0000000716800000|  0%| F|  |TAMS 0x0000000716600000, 0x0000000716600000| Untracked 
| 146|0x0000000716800000, 0x0000000716800000, 0x0000000716a00000|  0%| F|  |TAMS 0x0000000716800000, 0x0000000716800000| Untracked 
| 147|0x0000000716a00000, 0x0000000716a00000, 0x0000000716c00000|  0%| F|  |TAMS 0x0000000716a00000, 0x0000000716a00000| Untracked 
| 148|0x0000000716c00000, 0x0000000716c00000, 0x0000000716e00000|  0%| F|  |TAMS 0x0000000716c00000, 0x0000000716c00000| Untracked 
| 149|0x0000000716e00000, 0x0000000716e00000, 0x0000000717000000|  0%| F|  |TAMS 0x0000000716e00000, 0x0000000716e00000| Untracked 
| 150|0x0000000717000000, 0x0000000717000000, 0x0000000717200000|  0%| F|  |TAMS 0x0000000717000000, 0x0000000717000000| Untracked 
| 151|0x0000000717200000, 0x0000000717200000, 0x0000000717400000|  0%| F|  |TAMS 0x0000000717200000, 0x0000000717200000| Untracked 
| 152|0x0000000717400000, 0x0000000717400000, 0x0000000717600000|  0%| F|  |TAMS 0x0000000717400000, 0x0000000717400000| Untracked 
| 153|0x0000000717600000, 0x0000000717600000, 0x0000000717800000|  0%| F|  |TAMS 0x0000000717600000, 0x0000000717600000| Untracked 
| 154|0x0000000717800000, 0x0000000717800000, 0x0000000717a00000|  0%| F|  |TAMS 0x0000000717800000, 0x0000000717800000| Untracked 
| 155|0x0000000717a00000, 0x0000000717a00000, 0x0000000717c00000|  0%| F|  |TAMS 0x0000000717a00000, 0x0000000717a00000| Untracked 
| 156|0x0000000717c00000, 0x0000000717c00000, 0x0000000717e00000|  0%| F|  |TAMS 0x0000000717c00000, 0x0000000717c00000| Untracked 
| 157|0x0000000717e00000, 0x0000000717e00000, 0x0000000718000000|  0%| F|  |TAMS 0x0000000717e00000, 0x0000000717e00000| Untracked 
| 158|0x0000000718000000, 0x0000000718000000, 0x0000000718200000|  0%| F|  |TAMS 0x0000000718000000, 0x0000000718000000| Untracked 
| 159|0x0000000718200000, 0x0000000718200000, 0x0000000718400000|  0%| F|  |TAMS 0x0000000718200000, 0x0000000718200000| Untracked 
| 160|0x0000000718400000, 0x0000000718400000, 0x0000000718600000|  0%| F|  |TAMS 0x0000000718400000, 0x0000000718400000| Untracked 
| 161|0x0000000718600000, 0x0000000718600000, 0x0000000718800000|  0%| F|  |TAMS 0x0000000718600000, 0x0000000718600000| Untracked 
| 162|0x0000000718800000, 0x0000000718800000, 0x0000000718a00000|  0%| F|  |TAMS 0x0000000718800000, 0x0000000718800000| Untracked 
| 163|0x0000000718a00000, 0x0000000718a00000, 0x0000000718c00000|  0%| F|  |TAMS 0x0000000718a00000, 0x0000000718a00000| Untracked 
| 164|0x0000000718c00000, 0x0000000718c00000, 0x0000000718e00000|  0%| F|  |TAMS 0x0000000718c00000, 0x0000000718c00000| Untracked 
| 165|0x0000000718e00000, 0x0000000718e00000, 0x0000000719000000|  0%| F|  |TAMS 0x0000000718e00000, 0x0000000718e00000| Untracked 
| 166|0x0000000719000000, 0x0000000719000000, 0x0000000719200000|  0%| F|  |TAMS 0x0000000719000000, 0x0000000719000000| Untracked 
| 167|0x0000000719200000, 0x0000000719200000, 0x0000000719400000|  0%| F|  |TAMS 0x0000000719200000, 0x0000000719200000| Untracked 
| 168|0x0000000719400000, 0x0000000719400000, 0x0000000719600000|  0%| F|  |TAMS 0x0000000719400000, 0x0000000719400000| Untracked 
| 169|0x0000000719600000, 0x0000000719600000, 0x0000000719800000|  0%| F|  |TAMS 0x0000000719600000, 0x0000000719600000| Untracked 
| 170|0x0000000719800000, 0x0000000719800000, 0x0000000719a00000|  0%| F|  |TAMS 0x0000000719800000, 0x0000000719800000| Untracked 
| 171|0x0000000719a00000, 0x0000000719a00000, 0x0000000719c00000|  0%| F|  |TAMS 0x0000000719a00000, 0x0000000719a00000| Untracked 
| 172|0x0000000719c00000, 0x0000000719c00000, 0x0000000719e00000|  0%| F|  |TAMS 0x0000000719c00000, 0x0000000719c00000| Untracked 
| 173|0x0000000719e00000, 0x0000000719e00000, 0x000000071a000000|  0%| F|  |TAMS 0x0000000719e00000, 0x0000000719e00000| Untracked 
| 174|0x000000071a000000, 0x000000071a000000, 0x000000071a200000|  0%| F|  |TAMS 0x000000071a000000, 0x000000071a000000| Untracked 
| 175|0x000000071a200000, 0x000000071a200000, 0x000000071a400000|  0%| F|  |TAMS 0x000000071a200000, 0x000000071a200000| Untracked 
| 176|0x000000071a400000, 0x000000071a400000, 0x000000071a600000|  0%| F|  |TAMS 0x000000071a400000, 0x000000071a400000| Untracked 
| 177|0x000000071a600000, 0x000000071a600000, 0x000000071a800000|  0%| F|  |TAMS 0x000000071a600000, 0x000000071a600000| Untracked 
| 178|0x000000071a800000, 0x000000071a800000, 0x000000071aa00000|  0%| F|  |TAMS 0x000000071a800000, 0x000000071a800000| Untracked 
| 179|0x000000071aa00000, 0x000000071aa00000, 0x000000071ac00000|  0%| F|  |TAMS 0x000000071aa00000, 0x000000071aa00000| Untracked 
| 180|0x000000071ac00000, 0x000000071ac00000, 0x000000071ae00000|  0%| F|  |TAMS 0x000000071ac00000, 0x000000071ac00000| Untracked 
| 181|0x000000071ae00000, 0x000000071ae00000, 0x000000071b000000|  0%| F|  |TAMS 0x000000071ae00000, 0x000000071ae00000| Untracked 
| 182|0x000000071b000000, 0x000000071b000000, 0x000000071b200000|  0%| F|  |TAMS 0x000000071b000000, 0x000000071b000000| Untracked 
| 183|0x000000071b200000, 0x000000071b200000, 0x000000071b400000|  0%| F|  |TAMS 0x000000071b200000, 0x000000071b200000| Untracked 
| 184|0x000000071b400000, 0x000000071b400000, 0x000000071b600000|  0%| F|  |TAMS 0x000000071b400000, 0x000000071b400000| Untracked 
| 185|0x000000071b600000, 0x000000071b600000, 0x000000071b800000|  0%| F|  |TAMS 0x000000071b600000, 0x000000071b600000| Untracked 
| 186|0x000000071b800000, 0x000000071b800000, 0x000000071ba00000|  0%| F|  |TAMS 0x000000071b800000, 0x000000071b800000| Untracked 
| 187|0x000000071ba00000, 0x000000071ba00000, 0x000000071bc00000|  0%| F|  |TAMS 0x000000071ba00000, 0x000000071ba00000| Untracked 
| 188|0x000000071bc00000, 0x000000071bc00000, 0x000000071be00000|  0%| F|  |TAMS 0x000000071bc00000, 0x000000071bc00000| Untracked 
| 189|0x000000071be00000, 0x000000071be00000, 0x000000071c000000|  0%| F|  |TAMS 0x000000071be00000, 0x000000071be00000| Untracked 
| 190|0x000000071c000000, 0x000000071c000000, 0x000000071c200000|  0%| F|  |TAMS 0x000000071c000000, 0x000000071c000000| Untracked 
| 191|0x000000071c200000, 0x000000071c200000, 0x000000071c400000|  0%| F|  |TAMS 0x000000071c200000, 0x000000071c200000| Untracked 
| 192|0x000000071c400000, 0x000000071c400000, 0x000000071c600000|  0%| F|  |TAMS 0x000000071c400000, 0x000000071c400000| Untracked 
| 193|0x000000071c600000, 0x000000071c600000, 0x000000071c800000|  0%| F|  |TAMS 0x000000071c600000, 0x000000071c600000| Untracked 
| 194|0x000000071c800000, 0x000000071c800000, 0x000000071ca00000|  0%| F|  |TAMS 0x000000071c800000, 0x000000071c800000| Untracked 
| 195|0x000000071ca00000, 0x000000071ca00000, 0x000000071cc00000|  0%| F|  |TAMS 0x000000071ca00000, 0x000000071ca00000| Untracked 
| 196|0x000000071cc00000, 0x000000071cc00000, 0x000000071ce00000|  0%| F|  |TAMS 0x000000071cc00000, 0x000000071cc00000| Untracked 
| 197|0x000000071ce00000, 0x000000071ce00000, 0x000000071d000000|  0%| F|  |TAMS 0x000000071ce00000, 0x000000071ce00000| Untracked 
| 198|0x000000071d000000, 0x000000071d000000, 0x000000071d200000|  0%| F|  |TAMS 0x000000071d000000, 0x000000071d000000| Untracked 
| 199|0x000000071d200000, 0x000000071d200000, 0x000000071d400000|  0%| F|  |TAMS 0x000000071d200000, 0x000000071d200000| Untracked 
| 200|0x000000071d400000, 0x000000071d400000, 0x000000071d600000|  0%| F|  |TAMS 0x000000071d400000, 0x000000071d400000| Untracked 
| 201|0x000000071d600000, 0x000000071d600000, 0x000000071d800000|  0%| F|  |TAMS 0x000000071d600000, 0x000000071d600000| Untracked 
| 202|0x000000071d800000, 0x000000071d800000, 0x000000071da00000|  0%| F|  |TAMS 0x000000071d800000, 0x000000071d800000| Untracked 
| 203|0x000000071da00000, 0x000000071da00000, 0x000000071dc00000|  0%| F|  |TAMS 0x000000071da00000, 0x000000071da00000| Untracked 
| 204|0x000000071dc00000, 0x000000071dc00000, 0x000000071de00000|  0%| F|  |TAMS 0x000000071dc00000, 0x000000071dc00000| Untracked 
| 205|0x000000071de00000, 0x000000071de00000, 0x000000071e000000|  0%| F|  |TAMS 0x000000071de00000, 0x000000071de00000| Untracked 
| 206|0x000000071e000000, 0x000000071e000000, 0x000000071e200000|  0%| F|  |TAMS 0x000000071e000000, 0x000000071e000000| Untracked 
| 207|0x000000071e200000, 0x000000071e200000, 0x000000071e400000|  0%| F|  |TAMS 0x000000071e200000, 0x000000071e200000| Untracked 
| 208|0x000000071e400000, 0x000000071e400000, 0x000000071e600000|  0%| F|  |TAMS 0x000000071e400000, 0x000000071e400000| Untracked 
| 209|0x000000071e600000, 0x000000071e600000, 0x000000071e800000|  0%| F|  |TAMS 0x000000071e600000, 0x000000071e600000| Untracked 
| 210|0x000000071e800000, 0x000000071e800000, 0x000000071ea00000|  0%| F|  |TAMS 0x000000071e800000, 0x000000071e800000| Untracked 
| 211|0x000000071ea00000, 0x000000071ea00000, 0x000000071ec00000|  0%| F|  |TAMS 0x000000071ea00000, 0x000000071ea00000| Untracked 
| 212|0x000000071ec00000, 0x000000071ec00000, 0x000000071ee00000|  0%| F|  |TAMS 0x000000071ec00000, 0x000000071ec00000| Untracked 
| 213|0x000000071ee00000, 0x000000071ee00000, 0x000000071f000000|  0%| F|  |TAMS 0x000000071ee00000, 0x000000071ee00000| Untracked 
| 214|0x000000071f000000, 0x000000071f000000, 0x000000071f200000|  0%| F|  |TAMS 0x000000071f000000, 0x000000071f000000| Untracked 
| 215|0x000000071f200000, 0x000000071f200000, 0x000000071f400000|  0%| F|  |TAMS 0x000000071f200000, 0x000000071f200000| Untracked 
| 216|0x000000071f400000, 0x000000071f400000, 0x000000071f600000|  0%| F|  |TAMS 0x000000071f400000, 0x000000071f400000| Untracked 
| 217|0x000000071f600000, 0x000000071f600000, 0x000000071f800000|  0%| F|  |TAMS 0x000000071f600000, 0x000000071f600000| Untracked 
| 218|0x000000071f800000, 0x000000071f800000, 0x000000071fa00000|  0%| F|  |TAMS 0x000000071f800000, 0x000000071f800000| Untracked 
| 219|0x000000071fa00000, 0x000000071fa00000, 0x000000071fc00000|  0%| F|  |TAMS 0x000000071fa00000, 0x000000071fa00000| Untracked 
| 220|0x000000071fc00000, 0x000000071fc00000, 0x000000071fe00000|  0%| F|  |TAMS 0x000000071fc00000, 0x000000071fc00000| Untracked 
| 221|0x000000071fe00000, 0x000000071fe00000, 0x0000000720000000|  0%| F|  |TAMS 0x000000071fe00000, 0x000000071fe00000| Untracked 
| 222|0x0000000720000000, 0x0000000720000000, 0x0000000720200000|  0%| F|  |TAMS 0x0000000720000000, 0x0000000720000000| Untracked 
| 223|0x0000000720200000, 0x0000000720200000, 0x0000000720400000|  0%| F|  |TAMS 0x0000000720200000, 0x0000000720200000| Untracked 
| 224|0x0000000720400000, 0x0000000720400000, 0x0000000720600000|  0%| F|  |TAMS 0x0000000720400000, 0x0000000720400000| Untracked 
| 225|0x0000000720600000, 0x0000000720600000, 0x0000000720800000|  0%| F|  |TAMS 0x0000000720600000, 0x0000000720600000| Untracked 
| 226|0x0000000720800000, 0x0000000720800000, 0x0000000720a00000|  0%| F|  |TAMS 0x0000000720800000, 0x0000000720800000| Untracked 
| 227|0x0000000720a00000, 0x0000000720a00000, 0x0000000720c00000|  0%| F|  |TAMS 0x0000000720a00000, 0x0000000720a00000| Untracked 

Card table byte_map: [0x0000018627e10000,0x00000186285f0000] _byte_map_base: 0x00000186245ee000

Marking Bits (Prev, Next): (CMBitMap*) 0x000001861c3393d0, (CMBitMap*) 0x000001861c339410
 Prev Bits: [0x0000018628dd0000, 0x000001862ccc0000)
 Next Bits: [0x000001862ccc0000, 0x0000018630bb0000)

Polling page: 0x000001861ba70000

Metaspace:

Usage:
  Non-class:     49.22 MB used.
      Class:      8.08 MB used.
       Both:     57.29 MB used.

Virtual space:
  Non-class space:       64.00 MB reserved,      49.56 MB ( 77%) committed,  1 nodes.
      Class space:        1.00 GB reserved,       8.38 MB ( <1%) committed,  1 nodes.
             Both:        1.06 GB reserved,      57.94 MB (  5%) committed. 

Chunk freelists:
   Non-Class:  13.90 MB
       Class:  7.47 MB
        Both:  21.38 MB

MaxMetaspaceSize: unlimited
CompressedClassSpaceSize: 1.00 GB
Initial GC threshold: 21.00 MB
Current GC threshold: 59.06 MB
CDS: on
MetaspaceReclaimPolicy: balanced
 - commit_granule_bytes: 65536.
 - commit_granule_words: 8192.
 - virtual_space_node_default_size: 8388608.
 - enlarge_chunks_in_place: 1.
 - new_chunks_are_fully_committed: 0.
 - uncommit_free_chunks: 1.
 - use_allocation_guard: 0.
 - handle_deallocations: 1.


Internal statistics:

num_allocs_failed_limit: 8.
num_arena_births: 846.
num_arena_deaths: 0.
num_vsnodes_births: 2.
num_vsnodes_deaths: 0.
num_space_committed: 927.
num_space_uncommitted: 0.
num_chunks_returned_to_freelist: 8.
num_chunks_taken_from_freelist: 2945.
num_chunk_merges: 8.
num_chunk_splits: 2084.
num_chunks_enlarged: 1552.
num_inconsistent_stats: 0.

CodeCache: size=49152Kb used=21285Kb max_used=21285Kb free=27866Kb
 bounds [0x0000018623da0000, 0x0000018625270000, 0x0000018626da0000]
 total_blobs=11926 nmethods=11271 adapters=577
 compilation: enabled
              stopped_count=0, restarted_count=0
 full_count=0

Compilation events (20 events):
Event: 3280.010 Thread 0x0000018675798f50 11264       1       io.netty.util.ResourceLeakDetector$TraceRecord::access$100 (4 bytes)
Event: 3280.011 Thread 0x0000018675798f50 nmethod 11264 0x0000018625264510 code [0x00000186252646a0, 0x0000018625264758]
Event: 3280.011 Thread 0x0000018675798f50 11265       1       io.netty.util.ResourceLeakDetector$TraceRecord::<init> (25 bytes)
Event: 3280.011 Thread 0x00000186757984b0 nmethod 11261 0x0000018625264810 code [0x00000186252649c0, 0x0000018625264b08]
Event: 3280.011 Thread 0x00000186757999f0 nmethod 11262 0x0000018625264c10 code [0x0000018625264da0, 0x0000018625264ec8]
Event: 3280.011 Thread 0x00000186757984b0 11266       1       io.netty.buffer.SimpleLeakAwareByteBuf::<init> (32 bytes)
Event: 3280.011 Thread 0x00000186757999f0 11267   !   1       io.netty.util.ResourceLeakDetector$DefaultResourceLeak::close (43 bytes)
Event: 3280.011 Thread 0x0000018675798f50 nmethod 11265 0x0000018625264f90 code [0x0000018625265140, 0x0000018625265428]
Event: 3280.011 Thread 0x0000018675798f50 11268       1       io.netty.util.ResourceLeakDetector$DefaultResourceLeak::close (29 bytes)
Event: 3280.011 Thread 0x00000186757984b0 nmethod 11266 0x0000018625265510 code [0x00000186252656e0, 0x0000018625265b48]
Event: 3280.012 Thread 0x00000186757999f0 nmethod 11267 0x0000018625265d10 code [0x0000018625265ee0, 0x00000186252662a8]
Event: 3280.012 Thread 0x00000186757984b0 11269   !   1       io.netty.util.ResourceLeakDetector$DefaultResourceLeak::reachabilityFence0 (19 bytes)
Event: 3280.012 Thread 0x00000186336f04b0 nmethod 11263 0x0000018625266510 code [0x0000018625266700, 0x0000018625266cd8]
Event: 3280.012 Thread 0x0000018675798f50 nmethod 11268 0x0000018625266e90 code [0x0000018625267060, 0x00000186252672c8]
Event: 3280.012 Thread 0x00000186757984b0 nmethod 11269 0x0000018625267410 code [0x00000186252675a0, 0x00000186252676b8]
Event: 3280.013 Thread 0x00000186757994a0 nmethod 11260 0x0000018625267790 code [0x0000018625267a60, 0x00000186252686a8]
Event: 3280.013 Thread 0x00000186757994a0 11270       1       io.netty.buffer.WrappedByteBuf::isReadable (8 bytes)
Event: 3280.014 Thread 0x00000186757994a0 nmethod 11270 0x0000018625268e90 code [0x0000018625269020, 0x0000018625269108]
Event: 3280.020 Thread 0x00000186757984b0 11271       1       io.netty.buffer.WrappedByteBuf::writeBytes (11 bytes)
Event: 3280.020 Thread 0x00000186757984b0 nmethod 11271 0x0000018625269190 code [0x0000018625269320, 0x0000018625269428]

GC Heap History (20 events):
Event: 3278.660 GC heap after
{Heap after GC invocations=26 (full 0):
 garbage-first heap   total 389120K, used 35644K [0x0000000704400000, 0x0000000800000000)
  region size 2048K, 4 young (8192K), 4 survivors (8192K)
 Metaspace       used 58666K, committed 59328K, reserved 1114112K
  class space    used 8269K, committed 8576K, reserved 1048576K
}
Event: 3278.776 GC heap before
{Heap before GC invocations=26 (full 0):
 garbage-first heap   total 389120K, used 258876K [0x0000000704400000, 0x0000000800000000)
  region size 2048K, 114 young (233472K), 4 survivors (8192K)
 Metaspace       used 58666K, committed 59328K, reserved 1114112K
  class space    used 8269K, committed 8576K, reserved 1048576K
}
Event: 3278.779 GC heap after
{Heap after GC invocations=27 (full 0):
 garbage-first heap   total 389120K, used 35920K [0x0000000704400000, 0x0000000800000000)
  region size 2048K, 4 young (8192K), 4 survivors (8192K)
 Metaspace       used 58666K, committed 59328K, reserved 1114112K
  class space    used 8269K, committed 8576K, reserved 1048576K
}
Event: 3278.893 GC heap before
{Heap before GC invocations=27 (full 0):
 garbage-first heap   total 389120K, used 259152K [0x0000000704400000, 0x0000000800000000)
  region size 2048K, 114 young (233472K), 4 survivors (8192K)
 Metaspace       used 58666K, committed 59328K, reserved 1114112K
  class space    used 8269K, committed 8576K, reserved 1048576K
}
Event: 3278.895 GC heap after
{Heap after GC invocations=28 (full 0):
 garbage-first heap   total 389120K, used 35925K [0x0000000704400000, 0x0000000800000000)
  region size 2048K, 4 young (8192K), 4 survivors (8192K)
 Metaspace       used 58666K, committed 59328K, reserved 1114112K
  class space    used 8269K, committed 8576K, reserved 1048576K
}
Event: 3279.007 GC heap before
{Heap before GC invocations=28 (full 0):
 garbage-first heap   total 389120K, used 259157K [0x0000000704400000, 0x0000000800000000)
  region size 2048K, 114 young (233472K), 4 survivors (8192K)
 Metaspace       used 58666K, committed 59328K, reserved 1114112K
  class space    used 8269K, committed 8576K, reserved 1048576K
}
Event: 3279.009 GC heap after
{Heap after GC invocations=29 (full 0):
 garbage-first heap   total 466944K, used 36317K [0x0000000704400000, 0x0000000800000000)
  region size 2048K, 4 young (8192K), 4 survivors (8192K)
 Metaspace       used 58666K, committed 59328K, reserved 1114112K
  class space    used 8269K, committed 8576K, reserved 1048576K
}
Event: 3279.192 GC heap before
{Heap before GC invocations=29 (full 0):
 garbage-first heap   total 466944K, used 304605K [0x0000000704400000, 0x0000000800000000)
  region size 2048K, 136 young (278528K), 4 survivors (8192K)
 Metaspace       used 58666K, committed 59328K, reserved 1114112K
  class space    used 8269K, committed 8576K, reserved 1048576K
}
Event: 3279.194 GC heap after
{Heap after GC invocations=30 (full 0):
 garbage-first heap   total 466944K, used 36493K [0x0000000704400000, 0x0000000800000000)
  region size 2048K, 4 young (8192K), 4 survivors (8192K)
 Metaspace       used 58666K, committed 59328K, reserved 1114112K
  class space    used 8269K, committed 8576K, reserved 1048576K
}
Event: 3279.329 GC heap before
{Heap before GC invocations=30 (full 0):
 garbage-first heap   total 466944K, used 304781K [0x0000000704400000, 0x0000000800000000)
  region size 2048K, 136 young (278528K), 4 survivors (8192K)
 Metaspace       used 58666K, committed 59328K, reserved 1114112K
  class space    used 8269K, committed 8576K, reserved 1048576K
}
Event: 3279.489 GC heap after
{Heap after GC invocations=31 (full 0):
 garbage-first heap   total 466944K, used 36695K [0x0000000704400000, 0x0000000800000000)
  region size 2048K, 2 young (4096K), 2 survivors (4096K)
 Metaspace       used 58666K, committed 59328K, reserved 1114112K
  class space    used 8269K, committed 8576K, reserved 1048576K
}
Event: 3279.647 GC heap before
{Heap before GC invocations=31 (full 0):
 garbage-first heap   total 466944K, used 309079K [0x0000000704400000, 0x0000000800000000)
  region size 2048K, 136 young (278528K), 2 survivors (4096K)
 Metaspace       used 58666K, committed 59328K, reserved 1114112K
  class space    used 8269K, committed 8576K, reserved 1048576K
}
Event: 3279.650 GC heap after
{Heap after GC invocations=32 (full 0):
 garbage-first heap   total 466944K, used 36517K [0x0000000704400000, 0x0000000800000000)
  region size 2048K, 2 young (4096K), 2 survivors (4096K)
 Metaspace       used 58666K, committed 59328K, reserved 1114112K
  class space    used 8269K, committed 8576K, reserved 1048576K
}
Event: 3279.781 GC heap before
{Heap before GC invocations=32 (full 0):
 garbage-first heap   total 466944K, used 308901K [0x0000000704400000, 0x0000000800000000)
  region size 2048K, 136 young (278528K), 2 survivors (4096K)
 Metaspace       used 58666K, committed 59328K, reserved 1114112K
  class space    used 8269K, committed 8576K, reserved 1048576K
}
Event: 3279.782 GC heap after
{Heap after GC invocations=33 (full 0):
 garbage-first heap   total 466944K, used 36519K [0x0000000704400000, 0x0000000800000000)
  region size 2048K, 2 young (4096K), 2 survivors (4096K)
 Metaspace       used 58666K, committed 59328K, reserved 1114112K
  class space    used 8269K, committed 8576K, reserved 1048576K
}
Event: 3279.913 GC heap before
{Heap before GC invocations=33 (full 0):
 garbage-first heap   total 466944K, used 308903K [0x0000000704400000, 0x0000000800000000)
  region size 2048K, 136 young (278528K), 2 survivors (4096K)
 Metaspace       used 58666K, committed 59328K, reserved 1114112K
  class space    used 8269K, committed 8576K, reserved 1048576K
}
Event: 3279.916 GC heap after
{Heap after GC invocations=34 (full 0):
 garbage-first heap   total 466944K, used 36471K [0x0000000704400000, 0x0000000800000000)
  region size 2048K, 2 young (4096K), 2 survivors (4096K)
 Metaspace       used 58666K, committed 59328K, reserved 1114112K
  class space    used 8269K, committed 8576K, reserved 1048576K
}
Event: 3280.035 GC heap before
{Heap before GC invocations=34 (full 0):
 garbage-first heap   total 466944K, used 308855K [0x0000000704400000, 0x0000000800000000)
  region size 2048K, 136 young (278528K), 2 survivors (4096K)
 Metaspace       used 58666K, committed 59328K, reserved 1114112K
  class space    used 8269K, committed 8576K, reserved 1048576K
}
Event: 3280.040 GC heap after
{Heap after GC invocations=35 (full 0):
 garbage-first heap   total 466944K, used 36310K [0x0000000704400000, 0x0000000800000000)
  region size 2048K, 1 young (2048K), 1 survivors (2048K)
 Metaspace       used 58666K, committed 59328K, reserved 1114112K
  class space    used 8269K, committed 8576K, reserved 1048576K
}
Event: 3280.155 GC heap before
{Heap before GC invocations=35 (full 0):
 garbage-first heap   total 466944K, used 310742K [0x0000000704400000, 0x0000000800000000)
  region size 2048K, 136 young (278528K), 1 survivors (2048K)
 Metaspace       used 58666K, committed 59328K, reserved 1114112K
  class space    used 8269K, committed 8576K, reserved 1048576K
}

Dll operation events (13 events):
Event: 0.007 Loaded shared library C:\Users\17161\.jdks\temurin-17.0.8.1\bin\java.dll
Event: 0.106 Loaded shared library C:\Users\17161\.jdks\temurin-17.0.8.1\bin\jsvml.dll
Event: 0.175 Loaded shared library C:\Users\17161\.jdks\temurin-17.0.8.1\bin\zip.dll
Event: 0.178 Loaded shared library C:\Users\17161\.jdks\temurin-17.0.8.1\bin\instrument.dll
Event: 0.181 Loaded shared library C:\Users\17161\.jdks\temurin-17.0.8.1\bin\net.dll
Event: 0.182 Loaded shared library C:\Users\17161\.jdks\temurin-17.0.8.1\bin\nio.dll
Event: 0.184 Loaded shared library C:\Users\17161\.jdks\temurin-17.0.8.1\bin\zip.dll
Event: 0.234 Loaded shared library D:\IntelliJ IDEA 2022.3.2\bin\breakgen64.dll
Event: 0.237 Loaded shared library C:\Users\17161\.jdks\temurin-17.0.8.1\bin\jimage.dll
Event: 0.249 Loaded shared library C:\Users\17161\.jdks\temurin-17.0.8.1\bin\management.dll
Event: 0.254 Loaded shared library C:\Users\17161\.jdks\temurin-17.0.8.1\bin\management_ext.dll
Event: 1.978 Loaded shared library C:\Users\17161\.jdks\temurin-17.0.8.1\bin\sunmscapi.dll
Event: 2933.972 Loaded shared library C:\Users\17161\.jdks\temurin-17.0.8.1\bin\verify.dll

Deoptimization events (10 events):
Event: 1.324 Thread 0x0000018675afb9e0 DEOPT PACKING pc=0x0000018624419df9 sp=0x0000007fdd5fc240
Event: 1.324 Thread 0x0000018675afb9e0 DEOPT UNPACKING pc=0x0000018623df7143 sp=0x0000007fdd5fb720 mode 3
Event: 507.026 Thread 0x000001867af78870 DEOPT PACKING pc=0x0000018624c7894b sp=0x0000007fe03fec20
Event: 507.026 Thread 0x000001867af78870 DEOPT UNPACKING pc=0x0000018623df7143 sp=0x0000007fe03fe148 mode 3
Event: 542.118 Thread 0x00000186751fe3b0 DEOPT PACKING pc=0x0000018624061808 sp=0x0000007fe08fe700
Event: 542.118 Thread 0x00000186751fe3b0 DEOPT UNPACKING pc=0x0000018623df7143 sp=0x0000007fe08fdc98 mode 3
Event: 2934.085 Thread 0x00000186757ff820 DEOPT PACKING pc=0x000001862422282c sp=0x0000007fe22fa240
Event: 2934.085 Thread 0x00000186757ff820 DEOPT UNPACKING pc=0x0000018623df7143 sp=0x0000007fe22f9708 mode 0
Event: 3277.935 Thread 0x00000186757fded0 DEOPT PACKING pc=0x000001862503b6fb sp=0x0000007fe25f8860
Event: 3277.935 Thread 0x00000186757fded0 DEOPT UNPACKING pc=0x0000018623df7143 sp=0x0000007fe25f7d70 mode 3

Classes unloaded (0 events):
No events

Classes redefined (0 events):
No events

Internal exceptions (20 events):
Event: 3277.938 Thread 0x0000018675801680 Exception <a 'java/lang/NoSuchMethodError'{0x000000070d4f26e8}: 'java.lang.Object java.lang.invoke.Invokers$Holder.invoke_MT(java.lang.Object, java.lang.Object, java.lang.Object, java.lang.Object, java.lang.Object)'> (0x000000070d4f26e8) 
thrown [s\src\hotspot\share\interpreter\linkResolver.cpp, line 759]
Event: 3277.938 Thread 0x0000018675801b90 Exception <a 'java/lang/NoSuchMethodError'{0x000000070d5b0810}: 'java.lang.Object java.lang.invoke.Invokers$Holder.invoke_MT(java.lang.Object, java.lang.Object, java.lang.Object, java.lang.Object, java.lang.Object)'> (0x000000070d5b0810) 
thrown [s\src\hotspot\share\interpreter\linkResolver.cpp, line 759]
Event: 3277.938 Thread 0x00000186757fd4b0 Exception <a 'java/lang/NoSuchMethodError'{0x000000070d51c600}: 'java.lang.Object java.lang.invoke.Invokers$Holder.invoke_MT(java.lang.Object, java.lang.Object, java.lang.Object, java.lang.Object, java.lang.Object)'> (0x000000070d51c600) 
thrown [s\src\hotspot\share\interpreter\linkResolver.cpp, line 759]
Event: 3277.938 Thread 0x0000018675800c60 Exception <a 'java/lang/NoSuchMethodError'{0x000000070d528d20}: 'java.lang.Object java.lang.invoke.Invokers$Holder.invoke_MT(java.lang.Object, java.lang.Object, java.lang.Object, java.lang.Object, java.lang.Object)'> (0x000000070d528d20) 
thrown [s\src\hotspot\share\interpreter\linkResolver.cpp, line 759]
Event: 3277.938 Thread 0x00000186757fc580 Exception <a 'java/lang/NoSuchMethodError'{0x000000070d5a1480}: 'java.lang.Object java.lang.invoke.Invokers$Holder.invoke_MT(java.lang.Object, java.lang.Object, java.lang.Object, java.lang.Object, java.lang.Object)'> (0x000000070d5a1480) 
thrown [s\src\hotspot\share\interpreter\linkResolver.cpp, line 759]
Event: 3277.938 Thread 0x000001867af79cb0 Exception <a 'java/lang/NoSuchMethodError'{0x000000070d541060}: 'java.lang.Object java.lang.invoke.Invokers$Holder.invoke_MT(java.lang.Object, java.lang.Object, java.lang.Object, java.lang.Object, java.lang.Object)'> (0x000000070d541060) 
thrown [s\src\hotspot\share\interpreter\linkResolver.cpp, line 759]
Event: 3277.938 Thread 0x00000186757fd9c0 Exception <a 'java/lang/NoSuchMethodError'{0x000000070d4ffbf8}: 'java.lang.Object java.lang.invoke.Invokers$Holder.invoke_MT(java.lang.Object, java.lang.Object, java.lang.Object, java.lang.Object, java.lang.Object)'> (0x000000070d4ffbf8) 
thrown [s\src\hotspot\share\interpreter\linkResolver.cpp, line 759]
Event: 3277.938 Thread 0x0000018675800240 Exception <a 'java/lang/NoSuchMethodError'{0x000000070d549a98}: 'java.lang.Object java.lang.invoke.Invokers$Holder.invoke_MT(java.lang.Object, java.lang.Object, java.lang.Object, java.lang.Object, java.lang.Object)'> (0x000000070d549a98) 
thrown [s\src\hotspot\share\interpreter\linkResolver.cpp, line 759]
Event: 3277.939 Thread 0x0000018675801170 Exception <a 'java/lang/NoSuchMethodError'{0x000000070d4e6c08}: 'void java.lang.invoke.Invokers$Holder.invokeExact_MT(java.lang.Object, java.lang.Object, java.lang.Object)'> (0x000000070d4e6c08) 
thrown [s\src\hotspot\share\interpreter\linkResolver.cpp, line 759]
Event: 3277.939 Thread 0x0000018675800c60 Exception <a 'java/lang/NoSuchMethodError'{0x000000070d52c5e0}: 'void java.lang.invoke.Invokers$Holder.invokeExact_MT(java.lang.Object, java.lang.Object, java.lang.Object)'> (0x000000070d52c5e0) 
thrown [s\src\hotspot\share\interpreter\linkResolver.cpp, line 759]
Event: 3277.939 Thread 0x000001867af79cb0 Exception <a 'java/lang/NoSuchMethodError'{0x000000070d544920}: 'void java.lang.invoke.Invokers$Holder.invokeExact_MT(java.lang.Object, java.lang.Object, java.lang.Object)'> (0x000000070d544920) 
thrown [s\src\hotspot\share\interpreter\linkResolver.cpp, line 759]
Event: 3277.939 Thread 0x00000186757fc580 Exception <a 'java/lang/NoSuchMethodError'{0x000000070d5a4d40}: 'void java.lang.invoke.Invokers$Holder.invokeExact_MT(java.lang.Object, java.lang.Object, java.lang.Object)'> (0x000000070d5a4d40) 
thrown [s\src\hotspot\share\interpreter\linkResolver.cpp, line 759]
Event: 3277.939 Thread 0x0000018675801b90 Exception <a 'java/lang/NoSuchMethodError'{0x000000070d5b4330}: 'void java.lang.invoke.Invokers$Holder.invokeExact_MT(java.lang.Object, java.lang.Object, java.lang.Object)'> (0x000000070d5b4330) 
thrown [s\src\hotspot\share\interpreter\linkResolver.cpp, line 759]
Event: 3277.939 Thread 0x0000018675800240 Exception <a 'java/lang/NoSuchMethodError'{0x000000070d54d358}: 'void java.lang.invoke.Invokers$Holder.invokeExact_MT(java.lang.Object, java.lang.Object, java.lang.Object)'> (0x000000070d54d358) 
thrown [s\src\hotspot\share\interpreter\linkResolver.cpp, line 759]
Event: 3277.939 Thread 0x00000186757fd4b0 Exception <a 'java/lang/NoSuchMethodError'{0x000000070d520240}: 'void java.lang.invoke.Invokers$Holder.invokeExact_MT(java.lang.Object, java.lang.Object, java.lang.Object)'> (0x000000070d520240) 
thrown [s\src\hotspot\share\interpreter\linkResolver.cpp, line 759]
Event: 3277.939 Thread 0x00000186757fded0 Exception <a 'java/lang/NoSuchMethodError'{0x000000070d595ee8}: 'void java.lang.invoke.Invokers$Holder.invokeExact_MT(java.lang.Object, java.lang.Object, java.lang.Object)'> (0x000000070d595ee8) 
thrown [s\src\hotspot\share\interpreter\linkResolver.cpp, line 759]
Event: 3277.940 Thread 0x0000018675801680 Exception <a 'java/lang/NoSuchMethodError'{0x000000070d5bd678}: 'void java.lang.invoke.Invokers$Holder.invokeExact_MT(java.lang.Object, java.lang.Object, java.lang.Object)'> (0x000000070d5bd678) 
thrown [s\src\hotspot\share\interpreter\linkResolver.cpp, line 759]
Event: 3277.940 Thread 0x00000186757ff820 Exception <a 'java/lang/NoSuchMethodError'{0x000000070d55a1a0}: 'void java.lang.invoke.Invokers$Holder.invokeExact_MT(java.lang.Object, java.lang.Object, java.lang.Object)'> (0x000000070d55a1a0) 
thrown [s\src\hotspot\share\interpreter\linkResolver.cpp, line 759]
Event: 3277.940 Thread 0x00000186757fe3e0 Exception <a 'java/lang/NoSuchMethodError'{0x000000070d5112c0}: 'void java.lang.invoke.Invokers$Holder.invokeExact_MT(java.lang.Object, java.lang.Object, java.lang.Object)'> (0x000000070d5112c0) 
thrown [s\src\hotspot\share\interpreter\linkResolver.cpp, line 759]
Event: 3277.940 Thread 0x00000186757fd9c0 Exception <a 'java/lang/NoSuchMethodError'{0x000000070d5034b8}: 'void java.lang.invoke.Invokers$Holder.invokeExact_MT(java.lang.Object, java.lang.Object, java.lang.Object)'> (0x000000070d5034b8) 
thrown [s\src\hotspot\share\interpreter\linkResolver.cpp, line 759]

VM Operations (20 events):
Event: 3278.660 Executing VM operation: G1CollectForAllocation done
Event: 3278.776 Executing VM operation: G1CollectForAllocation
Event: 3278.779 Executing VM operation: G1CollectForAllocation done
Event: 3278.893 Executing VM operation: G1CollectForAllocation
Event: 3278.895 Executing VM operation: G1CollectForAllocation done
Event: 3279.006 Executing VM operation: G1CollectForAllocation
Event: 3279.009 Executing VM operation: G1CollectForAllocation done
Event: 3279.189 Executing VM operation: G1CollectForAllocation
Event: 3279.194 Executing VM operation: G1CollectForAllocation done
Event: 3279.329 Executing VM operation: G1CollectForAllocation
Event: 3279.490 Executing VM operation: G1CollectForAllocation done
Event: 3279.647 Executing VM operation: G1CollectForAllocation
Event: 3279.650 Executing VM operation: G1CollectForAllocation done
Event: 3279.781 Executing VM operation: G1CollectForAllocation
Event: 3279.782 Executing VM operation: G1CollectForAllocation done
Event: 3279.912 Executing VM operation: G1CollectForAllocation
Event: 3279.916 Executing VM operation: G1CollectForAllocation done
Event: 3280.034 Executing VM operation: G1CollectForAllocation
Event: 3280.040 Executing VM operation: G1CollectForAllocation done
Event: 3280.155 Executing VM operation: G1CollectForAllocation

Events (20 events):
Event: 3263.720 Thread 0x000001867562f1a0 Thread added: 0x000001867562f1a0
Event: 3267.750 Thread 0x0000018675633880 Thread exited: 0x0000018675633880
Event: 3267.768 Thread 0x0000018675631a20 Thread added: 0x0000018675631a20
Event: 3268.718 Thread 0x000001867562f6b0 Thread exited: 0x000001867562f6b0
Event: 3268.735 Thread 0x000001867562f6b0 Thread added: 0x000001867562f6b0
Event: 3272.760 Thread 0x00000186756300d0 Thread exited: 0x00000186756300d0
Event: 3272.777 Thread 0x000001867562dd60 Thread added: 0x000001867562dd60
Event: 3273.723 Thread 0x000001867562f1a0 Thread exited: 0x000001867562f1a0
Event: 3273.740 Thread 0x00000186756300d0 Thread added: 0x00000186756300d0
Event: 3277.770 Thread 0x0000018675631a20 Thread exited: 0x0000018675631a20
Event: 3277.788 Thread 0x0000018675631a20 Thread added: 0x0000018675631a20
Event: 3277.892 Thread 0x0000018675630af0 Thread added: 0x0000018675630af0
Event: 3277.898 Thread 0x00000186757984b0 Thread added: 0x00000186757984b0
Event: 3277.899 Thread 0x0000018675798f50 Thread added: 0x0000018675798f50
Event: 3277.899 Thread 0x00000186757999f0 Thread added: 0x00000186757999f0
Event: 3277.899 loading class java/util/ArrayList$SubList$2
Event: 3277.899 loading class java/util/ArrayList$SubList$2 done
Event: 3277.955 Thread 0x00000186757994a0 Thread added: 0x00000186757994a0
Event: 3278.740 Thread 0x000001867562f6b0 Thread exited: 0x000001867562f6b0
Event: 3278.756 Thread 0x0000018675633880 Thread added: 0x0000018675633880


Dynamic libraries:
0x00007ff6f63e0000 - 0x00007ff6f63ee000 	C:\Users\17161\.jdks\temurin-17.0.8.1\bin\java.exe
0x00007ffde18f0000 - 0x00007ffde1b07000 	C:\WINDOWS\SYSTEM32\ntdll.dll
0x00007ffde0d70000 - 0x00007ffde0e34000 	C:\WINDOWS\System32\KERNEL32.DLL
0x00007ffddf290000 - 0x00007ffddf635000 	C:\WINDOWS\System32\KERNELBASE.dll
0x00007ffddef80000 - 0x00007ffddf091000 	C:\WINDOWS\System32\ucrtbase.dll
0x00007ffdb3a00000 - 0x00007ffdb3a19000 	C:\Users\17161\.jdks\temurin-17.0.8.1\bin\VCRUNTIME140.dll
0x00007ffdb3a20000 - 0x00007ffdb3a37000 	C:\Users\17161\.jdks\temurin-17.0.8.1\bin\jli.dll
0x00007ffddfe50000 - 0x00007ffddfffe000 	C:\WINDOWS\System32\USER32.dll
0x00007ffddf0a0000 - 0x00007ffddf0c6000 	C:\WINDOWS\System32\win32u.dll
0x00007ffddfbe0000 - 0x00007ffddfc09000 	C:\WINDOWS\System32\GDI32.dll
0x00007ffddf0d0000 - 0x00007ffddf1e9000 	C:\WINDOWS\System32\gdi32full.dll
0x00007ffddf1f0000 - 0x00007ffddf28a000 	C:\WINDOWS\System32\msvcp_win.dll
0x00007ffdc4cb0000 - 0x00007ffdc4f43000 	C:\WINDOWS\WinSxS\amd64_microsoft.windows.common-controls_6595b64144ccf1df_6.0.22621.2506_none_270c5ae97388e100\COMCTL32.dll
0x00007ffddf6a0000 - 0x00007ffddf747000 	C:\WINDOWS\System32\msvcrt.dll
0x00007ffde1120000 - 0x00007ffde1151000 	C:\WINDOWS\System32\IMM32.DLL
0x00007ffdc0210000 - 0x00007ffdc021c000 	C:\Users\17161\.jdks\temurin-17.0.8.1\bin\vcruntime140_1.dll
0x00007ffdb11c0000 - 0x00007ffdb1251000 	C:\Users\17161\.jdks\temurin-17.0.8.1\bin\msvcp140.dll
0x00007ffd036c0000 - 0x00007ffd0430c000 	C:\Users\17161\.jdks\temurin-17.0.8.1\bin\server\jvm.dll
0x00007ffde0f60000 - 0x00007ffde1011000 	C:\WINDOWS\System32\ADVAPI32.dll
0x00007ffde1160000 - 0x00007ffde1206000 	C:\WINDOWS\System32\sechost.dll
0x00007ffde0e40000 - 0x00007ffde0f57000 	C:\WINDOWS\System32\RPCRT4.dll
0x00007ffddda70000 - 0x00007ffdddabd000 	C:\WINDOWS\SYSTEM32\POWRPROF.dll
0x00007ffdbac40000 - 0x00007ffdbac49000 	C:\WINDOWS\SYSTEM32\WSOCK32.dll
0x00007ffddfdd0000 - 0x00007ffddfe41000 	C:\WINDOWS\System32\WS2_32.dll
0x00007ffdc7320000 - 0x00007ffdc7354000 	C:\WINDOWS\SYSTEM32\WINMM.dll
0x00007ffdd2f10000 - 0x00007ffdd2f1a000 	C:\WINDOWS\SYSTEM32\VERSION.dll
0x00007ffddda50000 - 0x00007ffddda63000 	C:\WINDOWS\SYSTEM32\UMPDC.dll
0x00007ffdddcb0000 - 0x00007ffdddcc8000 	C:\WINDOWS\SYSTEM32\kernel.appcore.dll
0x00007ffdbfeb0000 - 0x00007ffdbfeba000 	C:\Users\17161\.jdks\temurin-17.0.8.1\bin\jimage.dll
0x00007ffddc750000 - 0x00007ffddc983000 	C:\WINDOWS\SYSTEM32\DBGHELP.DLL
0x00007ffddf7a0000 - 0x00007ffddfb29000 	C:\WINDOWS\System32\combase.dll
0x00007ffde1530000 - 0x00007ffde1607000 	C:\WINDOWS\System32\OLEAUT32.dll
0x00007ffdbf450000 - 0x00007ffdbf482000 	C:\WINDOWS\SYSTEM32\dbgcore.DLL
0x00007ffddec60000 - 0x00007ffddecda000 	C:\WINDOWS\System32\bcryptPrimitives.dll
0x00007ffdc6bc0000 - 0x00007ffdc6bce000 	C:\Users\17161\.jdks\temurin-17.0.8.1\bin\instrument.dll
0x00007ffdb1b90000 - 0x00007ffdb1bb5000 	C:\Users\17161\.jdks\temurin-17.0.8.1\bin\java.dll
0x00007ffdb0f70000 - 0x00007ffdb1046000 	C:\Users\17161\.jdks\temurin-17.0.8.1\bin\jsvml.dll
0x00007ffde0480000 - 0x00007ffde0cd9000 	C:\WINDOWS\System32\SHELL32.dll
0x00007ffddc990000 - 0x00007ffddd284000 	C:\WINDOWS\SYSTEM32\windows.storage.dll
0x00007ffddc610000 - 0x00007ffddc74e000 	C:\WINDOWS\SYSTEM32\wintypes.dll
0x00007ffde13d0000 - 0x00007ffde14c3000 	C:\WINDOWS\System32\SHCORE.dll
0x00007ffde14d0000 - 0x00007ffde152e000 	C:\WINDOWS\System32\shlwapi.dll
0x00007ffddeb90000 - 0x00007ffddebb6000 	C:\WINDOWS\SYSTEM32\profapi.dll
0x00007ffdb1960000 - 0x00007ffdb1978000 	C:\Users\17161\.jdks\temurin-17.0.8.1\bin\zip.dll
0x00007ffdb19a0000 - 0x00007ffdb19b9000 	C:\Users\17161\.jdks\temurin-17.0.8.1\bin\net.dll
0x00007ffdd7d40000 - 0x00007ffdd7e77000 	C:\WINDOWS\SYSTEM32\WINHTTP.dll
0x00007ffdde190000 - 0x00007ffdde1f9000 	C:\WINDOWS\system32\mswsock.dll
0x00007ffdb1980000 - 0x00007ffdb1995000 	C:\Users\17161\.jdks\temurin-17.0.8.1\bin\nio.dll
0x00007ffdc5290000 - 0x00007ffdc52aa000 	D:\IntelliJ IDEA 2022.3.2\bin\breakgen64.dll
0x00007ffdb82f0000 - 0x00007ffdb833b000 	C:\Program Files (x86)\Sangfor\SSL\ClientComponent\SangforNspX64.dll
0x00007ffddfc30000 - 0x00007ffddfdd0000 	C:\WINDOWS\System32\ole32.dll
0x00007ffddfc20000 - 0x00007ffddfc28000 	C:\WINDOWS\System32\PSAPI.DLL
0x00007ffddd740000 - 0x00007ffddd839000 	C:\WINDOWS\SYSTEM32\DNSAPI.dll
0x00007ffddd710000 - 0x00007ffddd73d000 	C:\WINDOWS\SYSTEM32\IPHLPAPI.DLL
0x00007ffde17f0000 - 0x00007ffde17f9000 	C:\WINDOWS\System32\NSI.dll
0x0000000071f10000 - 0x0000000071f36000 	C:\Program Files\Bonjour\mdnsNSP.dll
0x00007ffdd82a0000 - 0x00007ffdd82aa000 	C:\Windows\System32\rasadhlp.dll
0x00007ffdd6130000 - 0x00007ffdd61b3000 	C:\WINDOWS\System32\fwpuclnt.dll
0x00007ffdd8f70000 - 0x00007ffdd8f79000 	C:\Users\17161\.jdks\temurin-17.0.8.1\bin\management.dll
0x00007ffdd8f10000 - 0x00007ffdd8f1b000 	C:\Users\17161\.jdks\temurin-17.0.8.1\bin\management_ext.dll
0x00007ffdde400000 - 0x00007ffdde41b000 	C:\WINDOWS\SYSTEM32\CRYPTSP.dll
0x00007ffdddc70000 - 0x00007ffdddca5000 	C:\WINDOWS\system32\rsaenh.dll
0x00007ffdde2a0000 - 0x00007ffdde2cc000 	C:\WINDOWS\SYSTEM32\USERENV.dll
0x00007ffdde5f0000 - 0x00007ffdde618000 	C:\WINDOWS\SYSTEM32\bcrypt.dll
0x00007ffdde420000 - 0x00007ffdde42c000 	C:\WINDOWS\SYSTEM32\CRYPTBASE.dll
0x00007ffdd7ee0000 - 0x00007ffdd7ef9000 	C:\WINDOWS\SYSTEM32\dhcpcsvc6.DLL
0x00007ffdd73f0000 - 0x00007ffdd740f000 	C:\WINDOWS\SYSTEM32\dhcpcsvc.DLL
0x00007ffdbb060000 - 0x00007ffdbb077000 	C:\WINDOWS\system32\napinsp.dll
0x00007ffdbafb0000 - 0x00007ffdbafcb000 	C:\WINDOWS\system32\pnrpnsp.dll
0x00007ffdbae80000 - 0x00007ffdbae91000 	C:\WINDOWS\System32\winrnr.dll
0x00007ffdd74c0000 - 0x00007ffdd74d5000 	C:\WINDOWS\system32\wshbth.dll
0x00007ffdbae50000 - 0x00007ffdbae71000 	C:\WINDOWS\system32\nlansp_c.dll
0x00007ffdbfe90000 - 0x00007ffdbfe9e000 	C:\Users\17161\.jdks\temurin-17.0.8.1\bin\sunmscapi.dll
0x00007ffddee10000 - 0x00007ffddef76000 	C:\WINDOWS\System32\CRYPT32.dll
0x00007ffdde5c0000 - 0x00007ffdde5ed000 	C:\WINDOWS\SYSTEM32\ncrypt.dll
0x00007ffdde580000 - 0x00007ffdde5b7000 	C:\WINDOWS\SYSTEM32\NTASN1.dll
0x00007ffdb80d0000 - 0x00007ffdb80d8000 	C:\WINDOWS\system32\wshunix.dll
0x00007ffdbfe80000 - 0x00007ffdbfe90000 	C:\Users\17161\.jdks\temurin-17.0.8.1\bin\verify.dll

dbghelp: loaded successfully - version: 4.0.5 - missing functions: none
symbol engine: initialized successfully - sym options: 0x614 - pdb path: .;C:\Users\17161\.jdks\temurin-17.0.8.1\bin;C:\WINDOWS\SYSTEM32;C:\WINDOWS\WinSxS\amd64_microsoft.windows.common-controls_6595b64144ccf1df_6.0.22621.2506_none_270c5ae97388e100;C:\Users\17161\.jdks\temurin-17.0.8.1\bin\server;D:\IntelliJ IDEA 2022.3.2\bin;C:\Program Files (x86)\Sangfor\SSL\ClientComponent;C:\Program Files\Bonjour

VM Arguments:
jvm_args: -XX:TieredStopAtLevel=1 -Dspring.output.ansi.enabled=always -Dcom.sun.management.jmxremote -Dspring.jmx.enabled=true -Dspring.liveBeansView.mbeanDomain -Dspring.application.admin.enabled=true -Dmanagement.endpoints.jmx.exposure.include=* -javaagent:D:\IntelliJ IDEA 2022.3.2\lib\idea_rt.jar=56297:D:\IntelliJ IDEA 2022.3.2\bin -Dfile.encoding=UTF-8 
java_command: top.lxyi.train.gateway.config.GatewayApplication
java_class_path (initial): F:\\3\\train\gateway\target\classes;D:\maven_jar\org\springframework\cloud\spring-cloud-starter-gateway\4.0.0\spring-cloud-starter-gateway-4.0.0.jar;D:\maven_jar\org\springframework\cloud\spring-cloud-starter\4.0.0\spring-cloud-starter-4.0.0.jar;D:\maven_jar\org\springframework\boot\spring-boot-starter\3.0.2\spring-boot-starter-3.0.2.jar;D:\maven_jar\org\springframework\boot\spring-boot-starter-logging\3.0.2\spring-boot-starter-logging-3.0.2.jar;D:\maven_jar\ch\qos\logback\logback-classic\1.4.5\logback-classic-1.4.5.jar;D:\maven_jar\ch\qos\logback\logback-core\1.4.5\logback-core-1.4.5.jar;D:\maven_jar\org\apache\logging\log4j\log4j-to-slf4j\2.19.0\log4j-to-slf4j-2.19.0.jar;D:\maven_jar\org\apache\logging\log4j\log4j-api\2.19.0\log4j-api-2.19.0.jar;D:\maven_jar\org\slf4j\jul-to-slf4j\2.0.6\jul-to-slf4j-2.0.6.jar;D:\maven_jar\org\springframework\security\spring-security-rsa\1.0.11.RELEASE\spring-security-rsa-1.0.11.RELEASE.jar;D:\maven_jar\org\bouncycastle\bcpkix-jdk15on\1.69\bcpkix-jdk15on-1.69.jar;D:\maven_jar\org\bouncycastle\bcprov-jdk15on\1.69\bcprov-jdk15on-1.69.jar;D:\maven_jar\org\bouncycastle\bcutil-jdk15on\1.69\bcutil-jdk15on-1.69.jar;D:\maven_jar\org\springframework\cloud\spring-cloud-gateway-server\4.0.0\spring-cloud-gateway-server-4.0.0.jar;D:\maven_jar\org\springframework\boot\spring-boot-starter-validation\3.0.2\spring-boot-starter-validation-3.0.2.jar;D:\maven_jar\org\apache\tomcat\embed\tomcat-embed-el\10.1.5\tomcat-embed-el-10.1.5.jar;D:\maven_jar\org\hibernate\validator\hibernate-validator\8.0.0.Final\hibernate-validator-8.0.0.Final.jar;D:\maven_jar\jakarta\validation\jakarta.validation-api\3.0.2\jakarta.validation-api-3.0.2.jar;D:\maven_jar\org\jboss\logging\jboss-logging\3.5.0.Final\jboss-logging-3.5.0.Final.jar;D:\maven_jar\com\fasterxml\classmate\1.5.1\classmate-1.5.1.jar;D:\maven_jar\io\projectreactor\addons\reactor-extra\3.5.0\reactor-extra-3.5.0.jar;D:\maven_jar\org\springframework\boot\spring-boot
Launcher Type: SUN_STANDARD

[Global flags]
     intx CICompilerCount                          = 12                                        {product} {ergonomic}
     uint ConcGCThreads                            = 4                                         {product} {ergonomic}
     uint G1ConcRefinementThreads                  = 15                                        {product} {ergonomic}
   size_t G1HeapRegionSize                         = 2097152                                   {product} {ergonomic}
    uintx GCDrainStackTargetSize                   = 64                                        {product} {ergonomic}
   size_t InitialHeapSize                          = 264241152                                 {product} {ergonomic}
     bool ManagementServer                         = true                                      {product} {command line}
   size_t MarkStackSize                            = 4194304                                   {product} {ergonomic}
   size_t MaxHeapSize                              = 4223664128                                {product} {ergonomic}
   size_t MaxNewSize                               = 2533359616                                {product} {ergonomic}
   size_t MinHeapDeltaBytes                        = 2097152                                   {product} {ergonomic}
   size_t MinHeapSize                              = 8388608                                   {product} {ergonomic}
    uintx NonProfiledCodeHeapSize                  = 0                                      {pd product} {ergonomic}
     bool ProfileInterpreter                       = false                                  {pd product} {command line}
    uintx ProfiledCodeHeapSize                     = 0                                      {pd product} {ergonomic}
   size_t SoftMaxHeapSize                          = 4223664128                             {manageable} {ergonomic}
     intx TieredStopAtLevel                        = 1                                         {product} {command line}
     bool UseCompressedClassPointers               = true                           {product lp64_product} {ergonomic}
     bool UseCompressedOops                        = true                           {product lp64_product} {ergonomic}
     bool UseG1GC                                  = true                                      {product} {ergonomic}
     bool UseLargePagesIndividualAllocation        = false                                  {pd product} {ergonomic}

Logging:
Log output configuration:
 #0: stdout all=warning uptime,level,tags
 #1: stderr all=off uptime,level,tags

Environment Variables:
JAVA_HOME=D:\Downloads\Java\jdk-18.0.2.1
PATH=D:\Downloads\VMware\VMware Workstation\bin\;D:\Downloads\Java\jdk-18.0.2.1\bin;C:\Windows\system32;C:\Windows;C:\Windows\System32\Wbem;C:\Windows\System32\WindowsPowerShell\v1.0\;C:\Windows\System32\OpenSSH\;C:\Program Files (x86)\NVIDIA Corporation\PhysX\Common;C:\Program Files\NVIDIA Corporation\NVIDIA NvDLISR;C:\WINDOWS\system32;C:\WINDOWS;C:\WINDOWS\System32\Wbem;C:\WINDOWS\System32\WindowsPowerShell\v1.0\;C:\WINDOWS\System32\OpenSSH\;C:\Program Files\Microsoft SQL Server\150\Tools\Binn\;C:\Program Files\Bandizip\;D:\Downloads\web\dll;%NVM_H;ME%;D:\Downloads\nodejs;D:\Downloads\nodejs\node_global;D:\Downloads\redis5;D:\Downloads\Git\cmd;D:\Downloads\flutter\bin;D:\Downloads\Android\Sdk\tools;D:\Downloads\Android\Sdk\platform-tools;C:\Program Files\Docker\Docker\resources\bin;D:\Downloads\nvm\v18.15.0\node_global;D:\Downloads\MySQL\MySQL Shell 8.0\bin\;C:\Users\17161\AppData\Local\Microsoft\WindowsApps;D:\Downloads\Microsoft VS Code\bin;D:\Downloads\apache-maven-3.9.0-bin\apache-maven-3.9.0\bin;D:\IntelliJ IDEA 2022.3.2\bin;;D:\Downloads\nvm;D:\Downloads\nodejs;D:\Downloads\WebStorm 2023.1\bin;;C:\Users\17161\AppData\Local\Programs\oh-my-posh\bin
USERNAME=17161
OS=Windows_NT
PROCESSOR_IDENTIFIER=Intel64 Family 6 Model 154 Stepping 3, GenuineIntel
TMP=C:\Users\17161\AppData\Local\Temp
TEMP=C:\Users\17161\AppData\Local\Temp



---------------  S Y S T E M  ---------------

OS:
 Windows 11 , 64 bit Build 22621 (10.0.22621.2506)
OS uptime: 2 days 22:35 hours
Hyper-V role detected

CPU: total 20 (initial active 20) (10 cores per cpu, 2 threads per core) family 6 model 154 stepping 3 microcode 0x413, cx8, cmov, fxsr, ht, mmx, 3dnowpref, sse, sse2, sse3, ssse3, sse4.1, sse4.2, popcnt, lzcnt, tsc, tscinvbit, avx, avx2, aes, erms, clmul, bmi1, bmi2, adx, sha, fma, vzeroupper, clflush, clflushopt, clwb, hv
Processor Information for processor 0
  Max Mhz: 2300, Current Mhz: 2300, Mhz Limit: 2300
Processor Information for processor 1
  Max Mhz: 2300, Current Mhz: 2300, Mhz Limit: 2300
Processor Information for processor 2
  Max Mhz: 2300, Current Mhz: 2300, Mhz Limit: 2300
Processor Information for processor 3
  Max Mhz: 2300, Current Mhz: 2300, Mhz Limit: 2300
Processor Information for processor 4
  Max Mhz: 2300, Current Mhz: 2300, Mhz Limit: 2300
Processor Information for processor 5
  Max Mhz: 2300, Current Mhz: 2300, Mhz Limit: 2300
Processor Information for processor 6
  Max Mhz: 2300, Current Mhz: 2300, Mhz Limit: 2300
Processor Information for processor 7
  Max Mhz: 2300, Current Mhz: 2300, Mhz Limit: 2300
Processor Information for processor 8
  Max Mhz: 2300, Current Mhz: 2300, Mhz Limit: 2300
Processor Information for processor 9
  Max Mhz: 2300, Current Mhz: 2300, Mhz Limit: 2300
Processor Information for processor 10
  Max Mhz: 2300, Current Mhz: 2300, Mhz Limit: 2300
Processor Information for processor 11
  Max Mhz: 2300, Current Mhz: 2300, Mhz Limit: 2300
Processor Information for processor 12
  Max Mhz: 2300, Current Mhz: 1700, Mhz Limit: 1679
Processor Information for processor 13
  Max Mhz: 2300, Current Mhz: 1700, Mhz Limit: 1679
Processor Information for processor 14
  Max Mhz: 2300, Current Mhz: 1700, Mhz Limit: 1679
Processor Information for processor 15
  Max Mhz: 2300, Current Mhz: 1500, Mhz Limit: 1679
Processor Information for processor 16
  Max Mhz: 2300, Current Mhz: 1500, Mhz Limit: 1679
Processor Information for processor 17
  Max Mhz: 2300, Current Mhz: 1700, Mhz Limit: 1679
Processor Information for processor 18
  Max Mhz: 2300, Current Mhz: 1700, Mhz Limit: 1679
Processor Information for processor 19
  Max Mhz: 2300, Current Mhz: 1700, Mhz Limit: 1679

Memory: 4k page, system-wide physical 16108M (376M free)
TotalPageFile size 35178M (AvailPageFile size 333M)
current process WorkingSet (physical memory assigned to process): 545M, peak: 545M
current process commit charge ("private bytes"): 821M, peak: 1350M

vm_info: OpenJDK 64-Bit Server VM (17.0.8.1+1) for windows-amd64 JRE (17.0.8.1+1), built on Aug 23 2023 15:29:17 by "admin" with MS VC++ 16.7 (VS2019)

END.
